{
	"emergency":	{
		"last_keepalived":	"Wed Mar 07 12:27:29 2012",
		"last_event":	"Server failure/Server shutdown"
	},
	"supplies":	{
		"medicine":	{
			"antibiotics":	1,
			"analgesics":	100,
			"bandages":	100
		},
		"food":	{
			"vegetables":	200,
			"fruits":	150,
			"COMIDA":	1,
			"comida":	123,
			"AAA":	123,
			"agua":	123,
			"agua2":	123
		}
	},
	"alerts":	{
		"EAST":	1,
		"WEST":	1,
		"SOUTH":	1,
		"NORTH":	"2"
	}
}Sun May 12 14:52:42, NORTH ENTRY, 363.0 °C

Sun May 12 14:52:42, EAST ENTRY, 363.0 °C

Sun May 12 14:52:42, WEST ENTRY, 363.0 °C

Sun May 12 14:52:42, SOUTH ENTRY, 363.0 °C

Sun May 12 14:52:44, NORTH ENTRY, 366.0 °C

Sun May 12 14:52:44, EAST ENTRY, 366.0 °C

Sun May 12 14:52:44, WEST ENTRY, 366.0 °C

Sun May 12 14:52:44, SOUTH ENTRY, 366.0 °C

Sun May 12 14:52:46, NORTH ENTRY, 375.0 °C

Sun May 12 14:52:46, EAST ENTRY, 375.0 °C

Sun May 12 14:52:46, WEST ENTRY, 375.0 °C

Sun May 12 14:52:46, SOUTH ENTRY, 375.0 °C

Sun May 12 14:52:48, NORTH ENTRY, 388.0 °C

Sun May 12 14:52:48, EAST ENTRY, 388.0 °C

Sun May 12 14:52:48, WEST ENTRY, 388.0 °C

Sun May 12 14:52:48, SOUTH ENTRY, 388.0 °C

Sun May 12 14:52:50, NORTH ENTRY, 395.0 °C

Sun May 12 14:52:50, EAST ENTRY, 395.0 °C

Sun May 12 14:52:50, WEST ENTRY, 395.0 °C

Sun May 12 14:52:50, SOUTH ENTRY, 395.0 °C

Sun May 12 14:53:21, NORTH ENTRY, 392.0 °C

Sun May 12 14:53:21, EAST ENTRY, 392.0 °C

Sun May 12 14:53:21, WEST ENTRY, 392.0 °C

Sun May 12 14:53:21, SOUTH ENTRY, 392.0 °C

Sun May 12 14:53:23, NORTH ENTRY, 364.0 °C

Sun May 12 14:53:23, EAST ENTRY, 364.0 °C

Sun May 12 14:53:23, WEST ENTRY, 364.0 °C

Sun May 12 14:53:23, SOUTH ENTRY, 364.0 °C

Sun May 12 14:53:25, NORTH ENTRY, 360.0 °C

Sun May 12 14:53:25, EAST ENTRY, 360.0 °C

Sun May 12 14:53:25, WEST ENTRY, 360.0 °C

Sun May 12 14:53:25, SOUTH ENTRY, 360.0 °C

Sun May 12 14:53:27, NORTH ENTRY, 372.0 °C

Sun May 12 14:53:27, EAST ENTRY, 372.0 °C

Sun May 12 14:53:27, WEST ENTRY, 372.0 °C

Sun May 12 14:54:09, NORTH ENTRY, 372.0 °C

Sun May 12 14:54:12, EAST ENTRY, 396.0 °C

Sun May 12 14:54:13, WEST ENTRY, 397.0 °C

Sun May 12 14:54:14, SOUTH ENTRY, 377.0 °C

Sun May 12 15:00:29, NORTH ENTRY, 382.0 °C

Sun May 12 15:00:29, EAST ENTRY, 382.0 °C

Sun May 12 15:00:29, WEST ENTRY, 382.0 °C

Sun May 12 15:00:29, SOUTH ENTRY, 382.0 °C

Sun May 12 15:00:51, NORTH ENTRY, 398.0 °C

Sun May 12 15:00:51, EAST ENTRY, 398.0 °C

Sun May 12 15:00:51, WEST ENTRY, 398.0 °C

Sun May 12 15:00:51, SOUTH ENTRY, 398.0 °C

Sun May 12 15:02:16, NORTH ENTRY, 396.0 °C

Sun May 12 15:02:16, EAST ENTRY, 396.0 °C

Sun May 12 15:02:16, WEST ENTRY, 396.0 °C

Sun May 12 15:02:16, SOUTH ENTRY, 396.0 °C

Sun May 12 15:02:50, NORTH ENTRY, 382.0 °C

Sun May 12 15:05:25, EAST ENTRY, 363.0 °C

Sun May 12 15:05:27, WEST ENTRY, 370.0 °C

Sun May 12 15:05:28, SOUTH ENTRY, 395.0 °C

Sun May 12 15:08:34, NORTH ENTRY, 395.0 °C

Sun May 12 15:08:34, EAST ENTRY, 395.0 °C

Sun May 12 15:08:34, WEST ENTRY, 395.0 °C

Sun May 12 15:08:34, SOUTH ENTRY, 395.0 °C

Sun May 12 15:08:36, NORTH ENTRY, 384.0 °C

Sun May 12 15:08:36, EAST ENTRY, 384.0 °C

Sun May 12 15:08:36, WEST ENTRY, 384.0 °C

Sun May 12 15:08:36, SOUTH ENTRY, 384.0 °C

Sun May 12 15:08:38, NORTH ENTRY, 397.0 °C

Sun May 12 15:08:38, EAST ENTRY, 397.0 °C

Sun May 12 15:08:38, WEST ENTRY, 397.0 °C

Sun May 12 15:08:38, SOUTH ENTRY, 397.0 °C

Sun May 12 15:08:40, NORTH ENTRY, 360.0 °C

Sun May 12 15:08:40, EAST ENTRY, 360.0 °C

Sun May 12 15:08:40, WEST ENTRY, 360.0 °C

Sun May 12 15:08:40, SOUTH ENTRY, 360.0 °C

Sun May 12 15:08:42, NORTH ENTRY, 370.0 °C

Sun May 12 15:08:42, EAST ENTRY, 370.0 °C

Sun May 12 15:08:42, WEST ENTRY, 370.0 °C

Sun May 12 15:08:42, SOUTH ENTRY, 370.0 °C

Sun May 12 15:11:04, NORTH ENTRY, 376.0 °C

Sun May 12 15:12:15, NORTH ENTRY, 370.0 °C

Sun May 12 15:13:37, NORTH ENTRY, 386.0 °C

Sun May 12 15:14:20, NORTH ENTRY, 375.0 °C

Sun May 12 15:15:17, EAST ENTRY, 398.0 °C

Sun May 12 15:15:17, EAST ENTRY, 398.0 °C

Sun May 12 15:15:17, EAST ENTRY, 398.0 °C

Sun May 12 15:15:17, WEST ENTRY, 398.0 °C

Sun May 12 15:15:17, WEST ENTRY, 398.0 °C

Sun May 12 15:15:17, WEST ENTRY, 398.0 °C

Sun May 12 15:20:10, NORTH ENTRY, 398.0 °C

Sun May 12 15:20:19, SOUTH ENTRY, 372.0 °C

Sun May 12 15:20:19, SOUTH ENTRY, 372.0 °C

Sun May 12 15:20:19, SOUTH ENTRY, 372.0 °C

Sun May 12 15:20:19, EAST ENTRY, 372.0 °C

Sun May 12 15:20:19, WEST ENTRY, 372.0 °C

Sun May 12 15:20:19, SOUTH ENTRY, 372.0 °C

Sun May 12 15:20:21, NORTH ENTRY, 378.0 °C

Sun May 12 15:20:21, NORTH ENTRY, 378.0 °C

Sun May 12 15:20:21, NORTH ENTRY, 378.0 °C

Sun May 12 15:20:21, NORTH ENTRY, 378.0 °C

Sun May 12 15:20:21, NORTH ENTRY, 378.0 °C

Sun May 12 15:20:21, EAST ENTRY, 378.0 °C

Sun May 12 15:20:21, EAST ENTRY, 378.0 °C

Sun May 12 15:20:21, EAST ENTRY, 378.0 °C

Sun May 12 15:20:21, EAST ENTRY, 378.0 °C

Sun May 12 15:20:21, EAST ENTRY, 378.0 °C

Sun May 12 15:20:21, WEST ENTRY, 378.0 °C

Sun May 12 15:20:21, WEST ENTRY, 378.0 °C

Sun May 12 15:20:21, SOUTH ENTRY, 378.0 °C

Sun May 12 15:20:21, WEST ENTRY, 378.0 °C

Sun May 12 15:20:21, SOUTH ENTRY, 378.0 °C

Sun May 12 15:20:21, WEST ENTRY, 378.0 °C

Sun May 12 15:20:21, SOUTH ENTRY, 378.0 °C

Sun May 12 15:20:21, SOUTH ENTRY, 378.0 °C

Sun May 12 15:20:21, WEST ENTRY, 378.0 °C

Sun May 12 15:20:21, SOUTH ENTRY, 378.0 °C

Sun May 12 15:20:23, NORTH ENTRY, 365.0 °C

Sun May 12 15:20:23, NORTH ENTRY, 365.0 °C

Sun May 12 15:20:23, NORTH ENTRY, 365.0 °C

Sun May 12 15:20:23, EAST ENTRY, 365.0 °C

Sun May 12 15:20:23, NORTH ENTRY, 365.0 °C

Sun May 12 15:20:23, EAST ENTRY, 365.0 °C

Sun May 12 15:20:23, EAST ENTRY, 365.0 °C

Sun May 12 15:20:23, NORTH ENTRY, 365.0 °C

Sun May 12 15:20:23, WEST ENTRY, 365.0 °C

Sun May 12 15:20:23, WEST ENTRY, 365.0 °C

Sun May 12 15:20:23, WEST ENTRY, 365.0 °C

Sun May 12 15:20:23, EAST ENTRY, 365.0 °C

Sun May 12 15:20:23, EAST ENTRY, 365.0 °C

Sun May 12 15:20:23, SOUTH ENTRY, 365.0 °C

Sun May 12 15:20:23, WEST ENTRY, 365.0 °C

Sun May 12 15:20:23, WEST ENTRY, 365.0 °C

Sun May 12 15:20:23, SOUTH ENTRY, 365.0 °C

Sun May 12 15:20:23, SOUTH ENTRY, 365.0 °C

Sun May 12 15:20:23, SOUTH ENTRY, 365.0 °C

Sun May 12 15:20:23, SOUTH ENTRY, 365.0 °C

Sun May 12 15:20:25, NORTH ENTRY, 362.0 °C

Sun May 12 15:20:25, NORTH ENTRY, 362.0 °C

Sun May 12 15:20:25, NORTH ENTRY, 362.0 °C

Sun May 12 15:20:25, EAST ENTRY, 362.0 °C

Sun May 12 15:20:25, EAST ENTRY, 362.0 °C

Sun May 12 15:20:25, EAST ENTRY, 362.0 °C

Sun May 12 15:20:25, NORTH ENTRY, 362.0 °C

Sun May 12 15:20:25, WEST ENTRY, 362.0 °C

Sun May 12 15:20:25, SOUTH ENTRY, 362.0 °C

Sun May 12 15:20:25, EAST ENTRY, 362.0 °C

Sun May 12 15:20:25, WEST ENTRY, 362.0 °C

Sun May 12 15:20:25, SOUTH ENTRY, 362.0 °C

Sun May 12 15:20:25, WEST ENTRY, 362.0 °C

Sun May 12 15:20:25, WEST ENTRY, 362.0 °C

Sun May 12 15:20:25, SOUTH ENTRY, 362.0 °C

Sun May 12 15:20:25, SOUTH ENTRY, 362.0 °C

Sun May 12 15:20:25, NORTH ENTRY, 362.0 °C

Sun May 12 15:20:25, EAST ENTRY, 362.0 °C

Sun May 12 15:20:25, WEST ENTRY, 362.0 °C

Sun May 12 15:20:25, SOUTH ENTRY, 362.0 °C

Sun May 12 15:20:27, NORTH ENTRY, 371.0 °C

Sun May 12 15:20:27, NORTH ENTRY, 371.0 °C

Sun May 12 15:20:27, NORTH ENTRY, 371.0 °C

Sun May 12 15:20:27, NORTH ENTRY, 371.0 °C

Sun May 12 15:20:27, EAST ENTRY, 371.0 °C

Sun May 12 15:20:27, EAST ENTRY, 371.0 °C

Sun May 12 15:20:27, EAST ENTRY, 371.0 °C

Sun May 12 15:20:27, EAST ENTRY, 371.0 °C

Sun May 12 15:20:27, WEST ENTRY, 371.0 °C

Sun May 12 15:20:27, SOUTH ENTRY, 371.0 °C

Sun May 12 15:20:27, WEST ENTRY, 371.0 °C

Sun May 12 15:20:27, WEST ENTRY, 371.0 °C

Sun May 12 15:20:27, WEST ENTRY, 371.0 °C

Sun May 12 15:20:27, NORTH ENTRY, 371.0 °C

Sun May 12 15:20:27, EAST ENTRY, 371.0 °C

Sun May 12 15:20:27, SOUTH ENTRY, 371.0 °C

Sun May 12 15:20:27, WEST ENTRY, 371.0 °C

Sun May 12 15:20:27, SOUTH ENTRY, 371.0 °C

Sun May 12 15:20:27, SOUTH ENTRY, 371.0 °C

Sun May 12 15:20:27, SOUTH ENTRY, 371.0 °C

Sun May 12 15:20:29, NORTH ENTRY, 380.0 °C

Sun May 12 15:20:29, NORTH ENTRY, 380.0 °C

Sun May 12 15:20:29, EAST ENTRY, 380.0 °C

Sun May 12 15:20:29, EAST ENTRY, 380.0 °C

Sun May 12 15:20:29, NORTH ENTRY, 380.0 °C

Sun May 12 15:20:29, NORTH ENTRY, 380.0 °C

Sun May 12 15:20:29, WEST ENTRY, 380.0 °C

Sun May 12 15:20:29, WEST ENTRY, 380.0 °C

Sun May 12 15:20:29, NORTH ENTRY, 380.0 °C

Sun May 12 15:20:29, EAST ENTRY, 380.0 °C

Sun May 12 15:20:29, SOUTH ENTRY, 380.0 °C

Sun May 12 15:20:29, SOUTH ENTRY, 380.0 °C

Sun May 12 15:20:29, EAST ENTRY, 380.0 °C

Sun May 12 15:20:29, EAST ENTRY, 380.0 °C

Sun May 12 15:20:29, WEST ENTRY, 380.0 °C

Sun May 12 15:20:29, WEST ENTRY, 380.0 °C

Sun May 12 15:20:29, SOUTH ENTRY, 380.0 °C

Sun May 12 15:20:29, WEST ENTRY, 380.0 °C

Sun May 12 15:20:29, SOUTH ENTRY, 380.0 °C

Sun May 12 15:20:29, SOUTH ENTRY, 380.0 °C

Sun May 12 15:20:31, NORTH ENTRY, 372.0 °C

Sun May 12 15:20:31, NORTH ENTRY, 372.0 °C

Sun May 12 15:20:31, EAST ENTRY, 372.0 °C

Sun May 12 15:20:31, EAST ENTRY, 372.0 °C

Sun May 12 15:20:31, NORTH ENTRY, 372.0 °C

Sun May 12 15:20:31, NORTH ENTRY, 372.0 °C

Sun May 12 15:20:31, NORTH ENTRY, 372.0 °C

Sun May 12 15:20:31, EAST ENTRY, 372.0 °C

Sun May 12 15:20:31, WEST ENTRY, 372.0 °C

Sun May 12 15:20:31, WEST ENTRY, 372.0 °C

Sun May 12 15:20:31, WEST ENTRY, 372.0 °C

Sun May 12 15:20:31, SOUTH ENTRY, 372.0 °C

Sun May 12 15:20:31, SOUTH ENTRY, 372.0 °C

Sun May 12 15:20:31, SOUTH ENTRY, 372.0 °C

Sun May 12 15:20:31, EAST ENTRY, 372.0 °C

Sun May 12 15:20:31, EAST ENTRY, 372.0 °C

Sun May 12 15:20:31, WEST ENTRY, 372.0 °C

Sun May 12 15:20:31, WEST ENTRY, 372.0 °C

Sun May 12 15:20:31, SOUTH ENTRY, 372.0 °C

Sun May 12 15:20:31, SOUTH ENTRY, 372.0 °C

Sun May 12 15:20:33, NORTH ENTRY, 378.0 °C

Sun May 12 15:20:33, NORTH ENTRY, 378.0 °C

Sun May 12 15:20:33, NORTH ENTRY, 378.0 °C

Sun May 12 15:20:33, NORTH ENTRY, 378.0 °C

Sun May 12 15:20:33, NORTH ENTRY, 378.0 °C

Sun May 12 15:20:33, EAST ENTRY, 378.0 °C

Sun May 12 15:20:33, EAST ENTRY, 378.0 °C

Sun May 12 15:20:33, EAST ENTRY, 378.0 °C

Sun May 12 15:20:33, EAST ENTRY, 378.0 °C

Sun May 12 15:20:33, WEST ENTRY, 378.0 °C

Sun May 12 15:20:33, WEST ENTRY, 378.0 °C

Sun May 12 15:20:33, WEST ENTRY, 378.0 °C

Sun May 12 15:20:33, EAST ENTRY, 378.0 °C

Sun May 12 15:20:33, WEST ENTRY, 378.0 °C

Sun May 12 15:20:33, SOUTH ENTRY, 378.0 °C

Sun May 12 15:20:33, SOUTH ENTRY, 378.0 °C

Sun May 12 15:20:33, WEST ENTRY, 378.0 °C

Sun May 12 15:20:33, SOUTH ENTRY, 378.0 °C

Sun May 12 15:20:33, SOUTH ENTRY, 378.0 °C

Sun May 12 15:20:33, SOUTH ENTRY, 378.0 °C

Sun May 12 15:20:35, NORTH ENTRY, 373.0 °C

Sun May 12 15:20:35, NORTH ENTRY, 373.0 °C

Sun May 12 15:20:35, NORTH ENTRY, 373.0 °C

Sun May 12 15:20:35, NORTH ENTRY, 373.0 °C

Sun May 12 15:20:35, EAST ENTRY, 373.0 °C

Sun May 12 15:20:35, EAST ENTRY, 373.0 °C

Sun May 12 15:20:35, EAST ENTRY, 373.0 °C

Sun May 12 15:20:35, EAST ENTRY, 373.0 °C

Sun May 12 15:20:35, WEST ENTRY, 373.0 °C

Sun May 12 15:20:35, NORTH ENTRY, 373.0 °C

Sun May 12 15:20:35, SOUTH ENTRY, 373.0 °C

Sun May 12 15:20:35, EAST ENTRY, 373.0 °C

Sun May 12 15:20:35, WEST ENTRY, 373.0 °C

Sun May 12 15:20:35, WEST ENTRY, 373.0 °C

Sun May 12 15:20:35, WEST ENTRY, 373.0 °C

Sun May 12 15:20:35, SOUTH ENTRY, 373.0 °C

Sun May 12 15:20:35, WEST ENTRY, 373.0 °C

Sun May 12 15:20:35, SOUTH ENTRY, 373.0 °C

Sun May 12 15:20:35, SOUTH ENTRY, 373.0 °C

Sun May 12 15:20:35, SOUTH ENTRY, 373.0 °C

Sun May 12 15:20:37, NORTH ENTRY, 397.0 °C

Sun May 12 15:20:37, NORTH ENTRY, 397.0 °C

Sun May 12 15:20:37, NORTH ENTRY, 397.0 °C

Sun May 12 15:20:37, NORTH ENTRY, 397.0 °C

Sun May 12 15:20:37, NORTH ENTRY, 397.0 °C

Sun May 12 15:21:05, NORTH ENTRY, 391.0 °C

Sun May 12 15:21:29, EAST ENTRY, 367.0 °C

Sun May 12 18:06:54, NORTH ENTRY, 391.0 °C

Sun May 12 18:06:54, EAST ENTRY, 391.0 °C

Sun May 12 18:06:54, WEST ENTRY, 391.0 °C

Sun May 12 18:06:54, SOUTH ENTRY, 391.0 °C

Sun May 12 18:06:56, NORTH ENTRY, 362.0 °C

Sun May 12 18:06:56, EAST ENTRY, 362.0 °C

Sun May 12 18:06:56, WEST ENTRY, 362.0 °C

Sun May 12 18:06:56, SOUTH ENTRY, 362.0 °C

Sun May 12 18:06:58, NORTH ENTRY, 374.0 °C

Sun May 12 18:06:58, EAST ENTRY, 374.0 °C

Sun May 12 18:06:58, WEST ENTRY, 374.0 °C

Sun May 12 18:06:58, SOUTH ENTRY, 374.0 °C

Sun May 12 18:07:37, NORTH ENTRY, 364.0 °C

Sun May 12 18:07:37, EAST ENTRY, 364.0 °C

Sun May 12 18:07:37, WEST ENTRY, 364.0 °C

Sun May 12 18:07:37, SOUTH ENTRY, 364.0 °C

Sun May 12 18:07:39, NORTH ENTRY, 369.0 °C

Sun May 12 18:07:39, EAST ENTRY, 369.0 °C

Sun May 12 18:07:39, WEST ENTRY, 369.0 °C

Sun May 12 18:07:39, SOUTH ENTRY, 369.0 °C

Sun May 12 18:07:41, NORTH ENTRY, 376.0 °C

Sun May 12 18:07:41, EAST ENTRY, 376.0 °C

Sun May 12 18:07:41, WEST ENTRY, 376.0 °C

Sun May 12 18:07:41, SOUTH ENTRY, 376.0 °C

Sun May 12 18:07:43, NORTH ENTRY, 391.0 °C

Sun May 12 18:07:43, EAST ENTRY, 391.0 °C

Sun May 12 18:07:43, WEST ENTRY, 391.0 °C

Sun May 12 18:07:43, SOUTH ENTRY, 391.0 °C

Sun May 12 18:07:45, NORTH ENTRY, 371.0 °C

Sun May 12 18:07:45, EAST ENTRY, 371.0 °C

Sun May 12 18:07:45, WEST ENTRY, 371.0 °C

Sun May 12 18:07:45, SOUTH ENTRY, 371.0 °C

Sun May 12 18:09:28, NORTH ENTRY, 384.0 °C

Sun May 12 18:09:28, EAST ENTRY, 384.0 °C

Sun May 12 18:09:28, WEST ENTRY, 384.0 °C

Sun May 12 18:09:28, SOUTH ENTRY, 384.0 °C

Sun May 12 18:09:30, NORTH ENTRY, 366.0 °C

Sun May 12 18:09:30, EAST ENTRY, 366.0 °C

Sun May 12 18:09:30, WEST ENTRY, 366.0 °C

Sun May 12 18:09:30, SOUTH ENTRY, 366.0 °C

Sun May 12 18:10:38, NORTH ENTRY, 363.0 °C

Sun May 12 18:10:38, EAST ENTRY, 363.0 °C

Sun May 12 18:10:38, WEST ENTRY, 363.0 °C

Sun May 12 18:10:38, SOUTH ENTRY, 363.0 °C

Sun May 12 18:10:40, NORTH ENTRY, 391.0 °C

Sun May 12 18:10:40, EAST ENTRY, 391.0 °C

Sun May 12 18:10:40, WEST ENTRY, 391.0 °C

Sun May 12 18:10:40, SOUTH ENTRY, 391.0 °C

Sun May 12 18:10:42, NORTH ENTRY, 399.0 °C

Sun May 12 18:10:42, EAST ENTRY, 399.0 °C

Sun May 12 18:10:42, WEST ENTRY, 399.0 °C

Sun May 12 18:10:42, SOUTH ENTRY, 399.0 °C

