2024.04.23 00:24:51 INFO  ce[][o.s.c.t.CeWorkerImpl] Execute task | project=monitoringApplication | type=REPORT | id=AY8I_Bv1R8ILjeFf37qL | submitter=admin
2024.04.23 00:24:51 INFO  ce[AY8I_Bv1R8ILjeFf37qL][o.s.c.t.s.ComputationStepExecutor] Extract report | status=SUCCESS | time=9ms
2024.04.23 00:24:51 INFO  ce[AY8I_Bv1R8ILjeFf37qL][o.s.c.t.s.ComputationStepExecutor] Persist scanner context | status=SUCCESS | time=21ms
2024.04.23 00:24:51 INFO  ce[AY8I_Bv1R8ILjeFf37qL][o.s.c.t.s.ComputationStepExecutor] Propagate analysis warnings from scanner report | status=SUCCESS | time=16ms
2024.04.23 00:24:51 INFO  ce[AY8I_Bv1R8ILjeFf37qL][o.s.c.t.s.ComputationStepExecutor] Generate analysis UUID | status=SUCCESS | time=0ms
2024.04.23 00:24:51 INFO  ce[AY8I_Bv1R8ILjeFf37qL][o.s.c.t.s.ComputationStepExecutor] Load analysis metadata | status=SUCCESS | time=40ms
2024.04.23 00:24:51 INFO  ce[AY8I_Bv1R8ILjeFf37qL][o.s.c.t.s.ComputationStepExecutor] Initialize | status=SUCCESS | time=0ms
2024.04.23 00:24:51 INFO  ce[AY8I_Bv1R8ILjeFf37qL][o.s.c.t.s.ComputationStepExecutor] Build tree of components | components=5 | status=SUCCESS | time=36ms
2024.04.23 00:24:51 INFO  ce[AY8I_Bv1R8ILjeFf37qL][o.s.c.t.s.ComputationStepExecutor] Validate project | status=SUCCESS | time=5ms
2024.04.23 00:24:52 INFO  ce[AY8I_Bv1R8ILjeFf37qL][o.s.s.e.EsClientProvider] Connected to local Elasticsearch: [http://localhost:9001]
2024.04.23 00:24:53 INFO  ce[AY8I_Bv1R8ILjeFf37qL][o.s.c.t.s.ComputationStepExecutor] Load quality profiles | status=SUCCESS | time=820ms
2024.04.23 00:24:53 INFO  ce[AY8I_Bv1R8ILjeFf37qL][o.s.c.t.s.ComputationStepExecutor] Load file hashes and statuses | status=SUCCESS | time=4ms
2024.04.23 00:24:53 INFO  ce[AY8I_Bv1R8ILjeFf37qL][o.s.c.t.s.ComputationStepExecutor] Load Quality gate | status=SUCCESS | time=8ms
2024.04.23 00:24:53 INFO  ce[AY8I_Bv1R8ILjeFf37qL][o.s.c.t.s.ComputationStepExecutor] Load new code period | status=SUCCESS | time=5ms
2024.04.23 00:24:53 INFO  ce[AY8I_Bv1R8ILjeFf37qL][o.s.c.t.s.ComputationStepExecutor] Detect file moves | status=SUCCESS | time=0ms
2024.04.23 00:24:53 INFO  ce[AY8I_Bv1R8ILjeFf37qL][o.s.c.t.s.ComputationStepExecutor] Load duplications | duplications=0 | status=SUCCESS | time=2ms
2024.04.23 00:24:53 INFO  ce[AY8I_Bv1R8ILjeFf37qL][o.s.c.t.s.ComputationStepExecutor] Compute cross project duplications | status=SUCCESS | time=0ms
2024.04.23 00:24:53 INFO  ce[AY8I_Bv1R8ILjeFf37qL][o.s.c.t.s.ComputationStepExecutor] Compute size measures | status=SUCCESS | time=7ms
2024.04.23 00:24:53 INFO  ce[AY8I_Bv1R8ILjeFf37qL][o.s.c.t.s.ComputationStepExecutor] Compute new coverage | status=SUCCESS | time=2ms
2024.04.23 00:24:53 INFO  ce[AY8I_Bv1R8ILjeFf37qL][o.s.c.t.s.ComputationStepExecutor] Compute coverage measures | status=SUCCESS | time=3ms
2024.04.23 00:24:53 INFO  ce[AY8I_Bv1R8ILjeFf37qL][o.s.c.t.s.ComputationStepExecutor] Compute comment measures | status=SUCCESS | time=1ms
2024.04.23 00:24:53 INFO  ce[AY8I_Bv1R8ILjeFf37qL][o.s.c.t.s.ComputationStepExecutor] Compute duplication measures | status=SUCCESS | time=0ms
2024.04.23 00:24:53 INFO  ce[AY8I_Bv1R8ILjeFf37qL][o.s.c.t.s.ComputationStepExecutor] Compute size measures on new code | status=SUCCESS | time=0ms
2024.04.23 00:24:53 INFO  ce[AY8I_Bv1R8ILjeFf37qL][o.s.c.t.s.ComputationStepExecutor] Compute language distribution | status=SUCCESS | time=9ms
2024.04.23 00:24:53 INFO  ce[AY8I_Bv1R8ILjeFf37qL][o.s.c.t.s.ComputationStepExecutor] Compute test measures | status=SUCCESS | time=0ms
2024.04.23 00:24:53 INFO  ce[AY8I_Bv1R8ILjeFf37qL][o.s.c.t.s.ComputationStepExecutor] Compute complexity measures | status=SUCCESS | time=2ms
2024.04.23 00:24:53 INFO  ce[AY8I_Bv1R8ILjeFf37qL][o.s.c.t.s.ComputationStepExecutor] Load measure computers | status=SUCCESS | time=3ms
2024.04.23 00:24:53 INFO  ce[AY8I_Bv1R8ILjeFf37qL][o.s.c.t.s.ComputationStepExecutor] Compute Quality Profile status | status=SUCCESS | time=4ms
2024.04.23 00:24:53 INFO  ce[AY8I_Bv1R8ILjeFf37qL][o.s.c.t.s.ComputationStepExecutor] Execute component visitors | status=SUCCESS | time=259ms
2024.04.23 00:24:53 INFO  ce[AY8I_Bv1R8ILjeFf37qL][o.s.c.t.s.ComputationStepExecutor] Checks executed after computation of measures | status=SUCCESS | time=0ms
2024.04.23 00:24:53 INFO  ce[AY8I_Bv1R8ILjeFf37qL][o.s.c.t.s.ComputationStepExecutor] Compute Quality Gate measures | status=SUCCESS | time=7ms
2024.04.23 00:24:53 INFO  ce[AY8I_Bv1R8ILjeFf37qL][o.s.c.t.s.ComputationStepExecutor] Compute Quality profile measures | status=SUCCESS | time=6ms
2024.04.23 00:24:53 INFO  ce[AY8I_Bv1R8ILjeFf37qL][o.s.c.t.s.ComputationStepExecutor] Generate Quality profile events | status=SUCCESS | time=1ms
2024.04.23 00:24:53 INFO  ce[AY8I_Bv1R8ILjeFf37qL][o.s.c.t.s.ComputationStepExecutor] Generate Quality gate events | status=SUCCESS | time=1ms
2024.04.23 00:24:53 INFO  ce[AY8I_Bv1R8ILjeFf37qL][o.s.c.t.s.ComputationStepExecutor] Check upgrade possibility for not analyzed code files. | status=SUCCESS | time=3ms
2024.04.23 00:24:53 INFO  ce[AY8I_Bv1R8ILjeFf37qL][o.s.c.t.s.ComputationStepExecutor] Persist scanner analysis cache | status=SUCCESS | time=0ms
2024.04.23 00:24:53 INFO  ce[AY8I_Bv1R8ILjeFf37qL][o.s.c.t.s.ComputationStepExecutor] Persist components | status=SUCCESS | time=18ms
2024.04.23 00:24:53 INFO  ce[AY8I_Bv1R8ILjeFf37qL][o.s.c.t.s.ComputationStepExecutor] Persist analysis | status=SUCCESS | time=2ms
2024.04.23 00:24:53 INFO  ce[AY8I_Bv1R8ILjeFf37qL][o.s.c.t.s.ComputationStepExecutor] Persist analysis properties | status=SUCCESS | time=4ms
2024.04.23 00:24:53 INFO  ce[AY8I_Bv1R8ILjeFf37qL][o.s.c.t.s.ComputationStepExecutor] Persist measures | inserts=63 | status=SUCCESS | time=10ms
2024.04.23 00:24:53 INFO  ce[AY8I_Bv1R8ILjeFf37qL][o.s.c.t.s.ComputationStepExecutor] Persist live measures | insertsOrUpdates=272 | status=SUCCESS | time=51ms
2024.04.23 00:24:53 INFO  ce[AY8I_Bv1R8ILjeFf37qL][o.s.c.t.s.ComputationStepExecutor] Persist duplication data | insertsOrUpdates=0 | status=SUCCESS | time=0ms
2024.04.23 00:24:53 INFO  ce[AY8I_Bv1R8ILjeFf37qL][o.s.c.t.s.ComputationStepExecutor] Persist new ad hoc Rules | status=SUCCESS | time=1ms
2024.04.23 00:24:53 INFO  ce[AY8I_Bv1R8ILjeFf37qL][o.s.c.t.s.ComputationStepExecutor] Persist issues | cacheSize=2.4 kB | inserts=5 | updates=0 | merged=0 | status=SUCCESS | time=7ms
2024.04.23 00:24:53 INFO  ce[AY8I_Bv1R8ILjeFf37qL][o.s.c.t.s.ComputationStepExecutor] Delete issue changes | changes=0 | status=SUCCESS | time=0ms
2024.04.23 00:24:53 INFO  ce[AY8I_Bv1R8ILjeFf37qL][o.s.c.t.s.ComputationStepExecutor] Persist project links | status=SUCCESS | time=3ms
2024.04.23 00:24:53 INFO  ce[AY8I_Bv1R8ILjeFf37qL][o.s.c.t.s.ComputationStepExecutor] Persist events | status=SUCCESS | time=5ms
2024.04.23 00:24:53 INFO  ce[AY8I_Bv1R8ILjeFf37qL][o.s.c.t.s.ComputationStepExecutor] Persist sources | status=SUCCESS | time=42ms
2024.04.23 00:24:53 INFO  ce[AY8I_Bv1R8ILjeFf37qL][o.s.c.t.s.ComputationStepExecutor] Persist cross project duplications | status=SUCCESS | time=0ms
2024.04.23 00:24:53 INFO  ce[AY8I_Bv1R8ILjeFf37qL][o.s.c.t.s.ComputationStepExecutor] Enable analysis | status=SUCCESS | time=1ms
2024.04.23 00:24:53 INFO  ce[AY8I_Bv1R8ILjeFf37qL][o.s.c.t.s.ComputationStepExecutor] Update last usage date of quality profiles | status=SUCCESS | time=7ms
2024.04.23 00:24:53 INFO  ce[AY8I_Bv1R8ILjeFf37qL][o.s.c.t.s.ComputationStepExecutor] Purge db | status=SUCCESS | time=76ms
2024.04.23 00:24:53 INFO  ce[AY8I_Bv1R8ILjeFf37qL][o.s.c.t.s.ComputationStepExecutor] Index analysis | status=SUCCESS | time=190ms
2024.04.23 00:24:53 INFO  ce[AY8I_Bv1R8ILjeFf37qL][o.s.c.t.s.ComputationStepExecutor] Update need issue sync for branch | status=SUCCESS | time=1ms
2024.04.23 00:24:53 INFO  ce[AY8I_Bv1R8ILjeFf37qL][o.s.c.t.s.ComputationStepExecutor] Publishing taint vulnerabilities events | status=SUCCESS | time=1ms
2024.04.23 00:24:53 INFO  ce[AY8I_Bv1R8ILjeFf37qL][o.s.c.t.s.ComputationStepExecutor] Send issue notifications | newIssuesNotifs=0 | newIssuesDeliveries=0 | myNewIssuesNotifs=0 | myNewIssuesDeliveries=0 | changesNotifs=0 | changesDeliveries=0 | status=SUCCESS | time=2ms
2024.04.23 00:24:53 INFO  ce[AY8I_Bv1R8ILjeFf37qL][o.s.c.t.s.ComputationStepExecutor] Publish task results | status=SUCCESS | time=1ms
2024.04.23 00:24:53 INFO  ce[AY8I_Bv1R8ILjeFf37qL][o.s.c.t.s.ComputationStepExecutor] Trigger refresh of Portfolios and Applications | status=SUCCESS | time=0ms
2024.04.23 00:24:53 INFO  ce[AY8I_Bv1R8ILjeFf37qL][o.s.c.t.p.a.p.PostProjectAnalysisTasksExecutor] Webhooks | globalWebhooks=0 | projectWebhooks=0 | status=SUCCESS | time=4ms
2024.04.23 00:24:53 INFO  ce[AY8I_Bv1R8ILjeFf37qL][o.s.c.t.CeWorkerImpl] Executed task | project=monitoringApplication | type=REPORT | id=AY8I_Bv1R8ILjeFf37qL | submitter=admin | status=SUCCESS | time=2371ms
2024.04.23 00:29:10 INFO  ce[][o.s.c.t.CeWorkerImpl] Execute task | project=monitoringApplication | type=REPORT | id=AY8JAA90R8ILjeFf37qM | submitter=admin
2024.04.23 00:29:10 INFO  ce[AY8JAA90R8ILjeFf37qM][o.s.c.t.s.ComputationStepExecutor] Extract report | status=SUCCESS | time=11ms
2024.04.23 00:29:10 INFO  ce[AY8JAA90R8ILjeFf37qM][o.s.c.t.s.ComputationStepExecutor] Persist scanner context | status=SUCCESS | time=2ms
2024.04.23 00:29:10 INFO  ce[AY8JAA90R8ILjeFf37qM][o.s.c.t.s.ComputationStepExecutor] Propagate analysis warnings from scanner report | status=SUCCESS | time=1ms
2024.04.23 00:29:10 INFO  ce[AY8JAA90R8ILjeFf37qM][o.s.c.t.s.ComputationStepExecutor] Generate analysis UUID | status=SUCCESS | time=0ms
2024.04.23 00:29:10 INFO  ce[AY8JAA90R8ILjeFf37qM][o.s.c.t.s.ComputationStepExecutor] Load analysis metadata | status=SUCCESS | time=1ms
2024.04.23 00:29:10 INFO  ce[AY8JAA90R8ILjeFf37qM][o.s.c.t.s.ComputationStepExecutor] Initialize | status=SUCCESS | time=0ms
2024.04.23 00:29:10 INFO  ce[AY8JAA90R8ILjeFf37qM][o.s.c.t.s.ComputationStepExecutor] Build tree of components | components=10 | status=SUCCESS | time=7ms
2024.04.23 00:29:10 INFO  ce[AY8JAA90R8ILjeFf37qM][o.s.c.t.s.ComputationStepExecutor] Validate project | status=SUCCESS | time=2ms
2024.04.23 00:29:11 INFO  ce[AY8JAA90R8ILjeFf37qM][o.s.c.t.s.ComputationStepExecutor] Load quality profiles | status=SUCCESS | time=644ms
2024.04.23 00:29:11 INFO  ce[AY8JAA90R8ILjeFf37qM][o.s.c.t.s.ComputationStepExecutor] Load file hashes and statuses | status=SUCCESS | time=3ms
2024.04.23 00:29:11 INFO  ce[AY8JAA90R8ILjeFf37qM][o.s.c.t.s.ComputationStepExecutor] Load Quality gate | status=SUCCESS | time=2ms
2024.04.23 00:29:11 INFO  ce[AY8JAA90R8ILjeFf37qM][o.s.c.t.s.ComputationStepExecutor] Load new code period | status=SUCCESS | time=2ms
2024.04.23 00:29:11 INFO  ce[AY8JAA90R8ILjeFf37qM][o.s.c.t.s.ComputationStepExecutor] Detect file moves | reportFiles=6 | dbFiles=2 | addedFiles=4 | status=SUCCESS | time=3ms
2024.04.23 00:29:11 INFO  ce[AY8JAA90R8ILjeFf37qM][o.s.c.t.s.ComputationStepExecutor] Load duplications | duplications=0 | status=SUCCESS | time=0ms
2024.04.23 00:29:11 INFO  ce[AY8JAA90R8ILjeFf37qM][o.s.c.t.s.ComputationStepExecutor] Compute cross project duplications | status=SUCCESS | time=0ms
2024.04.23 00:29:11 INFO  ce[AY8JAA90R8ILjeFf37qM][o.s.c.t.s.ComputationStepExecutor] Compute size measures | status=SUCCESS | time=2ms
2024.04.23 00:29:11 INFO  ce[AY8JAA90R8ILjeFf37qM][o.s.c.t.s.ComputationStepExecutor] Compute new coverage | status=SUCCESS | time=7ms
2024.04.23 00:29:11 INFO  ce[AY8JAA90R8ILjeFf37qM][o.s.c.t.s.ComputationStepExecutor] Compute coverage measures | status=SUCCESS | time=1ms
2024.04.23 00:29:11 INFO  ce[AY8JAA90R8ILjeFf37qM][o.s.c.t.s.ComputationStepExecutor] Compute comment measures | status=SUCCESS | time=0ms
2024.04.23 00:29:11 INFO  ce[AY8JAA90R8ILjeFf37qM][o.s.c.t.s.ComputationStepExecutor] Compute duplication measures | status=SUCCESS | time=1ms
2024.04.23 00:29:11 INFO  ce[AY8JAA90R8ILjeFf37qM][o.s.c.t.s.ComputationStepExecutor] Compute size measures on new code | status=SUCCESS | time=1ms
2024.04.23 00:29:11 INFO  ce[AY8JAA90R8ILjeFf37qM][o.s.c.t.s.ComputationStepExecutor] Compute language distribution | status=SUCCESS | time=1ms
2024.04.23 00:29:11 INFO  ce[AY8JAA90R8ILjeFf37qM][o.s.c.t.s.ComputationStepExecutor] Compute test measures | status=SUCCESS | time=0ms
2024.04.23 00:29:11 INFO  ce[AY8JAA90R8ILjeFf37qM][o.s.c.t.s.ComputationStepExecutor] Compute complexity measures | status=SUCCESS | time=1ms
2024.04.23 00:29:11 INFO  ce[AY8JAA90R8ILjeFf37qM][o.s.c.t.s.ComputationStepExecutor] Load measure computers | status=SUCCESS | time=0ms
2024.04.23 00:29:11 INFO  ce[AY8JAA90R8ILjeFf37qM][o.s.c.t.s.ComputationStepExecutor] Compute Quality Profile status | status=SUCCESS | time=3ms
2024.04.23 00:29:11 INFO  ce[AY8JAA90R8ILjeFf37qM][o.s.c.t.s.ComputationStepExecutor] Execute component visitors | status=SUCCESS | time=52ms
2024.04.23 00:29:11 INFO  ce[AY8JAA90R8ILjeFf37qM][o.s.c.t.s.ComputationStepExecutor] Checks executed after computation of measures | status=SUCCESS | time=0ms
2024.04.23 00:29:11 INFO  ce[AY8JAA90R8ILjeFf37qM][o.s.c.t.s.ComputationStepExecutor] Compute Quality Gate measures | status=SUCCESS | time=1ms
2024.04.23 00:29:11 INFO  ce[AY8JAA90R8ILjeFf37qM][o.s.c.t.s.ComputationStepExecutor] Compute Quality profile measures | status=SUCCESS | time=0ms
2024.04.23 00:29:11 INFO  ce[AY8JAA90R8ILjeFf37qM][o.s.c.t.s.ComputationStepExecutor] Generate Quality profile events | status=SUCCESS | time=2ms
2024.04.23 00:29:11 INFO  ce[AY8JAA90R8ILjeFf37qM][o.s.c.t.s.ComputationStepExecutor] Generate Quality gate events | status=SUCCESS | time=1ms
2024.04.23 00:29:11 INFO  ce[AY8JAA90R8ILjeFf37qM][o.s.c.t.s.ComputationStepExecutor] Check upgrade possibility for not analyzed code files. | status=SUCCESS | time=1ms
2024.04.23 00:29:11 INFO  ce[AY8JAA90R8ILjeFf37qM][o.s.c.t.s.ComputationStepExecutor] Persist scanner analysis cache | status=SUCCESS | time=1ms
2024.04.23 00:29:11 INFO  ce[AY8JAA90R8ILjeFf37qM][o.s.c.t.s.ComputationStepExecutor] Persist components | status=SUCCESS | time=5ms
2024.04.23 00:29:11 INFO  ce[AY8JAA90R8ILjeFf37qM][o.s.c.t.s.ComputationStepExecutor] Persist analysis | status=SUCCESS | time=1ms
2024.04.23 00:29:11 INFO  ce[AY8JAA90R8ILjeFf37qM][o.s.c.t.s.ComputationStepExecutor] Persist analysis properties | status=SUCCESS | time=1ms
2024.04.23 00:29:11 INFO  ce[AY8JAA90R8ILjeFf37qM][o.s.c.t.s.ComputationStepExecutor] Persist measures | inserts=68 | status=SUCCESS | time=3ms
2024.04.23 00:29:11 INFO  ce[AY8JAA90R8ILjeFf37qM][o.s.c.t.s.ComputationStepExecutor] Persist live measures | insertsOrUpdates=658 | status=SUCCESS | time=58ms
2024.04.23 00:29:11 INFO  ce[AY8JAA90R8ILjeFf37qM][o.s.c.t.s.ComputationStepExecutor] Persist duplication data | insertsOrUpdates=0 | status=SUCCESS | time=0ms
2024.04.23 00:29:11 INFO  ce[AY8JAA90R8ILjeFf37qM][o.s.c.t.s.ComputationStepExecutor] Persist new ad hoc Rules | status=SUCCESS | time=0ms
2024.04.23 00:29:11 INFO  ce[AY8JAA90R8ILjeFf37qM][o.s.c.t.s.ComputationStepExecutor] Persist issues | cacheSize=3.9 kB | inserts=8 | updates=0 | merged=0 | status=SUCCESS | time=3ms
2024.04.23 00:29:11 INFO  ce[AY8JAA90R8ILjeFf37qM][o.s.c.t.s.ComputationStepExecutor] Delete issue changes | changes=0 | status=SUCCESS | time=0ms
2024.04.23 00:29:11 INFO  ce[AY8JAA90R8ILjeFf37qM][o.s.c.t.s.ComputationStepExecutor] Persist project links | status=SUCCESS | time=1ms
2024.04.23 00:29:11 INFO  ce[AY8JAA90R8ILjeFf37qM][o.s.c.t.s.ComputationStepExecutor] Persist events | status=SUCCESS | time=1ms
2024.04.23 00:29:11 INFO  ce[AY8JAA90R8ILjeFf37qM][o.s.c.t.s.ComputationStepExecutor] Persist sources | status=SUCCESS | time=21ms
2024.04.23 00:29:11 INFO  ce[AY8JAA90R8ILjeFf37qM][o.s.c.t.s.ComputationStepExecutor] Persist cross project duplications | status=SUCCESS | time=0ms
2024.04.23 00:29:11 INFO  ce[AY8JAA90R8ILjeFf37qM][o.s.c.t.s.ComputationStepExecutor] Enable analysis | status=SUCCESS | time=1ms
2024.04.23 00:29:11 INFO  ce[AY8JAA90R8ILjeFf37qM][o.s.c.t.s.ComputationStepExecutor] Update last usage date of quality profiles | status=SUCCESS | time=2ms
2024.04.23 00:29:11 INFO  ce[AY8JAA90R8ILjeFf37qM][o.s.c.t.s.ComputationStepExecutor] Purge db | status=SUCCESS | time=14ms
2024.04.23 00:29:11 INFO  ce[AY8JAA90R8ILjeFf37qM][o.s.c.t.s.ComputationStepExecutor] Index analysis | status=SUCCESS | time=101ms
2024.04.23 00:29:11 INFO  ce[AY8JAA90R8ILjeFf37qM][o.s.c.t.s.ComputationStepExecutor] Update need issue sync for branch | status=SUCCESS | time=1ms
2024.04.23 00:29:11 INFO  ce[AY8JAA90R8ILjeFf37qM][o.s.c.t.s.ComputationStepExecutor] Publishing taint vulnerabilities events | status=SUCCESS | time=1ms
2024.04.23 00:29:11 INFO  ce[AY8JAA90R8ILjeFf37qM][o.s.c.t.s.ComputationStepExecutor] Send issue notifications | newIssuesNotifs=0 | newIssuesDeliveries=0 | myNewIssuesNotifs=0 | myNewIssuesDeliveries=0 | changesNotifs=0 | changesDeliveries=0 | status=SUCCESS | time=1ms
2024.04.23 00:29:11 INFO  ce[AY8JAA90R8ILjeFf37qM][o.s.c.t.s.ComputationStepExecutor] Publish task results | status=SUCCESS | time=0ms
2024.04.23 00:29:11 INFO  ce[AY8JAA90R8ILjeFf37qM][o.s.c.t.s.ComputationStepExecutor] Trigger refresh of Portfolios and Applications | status=SUCCESS | time=0ms
2024.04.23 00:29:11 INFO  ce[AY8JAA90R8ILjeFf37qM][o.s.c.t.p.a.p.PostProjectAnalysisTasksExecutor] Webhooks | globalWebhooks=0 | projectWebhooks=0 | status=SUCCESS | time=1ms
2024.04.23 00:29:11 INFO  ce[AY8JAA90R8ILjeFf37qM][o.s.c.t.CeWorkerImpl] Executed task | project=monitoringApplication | type=REPORT | id=AY8JAA90R8ILjeFf37qM | submitter=admin | status=SUCCESS | time=1073ms
2024.04.23 00:30:47 INFO  ce[][o.s.p.ProcessEntryPoint] Gracefully stopping process
2024.04.23 00:30:47 INFO  ce[][o.s.ce.app.CeServer] Compute Engine is stopping...
2024.04.23 00:30:47 INFO  ce[][o.s.c.t.CeProcessingSchedulerImpl] Gracefully stopping workers...
2024.04.23 00:30:47 INFO  ce[][c.z.h.HikariDataSource] HikariPool-1 - Shutdown initiated...
2024.04.23 00:30:47 INFO  ce[][c.z.h.HikariDataSource] HikariPool-1 - Shutdown completed.
2024.04.23 00:30:47 INFO  ce[][o.s.ce.app.CeServer] Compute Engine is stopped
