2024.05.01 09:16:51 INFO  es[][o.e.n.Node] version[7.17.5], pid[39], build[default/tar/8d61b4f7ddf931f219e3745f295ed2bbc50c8e84/2022-06-23T21:57:28.736740635Z], OS[Linux/6.5.0-28-generic/amd64], JVM[Alpine/OpenJDK 64-Bit Server VM/11.0.15/11.0.15+10-alpine-r0]
2024.05.01 09:16:51 INFO  es[][o.e.n.Node] JVM home [/usr/lib/jvm/java-11-openjdk]
2024.05.01 09:16:51 INFO  es[][o.e.n.Node] JVM arguments [-XX:+UseG1GC, -Djava.io.tmpdir=/opt/sonarqube/temp, -XX:ErrorFile=../logs/es_hs_err_pid%p.log, -Des.networkaddress.cache.ttl=60, -Des.networkaddress.cache.negative.ttl=10, -XX:+AlwaysPreTouch, -Xss1m, -Djava.awt.headless=true, -Dfile.encoding=UTF-8, -Djna.nosys=true, -Djna.tmpdir=/opt/sonarqube/temp, -XX:-OmitStackTraceInFastThrow, -Dio.netty.noUnsafe=true, -Dio.netty.noKeySetOptimization=true, -Dio.netty.recycler.maxCapacityPerThread=0, -Dio.netty.allocator.numDirectArenas=0, -Dlog4j.shutdownHookEnabled=false, -Dlog4j2.disable.jmx=true, -Dlog4j2.formatMsgNoLookups=true, -Djava.locale.providers=COMPAT, -Dcom.redhat.fips=false, -Des.enforce.bootstrap.checks=true, -Xmx512m, -Xms512m, -XX:MaxDirectMemorySize=256m, -XX:+HeapDumpOnOutOfMemoryError, -Des.path.home=/opt/sonarqube/elasticsearch, -Des.path.conf=/opt/sonarqube/temp/conf/es, -Des.distribution.flavor=default, -Des.distribution.type=tar, -Des.bundled_jdk=false]
2024.05.01 09:16:51 INFO  es[][o.e.p.PluginsService] loaded module [analysis-common]
2024.05.01 09:16:51 INFO  es[][o.e.p.PluginsService] loaded module [lang-painless]
2024.05.01 09:16:51 INFO  es[][o.e.p.PluginsService] loaded module [parent-join]
2024.05.01 09:16:51 INFO  es[][o.e.p.PluginsService] loaded module [reindex]
2024.05.01 09:16:51 INFO  es[][o.e.p.PluginsService] loaded module [transport-netty4]
2024.05.01 09:16:51 INFO  es[][o.e.p.PluginsService] no plugins loaded
2024.05.01 09:16:51 INFO  es[][o.e.e.NodeEnvironment] using [1] data paths, mounts [[/opt/sonarqube/data (/dev/nvme0n1p6)]], net usable_space [70.2gb], net total_space [129.3gb], types [ext4]
2024.05.01 09:16:51 INFO  es[][o.e.e.NodeEnvironment] heap size [512mb], compressed ordinary object pointers [true]
2024.05.01 09:16:51 INFO  es[][o.e.n.Node] node name [sonarqube], node ID [75t1LEVFTCqcxRjR75reJA], cluster name [sonarqube], roles [data_frozen, master, remote_cluster_client, data, data_content, data_hot, data_warm, data_cold, ingest]
2024.05.01 09:16:54 INFO  es[][o.e.t.NettyAllocator] creating NettyAllocator with the following configs: [name=unpooled, suggested_max_allocation_size=256kb, factors={es.unsafe.use_unpooled_allocator=null, g1gc_enabled=true, g1gc_region_size=1mb, heap_size=512mb}]
2024.05.01 09:16:54 INFO  es[][o.e.i.r.RecoverySettings] using rate limit [40mb] with [default=40mb, read=0b, write=0b, max=0b]
2024.05.01 09:16:54 INFO  es[][o.e.d.DiscoveryModule] using discovery type [zen] and seed hosts providers [settings]
2024.05.01 09:16:54 INFO  es[][o.e.g.DanglingIndicesState] gateway.auto_import_dangling_indices is disabled, dangling indices will not be automatically detected or imported and must be managed manually
2024.05.01 09:16:54 INFO  es[][o.e.n.Node] initialized
2024.05.01 09:16:54 INFO  es[][o.e.n.Node] starting ...
2024.05.01 09:16:54 INFO  es[][o.e.t.TransportService] publish_address {127.0.0.1:35455}, bound_addresses {127.0.0.1:35455}
2024.05.01 09:16:54 INFO  es[][o.e.b.BootstrapChecks] explicitly enforcing bootstrap checks
2024.05.01 09:16:54 ERROR es[][o.e.b.Bootstrap] node validation exception
[1] bootstrap checks failed. You must address the points described in the following [1] lines before starting Elasticsearch.
bootstrap check failure [1] of [1]: max virtual memory areas vm.max_map_count [65530] is too low, increase to at least [262144]
2024.05.01 09:16:54 INFO  es[][o.e.n.Node] stopping ...
2024.05.01 09:16:54 INFO  es[][o.e.n.Node] stopped
2024.05.01 09:16:54 INFO  es[][o.e.n.Node] closing ...
2024.05.01 09:16:54 INFO  es[][o.e.n.Node] closed
2024.05.01 09:16:57 INFO  es[][o.e.n.Node] version[7.17.5], pid[38], build[default/tar/8d61b4f7ddf931f219e3745f295ed2bbc50c8e84/2022-06-23T21:57:28.736740635Z], OS[Linux/6.5.0-28-generic/amd64], JVM[Alpine/OpenJDK 64-Bit Server VM/11.0.15/11.0.15+10-alpine-r0]
2024.05.01 09:16:57 INFO  es[][o.e.n.Node] JVM home [/usr/lib/jvm/java-11-openjdk]
2024.05.01 09:16:57 INFO  es[][o.e.n.Node] JVM arguments [-XX:+UseG1GC, -Djava.io.tmpdir=/opt/sonarqube/temp, -XX:ErrorFile=../logs/es_hs_err_pid%p.log, -Des.networkaddress.cache.ttl=60, -Des.networkaddress.cache.negative.ttl=10, -XX:+AlwaysPreTouch, -Xss1m, -Djava.awt.headless=true, -Dfile.encoding=UTF-8, -Djna.nosys=true, -Djna.tmpdir=/opt/sonarqube/temp, -XX:-OmitStackTraceInFastThrow, -Dio.netty.noUnsafe=true, -Dio.netty.noKeySetOptimization=true, -Dio.netty.recycler.maxCapacityPerThread=0, -Dio.netty.allocator.numDirectArenas=0, -Dlog4j.shutdownHookEnabled=false, -Dlog4j2.disable.jmx=true, -Dlog4j2.formatMsgNoLookups=true, -Djava.locale.providers=COMPAT, -Dcom.redhat.fips=false, -Des.enforce.bootstrap.checks=true, -Xmx512m, -Xms512m, -XX:MaxDirectMemorySize=256m, -XX:+HeapDumpOnOutOfMemoryError, -Des.path.home=/opt/sonarqube/elasticsearch, -Des.path.conf=/opt/sonarqube/temp/conf/es, -Des.distribution.flavor=default, -Des.distribution.type=tar, -Des.bundled_jdk=false]
2024.05.01 09:16:57 INFO  es[][o.e.p.PluginsService] loaded module [analysis-common]
2024.05.01 09:16:57 INFO  es[][o.e.p.PluginsService] loaded module [lang-painless]
2024.05.01 09:16:57 INFO  es[][o.e.p.PluginsService] loaded module [parent-join]
2024.05.01 09:16:57 INFO  es[][o.e.p.PluginsService] loaded module [reindex]
2024.05.01 09:16:57 INFO  es[][o.e.p.PluginsService] loaded module [transport-netty4]
2024.05.01 09:16:57 INFO  es[][o.e.p.PluginsService] no plugins loaded
2024.05.01 09:16:57 INFO  es[][o.e.e.NodeEnvironment] using [1] data paths, mounts [[/opt/sonarqube/data (/dev/nvme0n1p6)]], net usable_space [70.2gb], net total_space [129.3gb], types [ext4]
2024.05.01 09:16:57 INFO  es[][o.e.e.NodeEnvironment] heap size [512mb], compressed ordinary object pointers [true]
2024.05.01 09:16:57 INFO  es[][o.e.n.Node] node name [sonarqube], node ID [75t1LEVFTCqcxRjR75reJA], cluster name [sonarqube], roles [data_frozen, master, remote_cluster_client, data, data_content, data_hot, data_warm, data_cold, ingest]
2024.05.01 09:16:59 INFO  es[][o.e.t.NettyAllocator] creating NettyAllocator with the following configs: [name=unpooled, suggested_max_allocation_size=256kb, factors={es.unsafe.use_unpooled_allocator=null, g1gc_enabled=true, g1gc_region_size=1mb, heap_size=512mb}]
2024.05.01 09:16:59 INFO  es[][o.e.i.r.RecoverySettings] using rate limit [40mb] with [default=40mb, read=0b, write=0b, max=0b]
2024.05.01 09:16:59 INFO  es[][o.e.d.DiscoveryModule] using discovery type [zen] and seed hosts providers [settings]
2024.05.01 09:16:59 INFO  es[][o.e.g.DanglingIndicesState] gateway.auto_import_dangling_indices is disabled, dangling indices will not be automatically detected or imported and must be managed manually
2024.05.01 09:16:59 INFO  es[][o.e.n.Node] initialized
2024.05.01 09:16:59 INFO  es[][o.e.n.Node] starting ...
2024.05.01 09:17:00 INFO  es[][o.e.t.TransportService] publish_address {127.0.0.1:34579}, bound_addresses {127.0.0.1:34579}
2024.05.01 09:17:00 INFO  es[][o.e.b.BootstrapChecks] explicitly enforcing bootstrap checks
2024.05.01 09:17:00 ERROR es[][o.e.b.Bootstrap] node validation exception
[1] bootstrap checks failed. You must address the points described in the following [1] lines before starting Elasticsearch.
bootstrap check failure [1] of [1]: max virtual memory areas vm.max_map_count [65530] is too low, increase to at least [262144]
2024.05.01 09:17:00 INFO  es[][o.e.n.Node] stopping ...
2024.05.01 09:17:00 INFO  es[][o.e.n.Node] stopped
2024.05.01 09:17:00 INFO  es[][o.e.n.Node] closing ...
2024.05.01 09:17:00 INFO  es[][o.e.n.Node] closed
2024.05.01 09:17:02 INFO  es[][o.e.n.Node] version[7.17.5], pid[38], build[default/tar/8d61b4f7ddf931f219e3745f295ed2bbc50c8e84/2022-06-23T21:57:28.736740635Z], OS[Linux/6.5.0-28-generic/amd64], JVM[Alpine/OpenJDK 64-Bit Server VM/11.0.15/11.0.15+10-alpine-r0]
2024.05.01 09:17:02 INFO  es[][o.e.n.Node] JVM home [/usr/lib/jvm/java-11-openjdk]
2024.05.01 09:17:02 INFO  es[][o.e.n.Node] JVM arguments [-XX:+UseG1GC, -Djava.io.tmpdir=/opt/sonarqube/temp, -XX:ErrorFile=../logs/es_hs_err_pid%p.log, -Des.networkaddress.cache.ttl=60, -Des.networkaddress.cache.negative.ttl=10, -XX:+AlwaysPreTouch, -Xss1m, -Djava.awt.headless=true, -Dfile.encoding=UTF-8, -Djna.nosys=true, -Djna.tmpdir=/opt/sonarqube/temp, -XX:-OmitStackTraceInFastThrow, -Dio.netty.noUnsafe=true, -Dio.netty.noKeySetOptimization=true, -Dio.netty.recycler.maxCapacityPerThread=0, -Dio.netty.allocator.numDirectArenas=0, -Dlog4j.shutdownHookEnabled=false, -Dlog4j2.disable.jmx=true, -Dlog4j2.formatMsgNoLookups=true, -Djava.locale.providers=COMPAT, -Dcom.redhat.fips=false, -Des.enforce.bootstrap.checks=true, -Xmx512m, -Xms512m, -XX:MaxDirectMemorySize=256m, -XX:+HeapDumpOnOutOfMemoryError, -Des.path.home=/opt/sonarqube/elasticsearch, -Des.path.conf=/opt/sonarqube/temp/conf/es, -Des.distribution.flavor=default, -Des.distribution.type=tar, -Des.bundled_jdk=false]
2024.05.01 09:17:02 INFO  es[][o.e.p.PluginsService] loaded module [analysis-common]
2024.05.01 09:17:02 INFO  es[][o.e.p.PluginsService] loaded module [lang-painless]
2024.05.01 09:17:02 INFO  es[][o.e.p.PluginsService] loaded module [parent-join]
2024.05.01 09:17:02 INFO  es[][o.e.p.PluginsService] loaded module [reindex]
2024.05.01 09:17:02 INFO  es[][o.e.p.PluginsService] loaded module [transport-netty4]
2024.05.01 09:17:02 INFO  es[][o.e.p.PluginsService] no plugins loaded
2024.05.01 09:17:02 INFO  es[][o.e.e.NodeEnvironment] using [1] data paths, mounts [[/opt/sonarqube/data (/dev/nvme0n1p6)]], net usable_space [70.2gb], net total_space [129.3gb], types [ext4]
2024.05.01 09:17:02 INFO  es[][o.e.e.NodeEnvironment] heap size [512mb], compressed ordinary object pointers [true]
2024.05.01 09:17:02 INFO  es[][o.e.n.Node] node name [sonarqube], node ID [75t1LEVFTCqcxRjR75reJA], cluster name [sonarqube], roles [data_frozen, master, remote_cluster_client, data, data_content, data_hot, data_warm, data_cold, ingest]
2024.05.01 09:17:04 INFO  es[][o.e.t.NettyAllocator] creating NettyAllocator with the following configs: [name=unpooled, suggested_max_allocation_size=256kb, factors={es.unsafe.use_unpooled_allocator=null, g1gc_enabled=true, g1gc_region_size=1mb, heap_size=512mb}]
2024.05.01 09:17:04 INFO  es[][o.e.i.r.RecoverySettings] using rate limit [40mb] with [default=40mb, read=0b, write=0b, max=0b]
2024.05.01 09:17:04 INFO  es[][o.e.d.DiscoveryModule] using discovery type [zen] and seed hosts providers [settings]
2024.05.01 09:17:05 INFO  es[][o.e.g.DanglingIndicesState] gateway.auto_import_dangling_indices is disabled, dangling indices will not be automatically detected or imported and must be managed manually
2024.05.01 09:17:05 INFO  es[][o.e.n.Node] initialized
2024.05.01 09:17:05 INFO  es[][o.e.n.Node] starting ...
2024.05.01 09:17:05 INFO  es[][o.e.t.TransportService] publish_address {127.0.0.1:39871}, bound_addresses {127.0.0.1:39871}
2024.05.01 09:17:05 INFO  es[][o.e.b.BootstrapChecks] explicitly enforcing bootstrap checks
2024.05.01 09:17:05 ERROR es[][o.e.b.Bootstrap] node validation exception
[1] bootstrap checks failed. You must address the points described in the following [1] lines before starting Elasticsearch.
bootstrap check failure [1] of [1]: max virtual memory areas vm.max_map_count [65530] is too low, increase to at least [262144]
2024.05.01 09:17:05 INFO  es[][o.e.n.Node] stopping ...
2024.05.01 09:17:05 INFO  es[][o.e.n.Node] stopped
2024.05.01 09:17:05 INFO  es[][o.e.n.Node] closing ...
2024.05.01 09:17:05 INFO  es[][o.e.n.Node] closed
2024.05.01 09:17:08 INFO  es[][o.e.n.Node] version[7.17.5], pid[38], build[default/tar/8d61b4f7ddf931f219e3745f295ed2bbc50c8e84/2022-06-23T21:57:28.736740635Z], OS[Linux/6.5.0-28-generic/amd64], JVM[Alpine/OpenJDK 64-Bit Server VM/11.0.15/11.0.15+10-alpine-r0]
2024.05.01 09:17:08 INFO  es[][o.e.n.Node] JVM home [/usr/lib/jvm/java-11-openjdk]
2024.05.01 09:17:08 INFO  es[][o.e.n.Node] JVM arguments [-XX:+UseG1GC, -Djava.io.tmpdir=/opt/sonarqube/temp, -XX:ErrorFile=../logs/es_hs_err_pid%p.log, -Des.networkaddress.cache.ttl=60, -Des.networkaddress.cache.negative.ttl=10, -XX:+AlwaysPreTouch, -Xss1m, -Djava.awt.headless=true, -Dfile.encoding=UTF-8, -Djna.nosys=true, -Djna.tmpdir=/opt/sonarqube/temp, -XX:-OmitStackTraceInFastThrow, -Dio.netty.noUnsafe=true, -Dio.netty.noKeySetOptimization=true, -Dio.netty.recycler.maxCapacityPerThread=0, -Dio.netty.allocator.numDirectArenas=0, -Dlog4j.shutdownHookEnabled=false, -Dlog4j2.disable.jmx=true, -Dlog4j2.formatMsgNoLookups=true, -Djava.locale.providers=COMPAT, -Dcom.redhat.fips=false, -Des.enforce.bootstrap.checks=true, -Xmx512m, -Xms512m, -XX:MaxDirectMemorySize=256m, -XX:+HeapDumpOnOutOfMemoryError, -Des.path.home=/opt/sonarqube/elasticsearch, -Des.path.conf=/opt/sonarqube/temp/conf/es, -Des.distribution.flavor=default, -Des.distribution.type=tar, -Des.bundled_jdk=false]
2024.05.01 09:17:08 INFO  es[][o.e.p.PluginsService] loaded module [analysis-common]
2024.05.01 09:17:08 INFO  es[][o.e.p.PluginsService] loaded module [lang-painless]
2024.05.01 09:17:08 INFO  es[][o.e.p.PluginsService] loaded module [parent-join]
2024.05.01 09:17:08 INFO  es[][o.e.p.PluginsService] loaded module [reindex]
2024.05.01 09:17:08 INFO  es[][o.e.p.PluginsService] loaded module [transport-netty4]
2024.05.01 09:17:08 INFO  es[][o.e.p.PluginsService] no plugins loaded
2024.05.01 09:17:08 INFO  es[][o.e.e.NodeEnvironment] using [1] data paths, mounts [[/opt/sonarqube/data (/dev/nvme0n1p6)]], net usable_space [70.2gb], net total_space [129.3gb], types [ext4]
2024.05.01 09:17:08 INFO  es[][o.e.e.NodeEnvironment] heap size [512mb], compressed ordinary object pointers [true]
2024.05.01 09:17:08 INFO  es[][o.e.n.Node] node name [sonarqube], node ID [75t1LEVFTCqcxRjR75reJA], cluster name [sonarqube], roles [data_frozen, master, remote_cluster_client, data, data_content, data_hot, data_warm, data_cold, ingest]
2024.05.01 09:17:10 INFO  es[][o.e.t.NettyAllocator] creating NettyAllocator with the following configs: [name=unpooled, suggested_max_allocation_size=256kb, factors={es.unsafe.use_unpooled_allocator=null, g1gc_enabled=true, g1gc_region_size=1mb, heap_size=512mb}]
2024.05.01 09:17:10 INFO  es[][o.e.i.r.RecoverySettings] using rate limit [40mb] with [default=40mb, read=0b, write=0b, max=0b]
2024.05.01 09:17:10 INFO  es[][o.e.d.DiscoveryModule] using discovery type [zen] and seed hosts providers [settings]
2024.05.01 09:17:10 INFO  es[][o.e.g.DanglingIndicesState] gateway.auto_import_dangling_indices is disabled, dangling indices will not be automatically detected or imported and must be managed manually
2024.05.01 09:17:11 INFO  es[][o.e.n.Node] initialized
2024.05.01 09:17:11 INFO  es[][o.e.n.Node] starting ...
2024.05.01 09:17:11 INFO  es[][o.e.t.TransportService] publish_address {127.0.0.1:39455}, bound_addresses {127.0.0.1:39455}
2024.05.01 09:17:11 INFO  es[][o.e.b.BootstrapChecks] explicitly enforcing bootstrap checks
2024.05.01 09:17:11 ERROR es[][o.e.b.Bootstrap] node validation exception
[1] bootstrap checks failed. You must address the points described in the following [1] lines before starting Elasticsearch.
bootstrap check failure [1] of [1]: max virtual memory areas vm.max_map_count [65530] is too low, increase to at least [262144]
2024.05.01 09:17:11 INFO  es[][o.e.n.Node] stopping ...
2024.05.01 09:17:11 INFO  es[][o.e.n.Node] stopped
2024.05.01 09:17:11 INFO  es[][o.e.n.Node] closing ...
2024.05.01 09:17:11 INFO  es[][o.e.n.Node] closed
2024.05.01 09:17:14 INFO  es[][o.e.n.Node] version[7.17.5], pid[38], build[default/tar/8d61b4f7ddf931f219e3745f295ed2bbc50c8e84/2022-06-23T21:57:28.736740635Z], OS[Linux/6.5.0-28-generic/amd64], JVM[Alpine/OpenJDK 64-Bit Server VM/11.0.15/11.0.15+10-alpine-r0]
2024.05.01 09:17:14 INFO  es[][o.e.n.Node] JVM home [/usr/lib/jvm/java-11-openjdk]
2024.05.01 09:17:14 INFO  es[][o.e.n.Node] JVM arguments [-XX:+UseG1GC, -Djava.io.tmpdir=/opt/sonarqube/temp, -XX:ErrorFile=../logs/es_hs_err_pid%p.log, -Des.networkaddress.cache.ttl=60, -Des.networkaddress.cache.negative.ttl=10, -XX:+AlwaysPreTouch, -Xss1m, -Djava.awt.headless=true, -Dfile.encoding=UTF-8, -Djna.nosys=true, -Djna.tmpdir=/opt/sonarqube/temp, -XX:-OmitStackTraceInFastThrow, -Dio.netty.noUnsafe=true, -Dio.netty.noKeySetOptimization=true, -Dio.netty.recycler.maxCapacityPerThread=0, -Dio.netty.allocator.numDirectArenas=0, -Dlog4j.shutdownHookEnabled=false, -Dlog4j2.disable.jmx=true, -Dlog4j2.formatMsgNoLookups=true, -Djava.locale.providers=COMPAT, -Dcom.redhat.fips=false, -Des.enforce.bootstrap.checks=true, -Xmx512m, -Xms512m, -XX:MaxDirectMemorySize=256m, -XX:+HeapDumpOnOutOfMemoryError, -Des.path.home=/opt/sonarqube/elasticsearch, -Des.path.conf=/opt/sonarqube/temp/conf/es, -Des.distribution.flavor=default, -Des.distribution.type=tar, -Des.bundled_jdk=false]
2024.05.01 09:17:14 INFO  es[][o.e.p.PluginsService] loaded module [analysis-common]
2024.05.01 09:17:14 INFO  es[][o.e.p.PluginsService] loaded module [lang-painless]
2024.05.01 09:17:14 INFO  es[][o.e.p.PluginsService] loaded module [parent-join]
2024.05.01 09:17:14 INFO  es[][o.e.p.PluginsService] loaded module [reindex]
2024.05.01 09:17:14 INFO  es[][o.e.p.PluginsService] loaded module [transport-netty4]
2024.05.01 09:17:14 INFO  es[][o.e.p.PluginsService] no plugins loaded
2024.05.01 09:17:14 INFO  es[][o.e.e.NodeEnvironment] using [1] data paths, mounts [[/opt/sonarqube/data (/dev/nvme0n1p6)]], net usable_space [70.2gb], net total_space [129.3gb], types [ext4]
2024.05.01 09:17:14 INFO  es[][o.e.e.NodeEnvironment] heap size [512mb], compressed ordinary object pointers [true]
2024.05.01 09:17:14 INFO  es[][o.e.n.Node] node name [sonarqube], node ID [75t1LEVFTCqcxRjR75reJA], cluster name [sonarqube], roles [data_frozen, master, remote_cluster_client, data, data_content, data_hot, data_warm, data_cold, ingest]
2024.05.01 09:17:17 INFO  es[][o.e.t.NettyAllocator] creating NettyAllocator with the following configs: [name=unpooled, suggested_max_allocation_size=256kb, factors={es.unsafe.use_unpooled_allocator=null, g1gc_enabled=true, g1gc_region_size=1mb, heap_size=512mb}]
2024.05.01 09:17:17 INFO  es[][o.e.i.r.RecoverySettings] using rate limit [40mb] with [default=40mb, read=0b, write=0b, max=0b]
2024.05.01 09:17:17 INFO  es[][o.e.d.DiscoveryModule] using discovery type [zen] and seed hosts providers [settings]
2024.05.01 09:17:17 INFO  es[][o.e.g.DanglingIndicesState] gateway.auto_import_dangling_indices is disabled, dangling indices will not be automatically detected or imported and must be managed manually
2024.05.01 09:17:17 INFO  es[][o.e.n.Node] initialized
2024.05.01 09:17:17 INFO  es[][o.e.n.Node] starting ...
2024.05.01 09:17:17 INFO  es[][o.e.t.TransportService] publish_address {127.0.0.1:39435}, bound_addresses {127.0.0.1:39435}
2024.05.01 09:17:17 INFO  es[][o.e.b.BootstrapChecks] explicitly enforcing bootstrap checks
2024.05.01 09:17:17 ERROR es[][o.e.b.Bootstrap] node validation exception
[1] bootstrap checks failed. You must address the points described in the following [1] lines before starting Elasticsearch.
bootstrap check failure [1] of [1]: max virtual memory areas vm.max_map_count [65530] is too low, increase to at least [262144]
2024.05.01 09:17:17 INFO  es[][o.e.n.Node] stopping ...
2024.05.01 09:17:17 INFO  es[][o.e.n.Node] stopped
2024.05.01 09:17:17 INFO  es[][o.e.n.Node] closing ...
2024.05.01 09:17:17 INFO  es[][o.e.n.Node] closed
2024.05.01 09:17:21 INFO  es[][o.e.n.Node] version[7.17.5], pid[38], build[default/tar/8d61b4f7ddf931f219e3745f295ed2bbc50c8e84/2022-06-23T21:57:28.736740635Z], OS[Linux/6.5.0-28-generic/amd64], JVM[Alpine/OpenJDK 64-Bit Server VM/11.0.15/11.0.15+10-alpine-r0]
2024.05.01 09:17:21 INFO  es[][o.e.n.Node] JVM home [/usr/lib/jvm/java-11-openjdk]
2024.05.01 09:17:21 INFO  es[][o.e.n.Node] JVM arguments [-XX:+UseG1GC, -Djava.io.tmpdir=/opt/sonarqube/temp, -XX:ErrorFile=../logs/es_hs_err_pid%p.log, -Des.networkaddress.cache.ttl=60, -Des.networkaddress.cache.negative.ttl=10, -XX:+AlwaysPreTouch, -Xss1m, -Djava.awt.headless=true, -Dfile.encoding=UTF-8, -Djna.nosys=true, -Djna.tmpdir=/opt/sonarqube/temp, -XX:-OmitStackTraceInFastThrow, -Dio.netty.noUnsafe=true, -Dio.netty.noKeySetOptimization=true, -Dio.netty.recycler.maxCapacityPerThread=0, -Dio.netty.allocator.numDirectArenas=0, -Dlog4j.shutdownHookEnabled=false, -Dlog4j2.disable.jmx=true, -Dlog4j2.formatMsgNoLookups=true, -Djava.locale.providers=COMPAT, -Dcom.redhat.fips=false, -Des.enforce.bootstrap.checks=true, -Xmx512m, -Xms512m, -XX:MaxDirectMemorySize=256m, -XX:+HeapDumpOnOutOfMemoryError, -Des.path.home=/opt/sonarqube/elasticsearch, -Des.path.conf=/opt/sonarqube/temp/conf/es, -Des.distribution.flavor=default, -Des.distribution.type=tar, -Des.bundled_jdk=false]
2024.05.01 09:17:21 INFO  es[][o.e.p.PluginsService] loaded module [analysis-common]
2024.05.01 09:17:21 INFO  es[][o.e.p.PluginsService] loaded module [lang-painless]
2024.05.01 09:17:21 INFO  es[][o.e.p.PluginsService] loaded module [parent-join]
2024.05.01 09:17:21 INFO  es[][o.e.p.PluginsService] loaded module [reindex]
2024.05.01 09:17:21 INFO  es[][o.e.p.PluginsService] loaded module [transport-netty4]
2024.05.01 09:17:21 INFO  es[][o.e.p.PluginsService] no plugins loaded
2024.05.01 09:17:21 INFO  es[][o.e.e.NodeEnvironment] using [1] data paths, mounts [[/opt/sonarqube/data (/dev/nvme0n1p6)]], net usable_space [70.1gb], net total_space [129.3gb], types [ext4]
2024.05.01 09:17:21 INFO  es[][o.e.e.NodeEnvironment] heap size [512mb], compressed ordinary object pointers [true]
2024.05.01 09:17:21 INFO  es[][o.e.n.Node] node name [sonarqube], node ID [75t1LEVFTCqcxRjR75reJA], cluster name [sonarqube], roles [data_frozen, master, remote_cluster_client, data, data_content, data_hot, data_warm, data_cold, ingest]
2024.05.01 09:17:23 INFO  es[][o.e.t.NettyAllocator] creating NettyAllocator with the following configs: [name=unpooled, suggested_max_allocation_size=256kb, factors={es.unsafe.use_unpooled_allocator=null, g1gc_enabled=true, g1gc_region_size=1mb, heap_size=512mb}]
2024.05.01 09:17:24 INFO  es[][o.e.i.r.RecoverySettings] using rate limit [40mb] with [default=40mb, read=0b, write=0b, max=0b]
2024.05.01 09:17:24 INFO  es[][o.e.d.DiscoveryModule] using discovery type [zen] and seed hosts providers [settings]
2024.05.01 09:17:24 INFO  es[][o.e.g.DanglingIndicesState] gateway.auto_import_dangling_indices is disabled, dangling indices will not be automatically detected or imported and must be managed manually
2024.05.01 09:17:24 INFO  es[][o.e.n.Node] initialized
2024.05.01 09:17:24 INFO  es[][o.e.n.Node] starting ...
2024.05.01 09:17:24 INFO  es[][o.e.t.TransportService] publish_address {127.0.0.1:39221}, bound_addresses {127.0.0.1:39221}
2024.05.01 09:17:24 INFO  es[][o.e.b.BootstrapChecks] explicitly enforcing bootstrap checks
2024.05.01 09:17:24 ERROR es[][o.e.b.Bootstrap] node validation exception
[1] bootstrap checks failed. You must address the points described in the following [1] lines before starting Elasticsearch.
bootstrap check failure [1] of [1]: max virtual memory areas vm.max_map_count [65530] is too low, increase to at least [262144]
2024.05.01 09:17:24 INFO  es[][o.e.n.Node] stopping ...
2024.05.01 09:17:24 INFO  es[][o.e.n.Node] stopped
2024.05.01 09:17:24 INFO  es[][o.e.n.Node] closing ...
2024.05.01 09:17:24 INFO  es[][o.e.n.Node] closed
2024.05.01 09:17:29 INFO  es[][o.e.n.Node] version[7.17.5], pid[38], build[default/tar/8d61b4f7ddf931f219e3745f295ed2bbc50c8e84/2022-06-23T21:57:28.736740635Z], OS[Linux/6.5.0-28-generic/amd64], JVM[Alpine/OpenJDK 64-Bit Server VM/11.0.15/11.0.15+10-alpine-r0]
2024.05.01 09:17:29 INFO  es[][o.e.n.Node] JVM home [/usr/lib/jvm/java-11-openjdk]
2024.05.01 09:17:29 INFO  es[][o.e.n.Node] JVM arguments [-XX:+UseG1GC, -Djava.io.tmpdir=/opt/sonarqube/temp, -XX:ErrorFile=../logs/es_hs_err_pid%p.log, -Des.networkaddress.cache.ttl=60, -Des.networkaddress.cache.negative.ttl=10, -XX:+AlwaysPreTouch, -Xss1m, -Djava.awt.headless=true, -Dfile.encoding=UTF-8, -Djna.nosys=true, -Djna.tmpdir=/opt/sonarqube/temp, -XX:-OmitStackTraceInFastThrow, -Dio.netty.noUnsafe=true, -Dio.netty.noKeySetOptimization=true, -Dio.netty.recycler.maxCapacityPerThread=0, -Dio.netty.allocator.numDirectArenas=0, -Dlog4j.shutdownHookEnabled=false, -Dlog4j2.disable.jmx=true, -Dlog4j2.formatMsgNoLookups=true, -Djava.locale.providers=COMPAT, -Dcom.redhat.fips=false, -Des.enforce.bootstrap.checks=true, -Xmx512m, -Xms512m, -XX:MaxDirectMemorySize=256m, -XX:+HeapDumpOnOutOfMemoryError, -Des.path.home=/opt/sonarqube/elasticsearch, -Des.path.conf=/opt/sonarqube/temp/conf/es, -Des.distribution.flavor=default, -Des.distribution.type=tar, -Des.bundled_jdk=false]
2024.05.01 09:17:30 INFO  es[][o.e.p.PluginsService] loaded module [analysis-common]
2024.05.01 09:17:30 INFO  es[][o.e.p.PluginsService] loaded module [lang-painless]
2024.05.01 09:17:30 INFO  es[][o.e.p.PluginsService] loaded module [parent-join]
2024.05.01 09:17:30 INFO  es[][o.e.p.PluginsService] loaded module [reindex]
2024.05.01 09:17:30 INFO  es[][o.e.p.PluginsService] loaded module [transport-netty4]
2024.05.01 09:17:30 INFO  es[][o.e.p.PluginsService] no plugins loaded
2024.05.01 09:17:30 INFO  es[][o.e.e.NodeEnvironment] using [1] data paths, mounts [[/opt/sonarqube/data (/dev/nvme0n1p6)]], net usable_space [70.1gb], net total_space [129.3gb], types [ext4]
2024.05.01 09:17:30 INFO  es[][o.e.e.NodeEnvironment] heap size [512mb], compressed ordinary object pointers [true]
2024.05.01 09:17:30 INFO  es[][o.e.n.Node] node name [sonarqube], node ID [75t1LEVFTCqcxRjR75reJA], cluster name [sonarqube], roles [data_frozen, master, remote_cluster_client, data, data_content, data_hot, data_warm, data_cold, ingest]
2024.05.01 09:17:32 INFO  es[][o.e.t.NettyAllocator] creating NettyAllocator with the following configs: [name=unpooled, suggested_max_allocation_size=256kb, factors={es.unsafe.use_unpooled_allocator=null, g1gc_enabled=true, g1gc_region_size=1mb, heap_size=512mb}]
2024.05.01 09:17:32 INFO  es[][o.e.i.r.RecoverySettings] using rate limit [40mb] with [default=40mb, read=0b, write=0b, max=0b]
2024.05.01 09:17:32 INFO  es[][o.e.d.DiscoveryModule] using discovery type [zen] and seed hosts providers [settings]
2024.05.01 09:17:32 INFO  es[][o.e.g.DanglingIndicesState] gateway.auto_import_dangling_indices is disabled, dangling indices will not be automatically detected or imported and must be managed manually
2024.05.01 09:17:32 INFO  es[][o.e.n.Node] initialized
2024.05.01 09:17:32 INFO  es[][o.e.n.Node] starting ...
2024.05.01 09:17:32 INFO  es[][o.e.t.TransportService] publish_address {127.0.0.1:41447}, bound_addresses {127.0.0.1:41447}
2024.05.01 09:17:32 INFO  es[][o.e.b.BootstrapChecks] explicitly enforcing bootstrap checks
2024.05.01 09:17:32 ERROR es[][o.e.b.Bootstrap] node validation exception
[1] bootstrap checks failed. You must address the points described in the following [1] lines before starting Elasticsearch.
bootstrap check failure [1] of [1]: max virtual memory areas vm.max_map_count [65530] is too low, increase to at least [262144]
2024.05.01 09:17:32 INFO  es[][o.e.n.Node] stopping ...
2024.05.01 09:17:32 INFO  es[][o.e.n.Node] stopped
2024.05.01 09:17:32 INFO  es[][o.e.n.Node] closing ...
2024.05.01 09:17:32 INFO  es[][o.e.n.Node] closed
2024.05.01 09:17:41 INFO  es[][o.e.n.Node] version[7.17.5], pid[38], build[default/tar/8d61b4f7ddf931f219e3745f295ed2bbc50c8e84/2022-06-23T21:57:28.736740635Z], OS[Linux/6.5.0-28-generic/amd64], JVM[Alpine/OpenJDK 64-Bit Server VM/11.0.15/11.0.15+10-alpine-r0]
2024.05.01 09:17:41 INFO  es[][o.e.n.Node] JVM home [/usr/lib/jvm/java-11-openjdk]
2024.05.01 09:17:41 INFO  es[][o.e.n.Node] JVM arguments [-XX:+UseG1GC, -Djava.io.tmpdir=/opt/sonarqube/temp, -XX:ErrorFile=../logs/es_hs_err_pid%p.log, -Des.networkaddress.cache.ttl=60, -Des.networkaddress.cache.negative.ttl=10, -XX:+AlwaysPreTouch, -Xss1m, -Djava.awt.headless=true, -Dfile.encoding=UTF-8, -Djna.nosys=true, -Djna.tmpdir=/opt/sonarqube/temp, -XX:-OmitStackTraceInFastThrow, -Dio.netty.noUnsafe=true, -Dio.netty.noKeySetOptimization=true, -Dio.netty.recycler.maxCapacityPerThread=0, -Dio.netty.allocator.numDirectArenas=0, -Dlog4j.shutdownHookEnabled=false, -Dlog4j2.disable.jmx=true, -Dlog4j2.formatMsgNoLookups=true, -Djava.locale.providers=COMPAT, -Dcom.redhat.fips=false, -Des.enforce.bootstrap.checks=true, -Xmx512m, -Xms512m, -XX:MaxDirectMemorySize=256m, -XX:+HeapDumpOnOutOfMemoryError, -Des.path.home=/opt/sonarqube/elasticsearch, -Des.path.conf=/opt/sonarqube/temp/conf/es, -Des.distribution.flavor=default, -Des.distribution.type=tar, -Des.bundled_jdk=false]
2024.05.01 09:17:41 INFO  es[][o.e.p.PluginsService] loaded module [analysis-common]
2024.05.01 09:17:41 INFO  es[][o.e.p.PluginsService] loaded module [lang-painless]
2024.05.01 09:17:41 INFO  es[][o.e.p.PluginsService] loaded module [parent-join]
2024.05.01 09:17:41 INFO  es[][o.e.p.PluginsService] loaded module [reindex]
2024.05.01 09:17:41 INFO  es[][o.e.p.PluginsService] loaded module [transport-netty4]
2024.05.01 09:17:41 INFO  es[][o.e.p.PluginsService] no plugins loaded
2024.05.01 09:17:41 INFO  es[][o.e.e.NodeEnvironment] using [1] data paths, mounts [[/opt/sonarqube/data (/dev/nvme0n1p6)]], net usable_space [70.2gb], net total_space [129.3gb], types [ext4]
2024.05.01 09:17:41 INFO  es[][o.e.e.NodeEnvironment] heap size [512mb], compressed ordinary object pointers [true]
2024.05.01 09:17:41 INFO  es[][o.e.n.Node] node name [sonarqube], node ID [75t1LEVFTCqcxRjR75reJA], cluster name [sonarqube], roles [data_frozen, master, remote_cluster_client, data, data_content, data_hot, data_warm, data_cold, ingest]
2024.05.01 09:17:43 INFO  es[][o.e.t.NettyAllocator] creating NettyAllocator with the following configs: [name=unpooled, suggested_max_allocation_size=256kb, factors={es.unsafe.use_unpooled_allocator=null, g1gc_enabled=true, g1gc_region_size=1mb, heap_size=512mb}]
2024.05.01 09:17:43 INFO  es[][o.e.i.r.RecoverySettings] using rate limit [40mb] with [default=40mb, read=0b, write=0b, max=0b]
2024.05.01 09:17:43 INFO  es[][o.e.d.DiscoveryModule] using discovery type [zen] and seed hosts providers [settings]
2024.05.01 09:17:44 INFO  es[][o.e.g.DanglingIndicesState] gateway.auto_import_dangling_indices is disabled, dangling indices will not be automatically detected or imported and must be managed manually
2024.05.01 09:17:44 INFO  es[][o.e.n.Node] initialized
2024.05.01 09:17:44 INFO  es[][o.e.n.Node] starting ...
2024.05.01 09:17:44 INFO  es[][o.e.t.TransportService] publish_address {127.0.0.1:43507}, bound_addresses {127.0.0.1:43507}
2024.05.01 09:17:44 INFO  es[][o.e.b.BootstrapChecks] explicitly enforcing bootstrap checks
2024.05.01 09:17:44 ERROR es[][o.e.b.Bootstrap] node validation exception
[1] bootstrap checks failed. You must address the points described in the following [1] lines before starting Elasticsearch.
bootstrap check failure [1] of [1]: max virtual memory areas vm.max_map_count [65530] is too low, increase to at least [262144]
2024.05.01 09:17:44 INFO  es[][o.e.n.Node] stopping ...
2024.05.01 09:17:44 INFO  es[][o.e.n.Node] stopped
2024.05.01 09:17:44 INFO  es[][o.e.n.Node] closing ...
2024.05.01 09:17:44 INFO  es[][o.e.n.Node] closed
2024.05.01 09:17:59 INFO  es[][o.e.n.Node] version[7.17.5], pid[38], build[default/tar/8d61b4f7ddf931f219e3745f295ed2bbc50c8e84/2022-06-23T21:57:28.736740635Z], OS[Linux/6.5.0-28-generic/amd64], JVM[Alpine/OpenJDK 64-Bit Server VM/11.0.15/11.0.15+10-alpine-r0]
2024.05.01 09:17:59 INFO  es[][o.e.n.Node] JVM home [/usr/lib/jvm/java-11-openjdk]
2024.05.01 09:17:59 INFO  es[][o.e.n.Node] JVM arguments [-XX:+UseG1GC, -Djava.io.tmpdir=/opt/sonarqube/temp, -XX:ErrorFile=../logs/es_hs_err_pid%p.log, -Des.networkaddress.cache.ttl=60, -Des.networkaddress.cache.negative.ttl=10, -XX:+AlwaysPreTouch, -Xss1m, -Djava.awt.headless=true, -Dfile.encoding=UTF-8, -Djna.nosys=true, -Djna.tmpdir=/opt/sonarqube/temp, -XX:-OmitStackTraceInFastThrow, -Dio.netty.noUnsafe=true, -Dio.netty.noKeySetOptimization=true, -Dio.netty.recycler.maxCapacityPerThread=0, -Dio.netty.allocator.numDirectArenas=0, -Dlog4j.shutdownHookEnabled=false, -Dlog4j2.disable.jmx=true, -Dlog4j2.formatMsgNoLookups=true, -Djava.locale.providers=COMPAT, -Dcom.redhat.fips=false, -Des.enforce.bootstrap.checks=true, -Xmx512m, -Xms512m, -XX:MaxDirectMemorySize=256m, -XX:+HeapDumpOnOutOfMemoryError, -Des.path.home=/opt/sonarqube/elasticsearch, -Des.path.conf=/opt/sonarqube/temp/conf/es, -Des.distribution.flavor=default, -Des.distribution.type=tar, -Des.bundled_jdk=false]
2024.05.01 09:18:00 INFO  es[][o.e.p.PluginsService] loaded module [analysis-common]
2024.05.01 09:18:00 INFO  es[][o.e.p.PluginsService] loaded module [lang-painless]
2024.05.01 09:18:00 INFO  es[][o.e.p.PluginsService] loaded module [parent-join]
2024.05.01 09:18:00 INFO  es[][o.e.p.PluginsService] loaded module [reindex]
2024.05.01 09:18:00 INFO  es[][o.e.p.PluginsService] loaded module [transport-netty4]
2024.05.01 09:18:00 INFO  es[][o.e.p.PluginsService] no plugins loaded
2024.05.01 09:18:00 INFO  es[][o.e.e.NodeEnvironment] using [1] data paths, mounts [[/opt/sonarqube/data (/dev/nvme0n1p6)]], net usable_space [70.2gb], net total_space [129.3gb], types [ext4]
2024.05.01 09:18:00 INFO  es[][o.e.e.NodeEnvironment] heap size [512mb], compressed ordinary object pointers [true]
2024.05.01 09:18:00 INFO  es[][o.e.n.Node] node name [sonarqube], node ID [75t1LEVFTCqcxRjR75reJA], cluster name [sonarqube], roles [data_frozen, master, remote_cluster_client, data, data_content, data_hot, data_warm, data_cold, ingest]
2024.05.01 09:18:02 INFO  es[][o.e.t.NettyAllocator] creating NettyAllocator with the following configs: [name=unpooled, suggested_max_allocation_size=256kb, factors={es.unsafe.use_unpooled_allocator=null, g1gc_enabled=true, g1gc_region_size=1mb, heap_size=512mb}]
2024.05.01 09:18:02 INFO  es[][o.e.i.r.RecoverySettings] using rate limit [40mb] with [default=40mb, read=0b, write=0b, max=0b]
2024.05.01 09:18:02 INFO  es[][o.e.d.DiscoveryModule] using discovery type [zen] and seed hosts providers [settings]
2024.05.01 09:18:03 INFO  es[][o.e.g.DanglingIndicesState] gateway.auto_import_dangling_indices is disabled, dangling indices will not be automatically detected or imported and must be managed manually
2024.05.01 09:18:03 INFO  es[][o.e.n.Node] initialized
2024.05.01 09:18:03 INFO  es[][o.e.n.Node] starting ...
2024.05.01 09:18:03 INFO  es[][o.e.t.TransportService] publish_address {127.0.0.1:40601}, bound_addresses {127.0.0.1:40601}
2024.05.01 09:18:03 INFO  es[][o.e.b.BootstrapChecks] explicitly enforcing bootstrap checks
2024.05.01 09:18:03 ERROR es[][o.e.b.Bootstrap] node validation exception
[1] bootstrap checks failed. You must address the points described in the following [1] lines before starting Elasticsearch.
bootstrap check failure [1] of [1]: max virtual memory areas vm.max_map_count [65530] is too low, increase to at least [262144]
2024.05.01 09:18:03 INFO  es[][o.e.n.Node] stopping ...
2024.05.01 09:18:03 INFO  es[][o.e.n.Node] stopped
2024.05.01 09:18:03 INFO  es[][o.e.n.Node] closing ...
2024.05.01 09:18:03 INFO  es[][o.e.n.Node] closed
2024.05.01 09:18:31 INFO  es[][o.e.n.Node] version[7.17.5], pid[38], build[default/tar/8d61b4f7ddf931f219e3745f295ed2bbc50c8e84/2022-06-23T21:57:28.736740635Z], OS[Linux/6.5.0-28-generic/amd64], JVM[Alpine/OpenJDK 64-Bit Server VM/11.0.15/11.0.15+10-alpine-r0]
2024.05.01 09:18:31 INFO  es[][o.e.n.Node] JVM home [/usr/lib/jvm/java-11-openjdk]
2024.05.01 09:18:31 INFO  es[][o.e.n.Node] JVM arguments [-XX:+UseG1GC, -Djava.io.tmpdir=/opt/sonarqube/temp, -XX:ErrorFile=../logs/es_hs_err_pid%p.log, -Des.networkaddress.cache.ttl=60, -Des.networkaddress.cache.negative.ttl=10, -XX:+AlwaysPreTouch, -Xss1m, -Djava.awt.headless=true, -Dfile.encoding=UTF-8, -Djna.nosys=true, -Djna.tmpdir=/opt/sonarqube/temp, -XX:-OmitStackTraceInFastThrow, -Dio.netty.noUnsafe=true, -Dio.netty.noKeySetOptimization=true, -Dio.netty.recycler.maxCapacityPerThread=0, -Dio.netty.allocator.numDirectArenas=0, -Dlog4j.shutdownHookEnabled=false, -Dlog4j2.disable.jmx=true, -Dlog4j2.formatMsgNoLookups=true, -Djava.locale.providers=COMPAT, -Dcom.redhat.fips=false, -Des.enforce.bootstrap.checks=true, -Xmx512m, -Xms512m, -XX:MaxDirectMemorySize=256m, -XX:+HeapDumpOnOutOfMemoryError, -Des.path.home=/opt/sonarqube/elasticsearch, -Des.path.conf=/opt/sonarqube/temp/conf/es, -Des.distribution.flavor=default, -Des.distribution.type=tar, -Des.bundled_jdk=false]
2024.05.01 09:18:31 INFO  es[][o.e.p.PluginsService] loaded module [analysis-common]
2024.05.01 09:18:31 INFO  es[][o.e.p.PluginsService] loaded module [lang-painless]
2024.05.01 09:18:31 INFO  es[][o.e.p.PluginsService] loaded module [parent-join]
2024.05.01 09:18:31 INFO  es[][o.e.p.PluginsService] loaded module [reindex]
2024.05.01 09:18:31 INFO  es[][o.e.p.PluginsService] loaded module [transport-netty4]
2024.05.01 09:18:31 INFO  es[][o.e.p.PluginsService] no plugins loaded
2024.05.01 09:18:31 INFO  es[][o.e.e.NodeEnvironment] using [1] data paths, mounts [[/opt/sonarqube/data (/dev/nvme0n1p6)]], net usable_space [70.2gb], net total_space [129.3gb], types [ext4]
2024.05.01 09:18:31 INFO  es[][o.e.e.NodeEnvironment] heap size [512mb], compressed ordinary object pointers [true]
2024.05.01 09:18:31 INFO  es[][o.e.n.Node] node name [sonarqube], node ID [75t1LEVFTCqcxRjR75reJA], cluster name [sonarqube], roles [data_frozen, master, remote_cluster_client, data, data_content, data_hot, data_warm, data_cold, ingest]
2024.05.01 09:18:33 INFO  es[][o.e.t.NettyAllocator] creating NettyAllocator with the following configs: [name=unpooled, suggested_max_allocation_size=256kb, factors={es.unsafe.use_unpooled_allocator=null, g1gc_enabled=true, g1gc_region_size=1mb, heap_size=512mb}]
2024.05.01 09:18:33 INFO  es[][o.e.i.r.RecoverySettings] using rate limit [40mb] with [default=40mb, read=0b, write=0b, max=0b]
2024.05.01 09:18:33 INFO  es[][o.e.d.DiscoveryModule] using discovery type [zen] and seed hosts providers [settings]
2024.05.01 09:18:33 INFO  es[][o.e.g.DanglingIndicesState] gateway.auto_import_dangling_indices is disabled, dangling indices will not be automatically detected or imported and must be managed manually
2024.05.01 09:18:33 INFO  es[][o.e.n.Node] initialized
2024.05.01 09:18:33 INFO  es[][o.e.n.Node] starting ...
2024.05.01 09:18:34 INFO  es[][o.e.t.TransportService] publish_address {127.0.0.1:41471}, bound_addresses {127.0.0.1:41471}
2024.05.01 09:18:34 INFO  es[][o.e.b.BootstrapChecks] explicitly enforcing bootstrap checks
2024.05.01 09:18:34 ERROR es[][o.e.b.Bootstrap] node validation exception
[1] bootstrap checks failed. You must address the points described in the following [1] lines before starting Elasticsearch.
bootstrap check failure [1] of [1]: max virtual memory areas vm.max_map_count [65530] is too low, increase to at least [262144]
2024.05.01 09:18:34 INFO  es[][o.e.n.Node] stopping ...
2024.05.01 09:18:34 INFO  es[][o.e.n.Node] stopped
2024.05.01 09:18:34 INFO  es[][o.e.n.Node] closing ...
2024.05.01 09:18:34 INFO  es[][o.e.n.Node] closed
2024.05.01 09:19:27 INFO  es[][o.e.n.Node] version[7.17.5], pid[38], build[default/tar/8d61b4f7ddf931f219e3745f295ed2bbc50c8e84/2022-06-23T21:57:28.736740635Z], OS[Linux/6.5.0-28-generic/amd64], JVM[Alpine/OpenJDK 64-Bit Server VM/11.0.15/11.0.15+10-alpine-r0]
2024.05.01 09:19:27 INFO  es[][o.e.n.Node] JVM home [/usr/lib/jvm/java-11-openjdk]
2024.05.01 09:19:27 INFO  es[][o.e.n.Node] JVM arguments [-XX:+UseG1GC, -Djava.io.tmpdir=/opt/sonarqube/temp, -XX:ErrorFile=../logs/es_hs_err_pid%p.log, -Des.networkaddress.cache.ttl=60, -Des.networkaddress.cache.negative.ttl=10, -XX:+AlwaysPreTouch, -Xss1m, -Djava.awt.headless=true, -Dfile.encoding=UTF-8, -Djna.nosys=true, -Djna.tmpdir=/opt/sonarqube/temp, -XX:-OmitStackTraceInFastThrow, -Dio.netty.noUnsafe=true, -Dio.netty.noKeySetOptimization=true, -Dio.netty.recycler.maxCapacityPerThread=0, -Dio.netty.allocator.numDirectArenas=0, -Dlog4j.shutdownHookEnabled=false, -Dlog4j2.disable.jmx=true, -Dlog4j2.formatMsgNoLookups=true, -Djava.locale.providers=COMPAT, -Dcom.redhat.fips=false, -Des.enforce.bootstrap.checks=true, -Xmx512m, -Xms512m, -XX:MaxDirectMemorySize=256m, -XX:+HeapDumpOnOutOfMemoryError, -Des.path.home=/opt/sonarqube/elasticsearch, -Des.path.conf=/opt/sonarqube/temp/conf/es, -Des.distribution.flavor=default, -Des.distribution.type=tar, -Des.bundled_jdk=false]
2024.05.01 09:19:27 INFO  es[][o.e.p.PluginsService] loaded module [analysis-common]
2024.05.01 09:19:27 INFO  es[][o.e.p.PluginsService] loaded module [lang-painless]
2024.05.01 09:19:27 INFO  es[][o.e.p.PluginsService] loaded module [parent-join]
2024.05.01 09:19:27 INFO  es[][o.e.p.PluginsService] loaded module [reindex]
2024.05.01 09:19:27 INFO  es[][o.e.p.PluginsService] loaded module [transport-netty4]
2024.05.01 09:19:27 INFO  es[][o.e.p.PluginsService] no plugins loaded
2024.05.01 09:19:27 INFO  es[][o.e.e.NodeEnvironment] using [1] data paths, mounts [[/opt/sonarqube/data (/dev/nvme0n1p6)]], net usable_space [70.2gb], net total_space [129.3gb], types [ext4]
2024.05.01 09:19:27 INFO  es[][o.e.e.NodeEnvironment] heap size [512mb], compressed ordinary object pointers [true]
2024.05.01 09:19:27 INFO  es[][o.e.n.Node] node name [sonarqube], node ID [75t1LEVFTCqcxRjR75reJA], cluster name [sonarqube], roles [data_frozen, master, remote_cluster_client, data, data_content, data_hot, data_warm, data_cold, ingest]
2024.05.01 09:19:29 INFO  es[][o.e.t.NettyAllocator] creating NettyAllocator with the following configs: [name=unpooled, suggested_max_allocation_size=256kb, factors={es.unsafe.use_unpooled_allocator=null, g1gc_enabled=true, g1gc_region_size=1mb, heap_size=512mb}]
2024.05.01 09:19:29 INFO  es[][o.e.i.r.RecoverySettings] using rate limit [40mb] with [default=40mb, read=0b, write=0b, max=0b]
2024.05.01 09:19:29 INFO  es[][o.e.d.DiscoveryModule] using discovery type [zen] and seed hosts providers [settings]
2024.05.01 09:19:30 INFO  es[][o.e.g.DanglingIndicesState] gateway.auto_import_dangling_indices is disabled, dangling indices will not be automatically detected or imported and must be managed manually
2024.05.01 09:19:30 INFO  es[][o.e.n.Node] initialized
2024.05.01 09:19:30 INFO  es[][o.e.n.Node] starting ...
2024.05.01 09:19:30 INFO  es[][o.e.t.TransportService] publish_address {127.0.0.1:37853}, bound_addresses {127.0.0.1:37853}
2024.05.01 09:19:30 INFO  es[][o.e.b.BootstrapChecks] explicitly enforcing bootstrap checks
2024.05.01 09:19:30 ERROR es[][o.e.b.Bootstrap] node validation exception
[1] bootstrap checks failed. You must address the points described in the following [1] lines before starting Elasticsearch.
bootstrap check failure [1] of [1]: max virtual memory areas vm.max_map_count [65530] is too low, increase to at least [262144]
2024.05.01 09:19:30 INFO  es[][o.e.n.Node] stopping ...
2024.05.01 09:19:30 INFO  es[][o.e.n.Node] stopped
2024.05.01 09:19:30 INFO  es[][o.e.n.Node] closing ...
2024.05.01 09:19:30 INFO  es[][o.e.n.Node] closed
