2024.04.09 20:59:17 INFO  app[][o.s.a.AppFileSystem] Cleaning or creating temp directory /opt/sonarqube/temp
2024.04.09 20:59:17 INFO  app[][o.s.a.es.EsSettings] Elasticsearch listening on [HTTP: 127.0.0.1:9001, TCP: 127.0.0.1:35385]
2024.04.09 20:59:17 INFO  app[][o.s.a.ProcessLauncherImpl] Launch process[ELASTICSEARCH] from [/opt/sonarqube/elasticsearch]: /opt/sonarqube/elasticsearch/bin/elasticsearch
2024.04.09 20:59:17 INFO  app[][o.s.a.SchedulerImpl] Waiting for Elasticsearch to be up and running
2024.04.09 20:59:22 INFO  app[][o.s.a.SchedulerImpl] Process[es] is up
2024.04.09 20:59:22 INFO  app[][o.s.a.ProcessLauncherImpl] Launch process[WEB_SERVER] from [/opt/sonarqube]: /usr/lib/jvm/java-11-openjdk/bin/java -Djava.awt.headless=true -Dfile.encoding=UTF-8 -Djava.io.tmpdir=/opt/sonarqube/temp -XX:-OmitStackTraceInFastThrow --add-opens=java.base/java.util=ALL-UNNAMED --add-opens=java.base/java.lang=ALL-UNNAMED --add-opens=java.base/java.io=ALL-UNNAMED --add-opens=java.rmi/sun.rmi.transport=ALL-UNNAMED --add-exports=java.base/jdk.internal.ref=ALL-UNNAMED --add-opens=java.base/java.nio=ALL-UNNAMED --add-opens=java.base/sun.nio.ch=ALL-UNNAMED --add-opens=java.management/sun.management=ALL-UNNAMED --add-opens=jdk.management/com.sun.management.internal=ALL-UNNAMED -Dcom.redhat.fips=false -Xmx512m -Xms128m -XX:+HeapDumpOnOutOfMemoryError -Dhttp.nonProxyHosts=localhost|127.*|[::1] -cp ./lib/sonar-application-9.7.1.62043.jar:/opt/sonarqube/lib/jdbc/postgresql/postgresql-42.4.1.jar org.sonar.server.app.WebServer /opt/sonarqube/temp/sq-process4411993661030517740properties
2024.04.09 20:59:48 INFO  app[][o.s.a.SchedulerImpl] Process[web] is up
2024.04.09 20:59:48 INFO  app[][o.s.a.ProcessLauncherImpl] Launch process[COMPUTE_ENGINE] from [/opt/sonarqube]: /usr/lib/jvm/java-11-openjdk/bin/java -Djava.awt.headless=true -Dfile.encoding=UTF-8 -Djava.io.tmpdir=/opt/sonarqube/temp -XX:-OmitStackTraceInFastThrow --add-opens=java.base/java.util=ALL-UNNAMED --add-exports=java.base/jdk.internal.ref=ALL-UNNAMED --add-opens=java.base/java.lang=ALL-UNNAMED --add-opens=java.base/java.nio=ALL-UNNAMED --add-opens=java.base/sun.nio.ch=ALL-UNNAMED --add-opens=java.management/sun.management=ALL-UNNAMED --add-opens=jdk.management/com.sun.management.internal=ALL-UNNAMED -Dcom.redhat.fips=false -Xmx512m -Xms128m -XX:+HeapDumpOnOutOfMemoryError -Dhttp.nonProxyHosts=localhost|127.*|[::1] -cp ./lib/sonar-application-9.7.1.62043.jar:/opt/sonarqube/lib/jdbc/postgresql/postgresql-42.4.1.jar org.sonar.ce.app.CeServer /opt/sonarqube/temp/sq-process13224431193898343658properties
2024.04.09 20:59:48 WARN  app[][startup] ####################################################################################################################
2024.04.09 20:59:48 WARN  app[][startup] Default Administrator credentials are still being used. Make sure to change the password or deactivate the account.
2024.04.09 20:59:48 WARN  app[][startup] ####################################################################################################################
2024.04.09 20:59:51 INFO  app[][o.s.a.SchedulerImpl] Process[ce] is up
2024.04.09 20:59:51 INFO  app[][o.s.a.SchedulerImpl] SonarQube is operational
2024.04.09 21:08:11 INFO  app[][o.s.a.SchedulerImpl] Stopping SonarQube
2024.04.09 21:08:11 INFO  app[][o.s.a.SchedulerImpl] Sonarqube has been requested to stop
2024.04.09 21:08:11 INFO  app[][o.s.a.SchedulerImpl] Stopping [Compute Engine] process...
2024.04.09 21:08:12 INFO  app[][o.s.a.SchedulerImpl] Process[Compute Engine] is stopped
2024.04.09 21:08:12 INFO  app[][o.s.a.SchedulerImpl] Stopping [Web Server] process...
2024.04.09 21:08:12 INFO  app[][o.s.a.SchedulerImpl] Process[Web Server] is stopped
2024.04.09 21:08:12 INFO  app[][o.s.a.SchedulerImpl] Stopping [ElasticSearch] process...
2024.04.09 21:08:12 INFO  app[][o.s.a.SchedulerImpl] Process[ElasticSearch] is stopped
2024.04.09 21:08:12 WARN  app[][o.s.a.p.AbstractManagedProcess] Process exited with exit value [ElasticSearch]: 143
2024.04.09 21:08:12 INFO  app[][o.s.a.SchedulerImpl] SonarQube is stopped
2024.04.09 21:08:18 INFO  app[][o.s.a.AppFileSystem] Cleaning or creating temp directory /opt/sonarqube/temp
2024.04.09 21:08:18 INFO  app[][o.s.a.es.EsSettings] Elasticsearch listening on [HTTP: 127.0.0.1:9001, TCP: 127.0.0.1:42305]
2024.04.09 21:08:18 INFO  app[][o.s.a.ProcessLauncherImpl] Launch process[ELASTICSEARCH] from [/opt/sonarqube/elasticsearch]: /opt/sonarqube/elasticsearch/bin/elasticsearch
2024.04.09 21:08:18 INFO  app[][o.s.a.SchedulerImpl] Waiting for Elasticsearch to be up and running
2024.04.09 21:08:24 INFO  app[][o.s.a.SchedulerImpl] Process[es] is up
2024.04.09 21:08:24 INFO  app[][o.s.a.ProcessLauncherImpl] Launch process[WEB_SERVER] from [/opt/sonarqube]: /usr/lib/jvm/java-11-openjdk/bin/java -Djava.awt.headless=true -Dfile.encoding=UTF-8 -Djava.io.tmpdir=/opt/sonarqube/temp -XX:-OmitStackTraceInFastThrow --add-opens=java.base/java.util=ALL-UNNAMED --add-opens=java.base/java.lang=ALL-UNNAMED --add-opens=java.base/java.io=ALL-UNNAMED --add-opens=java.rmi/sun.rmi.transport=ALL-UNNAMED --add-exports=java.base/jdk.internal.ref=ALL-UNNAMED --add-opens=java.base/java.nio=ALL-UNNAMED --add-opens=java.base/sun.nio.ch=ALL-UNNAMED --add-opens=java.management/sun.management=ALL-UNNAMED --add-opens=jdk.management/com.sun.management.internal=ALL-UNNAMED -Dcom.redhat.fips=false -Xmx512m -Xms128m -XX:+HeapDumpOnOutOfMemoryError -Dhttp.nonProxyHosts=localhost|127.*|[::1] -cp ./lib/sonar-application-9.7.1.62043.jar:/opt/sonarqube/lib/jdbc/postgresql/postgresql-42.4.1.jar org.sonar.server.app.WebServer /opt/sonarqube/temp/sq-process6176628607788201193properties
2024.04.09 21:08:44 WARN  app[][startup] ####################################################################################################################
2024.04.09 21:08:44 WARN  app[][startup] Plugin(s) detected. Plugins are not provided by SonarSource and are therefore installed at your own risk. A SonarQube administrator needs to acknowledge this risk once logged in.
2024.04.09 21:08:44 WARN  app[][startup] ####################################################################################################################
2024.04.09 21:08:45 INFO  app[][o.s.a.SchedulerImpl] Process[web] is up
2024.04.09 21:08:45 INFO  app[][o.s.a.ProcessLauncherImpl] Launch process[COMPUTE_ENGINE] from [/opt/sonarqube]: /usr/lib/jvm/java-11-openjdk/bin/java -Djava.awt.headless=true -Dfile.encoding=UTF-8 -Djava.io.tmpdir=/opt/sonarqube/temp -XX:-OmitStackTraceInFastThrow --add-opens=java.base/java.util=ALL-UNNAMED --add-exports=java.base/jdk.internal.ref=ALL-UNNAMED --add-opens=java.base/java.lang=ALL-UNNAMED --add-opens=java.base/java.nio=ALL-UNNAMED --add-opens=java.base/sun.nio.ch=ALL-UNNAMED --add-opens=java.management/sun.management=ALL-UNNAMED --add-opens=jdk.management/com.sun.management.internal=ALL-UNNAMED -Dcom.redhat.fips=false -Xmx512m -Xms128m -XX:+HeapDumpOnOutOfMemoryError -Dhttp.nonProxyHosts=localhost|127.*|[::1] -cp ./lib/sonar-application-9.7.1.62043.jar:/opt/sonarqube/lib/jdbc/postgresql/postgresql-42.4.1.jar org.sonar.ce.app.CeServer /opt/sonarqube/temp/sq-process16143622428970743950properties
2024.04.09 21:08:48 INFO  app[][o.s.a.SchedulerImpl] Process[ce] is up
2024.04.09 21:08:48 INFO  app[][o.s.a.SchedulerImpl] SonarQube is operational
2024.04.09 23:17:39 INFO  app[][o.s.a.SchedulerImpl] Stopping SonarQube
2024.04.09 23:17:39 INFO  app[][o.s.a.SchedulerImpl] Sonarqube has been requested to stop
2024.04.09 23:17:39 INFO  app[][o.s.a.SchedulerImpl] Stopping [Compute Engine] process...
2024.04.09 23:17:39 INFO  app[][o.s.a.SchedulerImpl] Process[Compute Engine] is stopped
2024.04.09 23:17:39 INFO  app[][o.s.a.SchedulerImpl] Stopping [Web Server] process...
2024.04.09 23:17:40 INFO  app[][o.s.a.SchedulerImpl] Process[Web Server] is stopped
2024.04.09 23:17:40 INFO  app[][o.s.a.SchedulerImpl] Stopping [ElasticSearch] process...
2024.04.09 23:17:40 WARN  app[][o.s.a.p.AbstractManagedProcess] Process exited with exit value [ElasticSearch]: 143
2024.04.09 23:17:40 INFO  app[][o.s.a.SchedulerImpl] Process[ElasticSearch] is stopped
2024.04.09 23:17:40 INFO  app[][o.s.a.SchedulerImpl] SonarQube is stopped
