2024.04.23 00:28:23 INFO  web[AY8IzVtqegiS31z1AAQ1][o.s.u.c.UpdateCenter] The plugin 'config' version : 1.2.0.267 has not been found on the update center.
2024.04.23 00:28:23 INFO  web[AY8IzVtqegiS31z1AAQ1][o.s.u.c.UpdateCenter] The plugin 'csharp' version : 8.46.0.54807 has not been found on the update center.
2024.04.23 00:28:23 INFO  web[AY8IzVtqegiS31z1AAQ1][o.s.u.c.UpdateCenter] The plugin 'cxx' version : 2.1.1.488 has not been found on the update center.
2024.04.23 00:28:23 INFO  web[AY8IzVtqegiS31z1AAQ1][o.s.u.c.UpdateCenter] The plugin 'flex' version : 2.7.0.2865 has not been found on the update center.
2024.04.23 00:28:23 INFO  web[AY8IzVtqegiS31z1AAQ1][o.s.u.c.UpdateCenter] The plugin 'go' version : 1.11.0.3905 has not been found on the update center.
2024.04.23 00:28:23 INFO  web[AY8IzVtqegiS31z1AAQ1][o.s.u.c.UpdateCenter] The plugin 'iac' version : 1.9.2.2279 has not been found on the update center.
2024.04.23 00:28:23 INFO  web[AY8IzVtqegiS31z1AAQ1][o.s.u.c.UpdateCenter] The plugin 'jacoco' version : 1.1.1.1157 has not been found on the update center.
2024.04.23 00:28:23 INFO  web[AY8IzVtqegiS31z1AAQ1][o.s.u.c.UpdateCenter] The plugin 'java' version : 7.14.0.30229 has not been found on the update center.
2024.04.23 00:28:23 INFO  web[AY8IzVtqegiS31z1AAQ1][o.s.u.c.UpdateCenter] The plugin 'javascript' version : 9.9.0.19492 has not been found on the update center.
2024.04.23 00:28:23 INFO  web[AY8IzVtqegiS31z1AAQ1][o.s.u.c.UpdateCenter] The plugin 'kotlin' version : 2.10.0.1456 has not been found on the update center.
2024.04.23 00:28:23 INFO  web[AY8IzVtqegiS31z1AAQ1][o.s.u.c.UpdateCenter] The plugin 'php' version : 3.25.0.9077 has not been found on the update center.
2024.04.23 00:28:23 INFO  web[AY8IzVtqegiS31z1AAQ1][o.s.u.c.UpdateCenter] The plugin 'python' version : 3.19.0.10254 has not been found on the update center.
2024.04.23 00:28:23 INFO  web[AY8IzVtqegiS31z1AAQ1][o.s.u.c.UpdateCenter] The plugin 'ruby' version : 1.11.0.3905 has not been found on the update center.
2024.04.23 00:28:23 INFO  web[AY8IzVtqegiS31z1AAQ1][o.s.u.c.UpdateCenter] The plugin 'sonarscala' version : 1.11.0.3905 has not been found on the update center.
2024.04.23 00:28:23 INFO  web[AY8IzVtqegiS31z1AAQ1][o.s.u.c.UpdateCenter] The plugin 'text' version : 1.1.0.282 has not been found on the update center.
2024.04.23 00:28:23 INFO  web[AY8IzVtqegiS31z1AAQ1][o.s.u.c.UpdateCenter] The plugin 'vbnet' version : 8.46.0.54807 has not been found on the update center.
2024.04.23 00:28:23 INFO  web[AY8IzVtqegiS31z1AAQ1][o.s.u.c.UpdateCenter] The plugin 'web' version : 3.6.0.3106 has not been found on the update center.
2024.04.23 00:28:23 INFO  web[AY8IzVtqegiS31z1AAQ1][o.s.u.c.UpdateCenter] The plugin 'xml' version : 2.6.1.3686 has not been found on the update center.
2024.04.23 00:28:23 INFO  web[AY8IzVtqegiS31z1AAQ1][o.s.u.c.UpdateCenter] The plugin 'config' version : 1.2.0.267 has not been found on the update center.
2024.04.23 00:28:23 INFO  web[AY8IzVtqegiS31z1AAQ1][o.s.u.c.UpdateCenter] The plugin 'csharp' version : 8.46.0.54807 has not been found on the update center.
2024.04.23 00:28:23 INFO  web[AY8IzVtqegiS31z1AAQ1][o.s.u.c.UpdateCenter] The plugin 'cxx' version : 2.1.1.488 has not been found on the update center.
2024.04.23 00:28:23 INFO  web[AY8IzVtqegiS31z1AAQ1][o.s.u.c.UpdateCenter] The plugin 'flex' version : 2.7.0.2865 has not been found on the update center.
2024.04.23 00:28:23 INFO  web[AY8IzVtqegiS31z1AAQ1][o.s.u.c.UpdateCenter] The plugin 'go' version : 1.11.0.3905 has not been found on the update center.
2024.04.23 00:28:23 INFO  web[AY8IzVtqegiS31z1AAQ1][o.s.u.c.UpdateCenter] The plugin 'iac' version : 1.9.2.2279 has not been found on the update center.
2024.04.23 00:28:23 INFO  web[AY8IzVtqegiS31z1AAQ1][o.s.u.c.UpdateCenter] The plugin 'jacoco' version : 1.1.1.1157 has not been found on the update center.
2024.04.23 00:28:23 INFO  web[AY8IzVtqegiS31z1AAQ1][o.s.u.c.UpdateCenter] The plugin 'java' version : 7.14.0.30229 has not been found on the update center.
2024.04.23 00:28:23 INFO  web[AY8IzVtqegiS31z1AAQ1][o.s.u.c.UpdateCenter] The plugin 'javascript' version : 9.9.0.19492 has not been found on the update center.
2024.04.23 00:28:23 INFO  web[AY8IzVtqegiS31z1AAQ1][o.s.u.c.UpdateCenter] The plugin 'kotlin' version : 2.10.0.1456 has not been found on the update center.
2024.04.23 00:28:23 INFO  web[AY8IzVtqegiS31z1AAQ1][o.s.u.c.UpdateCenter] The plugin 'php' version : 3.25.0.9077 has not been found on the update center.
2024.04.23 00:28:23 INFO  web[AY8IzVtqegiS31z1AAQ1][o.s.u.c.UpdateCenter] The plugin 'python' version : 3.19.0.10254 has not been found on the update center.
2024.04.23 00:28:23 INFO  web[AY8IzVtqegiS31z1AAQ1][o.s.u.c.UpdateCenter] The plugin 'ruby' version : 1.11.0.3905 has not been found on the update center.
2024.04.23 00:28:23 INFO  web[AY8IzVtqegiS31z1AAQ1][o.s.u.c.UpdateCenter] The plugin 'sonarscala' version : 1.11.0.3905 has not been found on the update center.
2024.04.23 00:28:23 INFO  web[AY8IzVtqegiS31z1AAQ1][o.s.u.c.UpdateCenter] The plugin 'text' version : 1.1.0.282 has not been found on the update center.
2024.04.23 00:28:23 INFO  web[AY8IzVtqegiS31z1AAQ1][o.s.u.c.UpdateCenter] The plugin 'vbnet' version : 8.46.0.54807 has not been found on the update center.
2024.04.23 00:28:23 INFO  web[AY8IzVtqegiS31z1AAQ1][o.s.u.c.UpdateCenter] The plugin 'web' version : 3.6.0.3106 has not been found on the update center.
2024.04.23 00:28:23 INFO  web[AY8IzVtqegiS31z1AAQ1][o.s.u.c.UpdateCenter] The plugin 'xml' version : 2.6.1.3686 has not been found on the update center.
2024.04.23 00:28:23 INFO  web[AY8IzVtqegiS31z1AAQ1][o.s.u.c.UpdateCenter] The plugin 'config' version : 1.2.0.267 has not been found on the update center.
2024.04.23 00:28:23 INFO  web[AY8IzVtqegiS31z1AAQ1][o.s.u.c.UpdateCenter] The plugin 'csharp' version : 8.46.0.54807 has not been found on the update center.
2024.04.23 00:28:23 INFO  web[AY8IzVtqegiS31z1AAQ1][o.s.u.c.UpdateCenter] The plugin 'cxx' version : 2.1.1.488 has not been found on the update center.
2024.04.23 00:28:23 INFO  web[AY8IzVtqegiS31z1AAQ1][o.s.u.c.UpdateCenter] The plugin 'flex' version : 2.7.0.2865 has not been found on the update center.
2024.04.23 00:28:23 INFO  web[AY8IzVtqegiS31z1AAQ1][o.s.u.c.UpdateCenter] The plugin 'go' version : 1.11.0.3905 has not been found on the update center.
2024.04.23 00:28:23 INFO  web[AY8IzVtqegiS31z1AAQ1][o.s.u.c.UpdateCenter] The plugin 'iac' version : 1.9.2.2279 has not been found on the update center.
2024.04.23 00:28:23 INFO  web[AY8IzVtqegiS31z1AAQ1][o.s.u.c.UpdateCenter] The plugin 'jacoco' version : 1.1.1.1157 has not been found on the update center.
2024.04.23 00:28:23 INFO  web[AY8IzVtqegiS31z1AAQ1][o.s.u.c.UpdateCenter] The plugin 'java' version : 7.14.0.30229 has not been found on the update center.
2024.04.23 00:28:23 INFO  web[AY8IzVtqegiS31z1AAQ1][o.s.u.c.UpdateCenter] The plugin 'javascript' version : 9.9.0.19492 has not been found on the update center.
2024.04.23 00:28:23 INFO  web[AY8IzVtqegiS31z1AAQ1][o.s.u.c.UpdateCenter] The plugin 'kotlin' version : 2.10.0.1456 has not been found on the update center.
2024.04.23 00:28:23 INFO  web[AY8IzVtqegiS31z1AAQ1][o.s.u.c.UpdateCenter] The plugin 'php' version : 3.25.0.9077 has not been found on the update center.
2024.04.23 00:28:23 INFO  web[AY8IzVtqegiS31z1AAQ1][o.s.u.c.UpdateCenter] The plugin 'python' version : 3.19.0.10254 has not been found on the update center.
2024.04.23 00:28:23 INFO  web[AY8IzVtqegiS31z1AAQ1][o.s.u.c.UpdateCenter] The plugin 'ruby' version : 1.11.0.3905 has not been found on the update center.
2024.04.23 00:28:23 INFO  web[AY8IzVtqegiS31z1AAQ1][o.s.u.c.UpdateCenter] The plugin 'sonarscala' version : 1.11.0.3905 has not been found on the update center.
2024.04.23 00:28:23 INFO  web[AY8IzVtqegiS31z1AAQ1][o.s.u.c.UpdateCenter] The plugin 'text' version : 1.1.0.282 has not been found on the update center.
2024.04.23 00:28:23 INFO  web[AY8IzVtqegiS31z1AAQ1][o.s.u.c.UpdateCenter] The plugin 'vbnet' version : 8.46.0.54807 has not been found on the update center.
2024.04.23 00:28:23 INFO  web[AY8IzVtqegiS31z1AAQ1][o.s.u.c.UpdateCenter] The plugin 'web' version : 3.6.0.3106 has not been found on the update center.
2024.04.23 00:28:23 INFO  web[AY8IzVtqegiS31z1AAQ1][o.s.u.c.UpdateCenter] The plugin 'xml' version : 2.6.1.3686 has not been found on the update center.
2024.04.23 00:28:23 INFO  web[AY8IzVtqegiS31z1AAQ1][o.s.u.c.UpdateCenter] The plugin 'config' version : 1.2.0.267 has not been found on the update center.
2024.04.23 00:28:23 INFO  web[AY8IzVtqegiS31z1AAQ1][o.s.u.c.UpdateCenter] The plugin 'csharp' version : 8.46.0.54807 has not been found on the update center.
2024.04.23 00:28:23 INFO  web[AY8IzVtqegiS31z1AAQ1][o.s.u.c.UpdateCenter] The plugin 'cxx' version : 2.1.1.488 has not been found on the update center.
2024.04.23 00:28:23 INFO  web[AY8IzVtqegiS31z1AAQ1][o.s.u.c.UpdateCenter] The plugin 'flex' version : 2.7.0.2865 has not been found on the update center.
2024.04.23 00:28:23 INFO  web[AY8IzVtqegiS31z1AAQ1][o.s.u.c.UpdateCenter] The plugin 'go' version : 1.11.0.3905 has not been found on the update center.
2024.04.23 00:28:23 INFO  web[AY8IzVtqegiS31z1AAQ1][o.s.u.c.UpdateCenter] The plugin 'iac' version : 1.9.2.2279 has not been found on the update center.
2024.04.23 00:28:23 INFO  web[AY8IzVtqegiS31z1AAQ1][o.s.u.c.UpdateCenter] The plugin 'jacoco' version : 1.1.1.1157 has not been found on the update center.
2024.04.23 00:28:23 INFO  web[AY8IzVtqegiS31z1AAQ1][o.s.u.c.UpdateCenter] The plugin 'java' version : 7.14.0.30229 has not been found on the update center.
2024.04.23 00:28:23 INFO  web[AY8IzVtqegiS31z1AAQ1][o.s.u.c.UpdateCenter] The plugin 'javascript' version : 9.9.0.19492 has not been found on the update center.
2024.04.23 00:28:23 INFO  web[AY8IzVtqegiS31z1AAQ1][o.s.u.c.UpdateCenter] The plugin 'kotlin' version : 2.10.0.1456 has not been found on the update center.
2024.04.23 00:28:23 INFO  web[AY8IzVtqegiS31z1AAQ1][o.s.u.c.UpdateCenter] The plugin 'php' version : 3.25.0.9077 has not been found on the update center.
2024.04.23 00:28:23 INFO  web[AY8IzVtqegiS31z1AAQ1][o.s.u.c.UpdateCenter] The plugin 'python' version : 3.19.0.10254 has not been found on the update center.
2024.04.23 00:28:23 INFO  web[AY8IzVtqegiS31z1AAQ1][o.s.u.c.UpdateCenter] The plugin 'ruby' version : 1.11.0.3905 has not been found on the update center.
2024.04.23 00:28:23 INFO  web[AY8IzVtqegiS31z1AAQ1][o.s.u.c.UpdateCenter] The plugin 'sonarscala' version : 1.11.0.3905 has not been found on the update center.
2024.04.23 00:28:23 INFO  web[AY8IzVtqegiS31z1AAQ1][o.s.u.c.UpdateCenter] The plugin 'text' version : 1.1.0.282 has not been found on the update center.
2024.04.23 00:28:23 INFO  web[AY8IzVtqegiS31z1AAQ1][o.s.u.c.UpdateCenter] The plugin 'vbnet' version : 8.46.0.54807 has not been found on the update center.
2024.04.23 00:28:23 INFO  web[AY8IzVtqegiS31z1AAQ1][o.s.u.c.UpdateCenter] The plugin 'web' version : 3.6.0.3106 has not been found on the update center.
2024.04.23 00:28:23 INFO  web[AY8IzVtqegiS31z1AAQ1][o.s.u.c.UpdateCenter] The plugin 'xml' version : 2.6.1.3686 has not been found on the update center.
2024.04.23 00:28:23 INFO  web[AY8IzVtqegiS31z1AAQ1][o.s.u.c.UpdateCenter] The plugin 'config' version : 1.2.0.267 has not been found on the update center.
2024.04.23 00:28:23 INFO  web[AY8IzVtqegiS31z1AAQ1][o.s.u.c.UpdateCenter] The plugin 'csharp' version : 8.46.0.54807 has not been found on the update center.
2024.04.23 00:28:23 INFO  web[AY8IzVtqegiS31z1AAQ1][o.s.u.c.UpdateCenter] The plugin 'cxx' version : 2.1.1.488 has not been found on the update center.
2024.04.23 00:28:23 INFO  web[AY8IzVtqegiS31z1AAQ1][o.s.u.c.UpdateCenter] The plugin 'flex' version : 2.7.0.2865 has not been found on the update center.
2024.04.23 00:28:23 INFO  web[AY8IzVtqegiS31z1AAQ1][o.s.u.c.UpdateCenter] The plugin 'go' version : 1.11.0.3905 has not been found on the update center.
2024.04.23 00:28:23 INFO  web[AY8IzVtqegiS31z1AAQ1][o.s.u.c.UpdateCenter] The plugin 'iac' version : 1.9.2.2279 has not been found on the update center.
2024.04.23 00:28:23 INFO  web[AY8IzVtqegiS31z1AAQ1][o.s.u.c.UpdateCenter] The plugin 'jacoco' version : 1.1.1.1157 has not been found on the update center.
2024.04.23 00:28:23 INFO  web[AY8IzVtqegiS31z1AAQ1][o.s.u.c.UpdateCenter] The plugin 'java' version : 7.14.0.30229 has not been found on the update center.
2024.04.23 00:28:23 INFO  web[AY8IzVtqegiS31z1AAQ1][o.s.u.c.UpdateCenter] The plugin 'javascript' version : 9.9.0.19492 has not been found on the update center.
2024.04.23 00:28:23 INFO  web[AY8IzVtqegiS31z1AAQ1][o.s.u.c.UpdateCenter] The plugin 'kotlin' version : 2.10.0.1456 has not been found on the update center.
2024.04.23 00:28:23 INFO  web[AY8IzVtqegiS31z1AAQ1][o.s.u.c.UpdateCenter] The plugin 'php' version : 3.25.0.9077 has not been found on the update center.
2024.04.23 00:28:23 INFO  web[AY8IzVtqegiS31z1AAQ1][o.s.u.c.UpdateCenter] The plugin 'python' version : 3.19.0.10254 has not been found on the update center.
2024.04.23 00:28:23 INFO  web[AY8IzVtqegiS31z1AAQ1][o.s.u.c.UpdateCenter] The plugin 'ruby' version : 1.11.0.3905 has not been found on the update center.
2024.04.23 00:28:23 INFO  web[AY8IzVtqegiS31z1AAQ1][o.s.u.c.UpdateCenter] The plugin 'sonarscala' version : 1.11.0.3905 has not been found on the update center.
2024.04.23 00:28:23 INFO  web[AY8IzVtqegiS31z1AAQ1][o.s.u.c.UpdateCenter] The plugin 'text' version : 1.1.0.282 has not been found on the update center.
2024.04.23 00:28:23 INFO  web[AY8IzVtqegiS31z1AAQ1][o.s.u.c.UpdateCenter] The plugin 'vbnet' version : 8.46.0.54807 has not been found on the update center.
2024.04.23 00:28:23 INFO  web[AY8IzVtqegiS31z1AAQ1][o.s.u.c.UpdateCenter] The plugin 'web' version : 3.6.0.3106 has not been found on the update center.
2024.04.23 00:28:23 INFO  web[AY8IzVtqegiS31z1AAQ1][o.s.u.c.UpdateCenter] The plugin 'xml' version : 2.6.1.3686 has not been found on the update center.
2024.04.23 00:28:23 INFO  web[AY8IzVtqegiS31z1AAQ1][o.s.u.c.UpdateCenter] The plugin 'config' version : 1.2.0.267 has not been found on the update center.
2024.04.23 00:28:23 INFO  web[AY8IzVtqegiS31z1AAQ1][o.s.u.c.UpdateCenter] The plugin 'csharp' version : 8.46.0.54807 has not been found on the update center.
2024.04.23 00:28:23 INFO  web[AY8IzVtqegiS31z1AAQ1][o.s.u.c.UpdateCenter] The plugin 'cxx' version : 2.1.1.488 has not been found on the update center.
2024.04.23 00:28:23 INFO  web[AY8IzVtqegiS31z1AAQ1][o.s.u.c.UpdateCenter] The plugin 'flex' version : 2.7.0.2865 has not been found on the update center.
2024.04.23 00:28:23 INFO  web[AY8IzVtqegiS31z1AAQ1][o.s.u.c.UpdateCenter] The plugin 'go' version : 1.11.0.3905 has not been found on the update center.
2024.04.23 00:28:23 INFO  web[AY8IzVtqegiS31z1AAQ1][o.s.u.c.UpdateCenter] The plugin 'iac' version : 1.9.2.2279 has not been found on the update center.
2024.04.23 00:28:23 INFO  web[AY8IzVtqegiS31z1AAQ1][o.s.u.c.UpdateCenter] The plugin 'jacoco' version : 1.1.1.1157 has not been found on the update center.
2024.04.23 00:28:23 INFO  web[AY8IzVtqegiS31z1AAQ1][o.s.u.c.UpdateCenter] The plugin 'java' version : 7.14.0.30229 has not been found on the update center.
2024.04.23 00:28:23 INFO  web[AY8IzVtqegiS31z1AAQ1][o.s.u.c.UpdateCenter] The plugin 'javascript' version : 9.9.0.19492 has not been found on the update center.
2024.04.23 00:28:23 INFO  web[AY8IzVtqegiS31z1AAQ1][o.s.u.c.UpdateCenter] The plugin 'kotlin' version : 2.10.0.1456 has not been found on the update center.
2024.04.23 00:28:23 INFO  web[AY8IzVtqegiS31z1AAQ1][o.s.u.c.UpdateCenter] The plugin 'php' version : 3.25.0.9077 has not been found on the update center.
2024.04.23 00:28:23 INFO  web[AY8IzVtqegiS31z1AAQ1][o.s.u.c.UpdateCenter] The plugin 'python' version : 3.19.0.10254 has not been found on the update center.
2024.04.23 00:28:23 INFO  web[AY8IzVtqegiS31z1AAQ1][o.s.u.c.UpdateCenter] The plugin 'ruby' version : 1.11.0.3905 has not been found on the update center.
2024.04.23 00:28:23 INFO  web[AY8IzVtqegiS31z1AAQ1][o.s.u.c.UpdateCenter] The plugin 'sonarscala' version : 1.11.0.3905 has not been found on the update center.
2024.04.23 00:28:23 INFO  web[AY8IzVtqegiS31z1AAQ1][o.s.u.c.UpdateCenter] The plugin 'text' version : 1.1.0.282 has not been found on the update center.
2024.04.23 00:28:23 INFO  web[AY8IzVtqegiS31z1AAQ1][o.s.u.c.UpdateCenter] The plugin 'vbnet' version : 8.46.0.54807 has not been found on the update center.
2024.04.23 00:28:23 INFO  web[AY8IzVtqegiS31z1AAQ1][o.s.u.c.UpdateCenter] The plugin 'web' version : 3.6.0.3106 has not been found on the update center.
2024.04.23 00:28:23 INFO  web[AY8IzVtqegiS31z1AAQ1][o.s.u.c.UpdateCenter] The plugin 'xml' version : 2.6.1.3686 has not been found on the update center.
2024.04.23 00:28:23 INFO  web[AY8IzVtqegiS31z1AAQ1][o.s.u.c.UpdateCenter] The plugin 'config' version : 1.2.0.267 has not been found on the update center.
2024.04.23 00:28:23 INFO  web[AY8IzVtqegiS31z1AAQ1][o.s.u.c.UpdateCenter] The plugin 'csharp' version : 8.46.0.54807 has not been found on the update center.
2024.04.23 00:28:23 INFO  web[AY8IzVtqegiS31z1AAQ1][o.s.u.c.UpdateCenter] The plugin 'cxx' version : 2.1.1.488 has not been found on the update center.
2024.04.23 00:28:23 INFO  web[AY8IzVtqegiS31z1AAQ1][o.s.u.c.UpdateCenter] The plugin 'flex' version : 2.7.0.2865 has not been found on the update center.
2024.04.23 00:28:23 INFO  web[AY8IzVtqegiS31z1AAQ1][o.s.u.c.UpdateCenter] The plugin 'go' version : 1.11.0.3905 has not been found on the update center.
2024.04.23 00:28:23 INFO  web[AY8IzVtqegiS31z1AAQ1][o.s.u.c.UpdateCenter] The plugin 'iac' version : 1.9.2.2279 has not been found on the update center.
2024.04.23 00:28:23 INFO  web[AY8IzVtqegiS31z1AAQ1][o.s.u.c.UpdateCenter] The plugin 'jacoco' version : 1.1.1.1157 has not been found on the update center.
2024.04.23 00:28:23 INFO  web[AY8IzVtqegiS31z1AAQ1][o.s.u.c.UpdateCenter] The plugin 'java' version : 7.14.0.30229 has not been found on the update center.
2024.04.23 00:28:23 INFO  web[AY8IzVtqegiS31z1AAQ1][o.s.u.c.UpdateCenter] The plugin 'javascript' version : 9.9.0.19492 has not been found on the update center.
2024.04.23 00:28:23 INFO  web[AY8IzVtqegiS31z1AAQ1][o.s.u.c.UpdateCenter] The plugin 'kotlin' version : 2.10.0.1456 has not been found on the update center.
2024.04.23 00:28:23 INFO  web[AY8IzVtqegiS31z1AAQ1][o.s.u.c.UpdateCenter] The plugin 'php' version : 3.25.0.9077 has not been found on the update center.
2024.04.23 00:28:23 INFO  web[AY8IzVtqegiS31z1AAQ1][o.s.u.c.UpdateCenter] The plugin 'python' version : 3.19.0.10254 has not been found on the update center.
2024.04.23 00:28:23 INFO  web[AY8IzVtqegiS31z1AAQ1][o.s.u.c.UpdateCenter] The plugin 'ruby' version : 1.11.0.3905 has not been found on the update center.
2024.04.23 00:28:23 INFO  web[AY8IzVtqegiS31z1AAQ1][o.s.u.c.UpdateCenter] The plugin 'sonarscala' version : 1.11.0.3905 has not been found on the update center.
2024.04.23 00:28:23 INFO  web[AY8IzVtqegiS31z1AAQ1][o.s.u.c.UpdateCenter] The plugin 'text' version : 1.1.0.282 has not been found on the update center.
2024.04.23 00:28:23 INFO  web[AY8IzVtqegiS31z1AAQ1][o.s.u.c.UpdateCenter] The plugin 'vbnet' version : 8.46.0.54807 has not been found on the update center.
2024.04.23 00:28:23 INFO  web[AY8IzVtqegiS31z1AAQ1][o.s.u.c.UpdateCenter] The plugin 'web' version : 3.6.0.3106 has not been found on the update center.
2024.04.23 00:28:23 INFO  web[AY8IzVtqegiS31z1AAQ1][o.s.u.c.UpdateCenter] The plugin 'xml' version : 2.6.1.3686 has not been found on the update center.
2024.04.23 00:28:23 INFO  web[AY8IzVtqegiS31z1AAQ1][o.s.u.c.UpdateCenter] The plugin 'config' version : 1.2.0.267 has not been found on the update center.
2024.04.23 00:28:23 INFO  web[AY8IzVtqegiS31z1AAQ1][o.s.u.c.UpdateCenter] The plugin 'csharp' version : 8.46.0.54807 has not been found on the update center.
2024.04.23 00:28:23 INFO  web[AY8IzVtqegiS31z1AAQ1][o.s.u.c.UpdateCenter] The plugin 'cxx' version : 2.1.1.488 has not been found on the update center.
2024.04.23 00:28:23 INFO  web[AY8IzVtqegiS31z1AAQ1][o.s.u.c.UpdateCenter] The plugin 'flex' version : 2.7.0.2865 has not been found on the update center.
2024.04.23 00:28:23 INFO  web[AY8IzVtqegiS31z1AAQ1][o.s.u.c.UpdateCenter] The plugin 'go' version : 1.11.0.3905 has not been found on the update center.
2024.04.23 00:28:23 INFO  web[AY8IzVtqegiS31z1AAQ1][o.s.u.c.UpdateCenter] The plugin 'iac' version : 1.9.2.2279 has not been found on the update center.
2024.04.23 00:28:23 INFO  web[AY8IzVtqegiS31z1AAQ1][o.s.u.c.UpdateCenter] The plugin 'jacoco' version : 1.1.1.1157 has not been found on the update center.
2024.04.23 00:28:23 INFO  web[AY8IzVtqegiS31z1AAQ1][o.s.u.c.UpdateCenter] The plugin 'java' version : 7.14.0.30229 has not been found on the update center.
2024.04.23 00:28:23 INFO  web[AY8IzVtqegiS31z1AAQ1][o.s.u.c.UpdateCenter] The plugin 'javascript' version : 9.9.0.19492 has not been found on the update center.
2024.04.23 00:28:23 INFO  web[AY8IzVtqegiS31z1AAQ1][o.s.u.c.UpdateCenter] The plugin 'kotlin' version : 2.10.0.1456 has not been found on the update center.
2024.04.23 00:28:23 INFO  web[AY8IzVtqegiS31z1AAQ1][o.s.u.c.UpdateCenter] The plugin 'php' version : 3.25.0.9077 has not been found on the update center.
2024.04.23 00:28:23 INFO  web[AY8IzVtqegiS31z1AAQ1][o.s.u.c.UpdateCenter] The plugin 'python' version : 3.19.0.10254 has not been found on the update center.
2024.04.23 00:28:23 INFO  web[AY8IzVtqegiS31z1AAQ1][o.s.u.c.UpdateCenter] The plugin 'ruby' version : 1.11.0.3905 has not been found on the update center.
2024.04.23 00:28:23 INFO  web[AY8IzVtqegiS31z1AAQ1][o.s.u.c.UpdateCenter] The plugin 'sonarscala' version : 1.11.0.3905 has not been found on the update center.
2024.04.23 00:28:23 INFO  web[AY8IzVtqegiS31z1AAQ1][o.s.u.c.UpdateCenter] The plugin 'text' version : 1.1.0.282 has not been found on the update center.
2024.04.23 00:28:23 INFO  web[AY8IzVtqegiS31z1AAQ1][o.s.u.c.UpdateCenter] The plugin 'vbnet' version : 8.46.0.54807 has not been found on the update center.
2024.04.23 00:28:23 INFO  web[AY8IzVtqegiS31z1AAQ1][o.s.u.c.UpdateCenter] The plugin 'web' version : 3.6.0.3106 has not been found on the update center.
2024.04.23 00:28:23 INFO  web[AY8IzVtqegiS31z1AAQ1][o.s.u.c.UpdateCenter] The plugin 'xml' version : 2.6.1.3686 has not been found on the update center.
2024.04.23 00:28:23 INFO  web[AY8IzVtqegiS31z1AAQ1][o.s.u.c.UpdateCenter] The plugin 'config' version : 1.2.0.267 has not been found on the update center.
2024.04.23 00:28:23 INFO  web[AY8IzVtqegiS31z1AAQ1][o.s.u.c.UpdateCenter] The plugin 'csharp' version : 8.46.0.54807 has not been found on the update center.
2024.04.23 00:28:23 INFO  web[AY8IzVtqegiS31z1AAQ1][o.s.u.c.UpdateCenter] The plugin 'cxx' version : 2.1.1.488 has not been found on the update center.
2024.04.23 00:28:23 INFO  web[AY8IzVtqegiS31z1AAQ1][o.s.u.c.UpdateCenter] The plugin 'flex' version : 2.7.0.2865 has not been found on the update center.
2024.04.23 00:28:23 INFO  web[AY8IzVtqegiS31z1AAQ1][o.s.u.c.UpdateCenter] The plugin 'go' version : 1.11.0.3905 has not been found on the update center.
2024.04.23 00:28:23 INFO  web[AY8IzVtqegiS31z1AAQ1][o.s.u.c.UpdateCenter] The plugin 'iac' version : 1.9.2.2279 has not been found on the update center.
2024.04.23 00:28:23 INFO  web[AY8IzVtqegiS31z1AAQ1][o.s.u.c.UpdateCenter] The plugin 'jacoco' version : 1.1.1.1157 has not been found on the update center.
2024.04.23 00:28:23 INFO  web[AY8IzVtqegiS31z1AAQ1][o.s.u.c.UpdateCenter] The plugin 'java' version : 7.14.0.30229 has not been found on the update center.
2024.04.23 00:28:23 INFO  web[AY8IzVtqegiS31z1AAQ1][o.s.u.c.UpdateCenter] The plugin 'javascript' version : 9.9.0.19492 has not been found on the update center.
2024.04.23 00:28:23 INFO  web[AY8IzVtqegiS31z1AAQ1][o.s.u.c.UpdateCenter] The plugin 'kotlin' version : 2.10.0.1456 has not been found on the update center.
2024.04.23 00:28:23 INFO  web[AY8IzVtqegiS31z1AAQ1][o.s.u.c.UpdateCenter] The plugin 'php' version : 3.25.0.9077 has not been found on the update center.
2024.04.23 00:28:23 INFO  web[AY8IzVtqegiS31z1AAQ1][o.s.u.c.UpdateCenter] The plugin 'python' version : 3.19.0.10254 has not been found on the update center.
2024.04.23 00:28:23 INFO  web[AY8IzVtqegiS31z1AAQ1][o.s.u.c.UpdateCenter] The plugin 'ruby' version : 1.11.0.3905 has not been found on the update center.
2024.04.23 00:28:23 INFO  web[AY8IzVtqegiS31z1AAQ1][o.s.u.c.UpdateCenter] The plugin 'sonarscala' version : 1.11.0.3905 has not been found on the update center.
2024.04.23 00:28:23 INFO  web[AY8IzVtqegiS31z1AAQ1][o.s.u.c.UpdateCenter] The plugin 'text' version : 1.1.0.282 has not been found on the update center.
2024.04.23 00:28:23 INFO  web[AY8IzVtqegiS31z1AAQ1][o.s.u.c.UpdateCenter] The plugin 'vbnet' version : 8.46.0.54807 has not been found on the update center.
2024.04.23 00:28:23 INFO  web[AY8IzVtqegiS31z1AAQ1][o.s.u.c.UpdateCenter] The plugin 'web' version : 3.6.0.3106 has not been found on the update center.
2024.04.23 00:28:23 INFO  web[AY8IzVtqegiS31z1AAQ1][o.s.u.c.UpdateCenter] The plugin 'xml' version : 2.6.1.3686 has not been found on the update center.
2024.04.23 00:28:23 INFO  web[AY8IzVtqegiS31z1AAQ1][o.s.u.c.UpdateCenter] The plugin 'config' version : 1.2.0.267 has not been found on the update center.
2024.04.23 00:28:23 INFO  web[AY8IzVtqegiS31z1AAQ1][o.s.u.c.UpdateCenter] The plugin 'csharp' version : 8.46.0.54807 has not been found on the update center.
2024.04.23 00:28:23 INFO  web[AY8IzVtqegiS31z1AAQ1][o.s.u.c.UpdateCenter] The plugin 'cxx' version : 2.1.1.488 has not been found on the update center.
2024.04.23 00:28:23 INFO  web[AY8IzVtqegiS31z1AAQ1][o.s.u.c.UpdateCenter] The plugin 'flex' version : 2.7.0.2865 has not been found on the update center.
2024.04.23 00:28:23 INFO  web[AY8IzVtqegiS31z1AAQ1][o.s.u.c.UpdateCenter] The plugin 'go' version : 1.11.0.3905 has not been found on the update center.
2024.04.23 00:28:23 INFO  web[AY8IzVtqegiS31z1AAQ1][o.s.u.c.UpdateCenter] The plugin 'iac' version : 1.9.2.2279 has not been found on the update center.
2024.04.23 00:28:23 INFO  web[AY8IzVtqegiS31z1AAQ1][o.s.u.c.UpdateCenter] The plugin 'jacoco' version : 1.1.1.1157 has not been found on the update center.
2024.04.23 00:28:23 INFO  web[AY8IzVtqegiS31z1AAQ1][o.s.u.c.UpdateCenter] The plugin 'java' version : 7.14.0.30229 has not been found on the update center.
2024.04.23 00:28:23 INFO  web[AY8IzVtqegiS31z1AAQ1][o.s.u.c.UpdateCenter] The plugin 'javascript' version : 9.9.0.19492 has not been found on the update center.
2024.04.23 00:28:23 INFO  web[AY8IzVtqegiS31z1AAQ1][o.s.u.c.UpdateCenter] The plugin 'kotlin' version : 2.10.0.1456 has not been found on the update center.
2024.04.23 00:28:23 INFO  web[AY8IzVtqegiS31z1AAQ1][o.s.u.c.UpdateCenter] The plugin 'php' version : 3.25.0.9077 has not been found on the update center.
2024.04.23 00:28:23 INFO  web[AY8IzVtqegiS31z1AAQ1][o.s.u.c.UpdateCenter] The plugin 'python' version : 3.19.0.10254 has not been found on the update center.
2024.04.23 00:28:23 INFO  web[AY8IzVtqegiS31z1AAQ1][o.s.u.c.UpdateCenter] The plugin 'ruby' version : 1.11.0.3905 has not been found on the update center.
2024.04.23 00:28:23 INFO  web[AY8IzVtqegiS31z1AAQ1][o.s.u.c.UpdateCenter] The plugin 'sonarscala' version : 1.11.0.3905 has not been found on the update center.
2024.04.23 00:28:23 INFO  web[AY8IzVtqegiS31z1AAQ1][o.s.u.c.UpdateCenter] The plugin 'text' version : 1.1.0.282 has not been found on the update center.
2024.04.23 00:28:23 INFO  web[AY8IzVtqegiS31z1AAQ1][o.s.u.c.UpdateCenter] The plugin 'vbnet' version : 8.46.0.54807 has not been found on the update center.
2024.04.23 00:28:23 INFO  web[AY8IzVtqegiS31z1AAQ1][o.s.u.c.UpdateCenter] The plugin 'web' version : 3.6.0.3106 has not been found on the update center.
2024.04.23 00:28:23 INFO  web[AY8IzVtqegiS31z1AAQ1][o.s.u.c.UpdateCenter] The plugin 'xml' version : 2.6.1.3686 has not been found on the update center.
2024.04.23 00:28:23 INFO  web[AY8IzVtqegiS31z1AAQ1][o.s.u.c.UpdateCenter] The plugin 'config' version : 1.2.0.267 has not been found on the update center.
2024.04.23 00:28:23 INFO  web[AY8IzVtqegiS31z1AAQ1][o.s.u.c.UpdateCenter] The plugin 'csharp' version : 8.46.0.54807 has not been found on the update center.
2024.04.23 00:28:23 INFO  web[AY8IzVtqegiS31z1AAQ1][o.s.u.c.UpdateCenter] The plugin 'cxx' version : 2.1.1.488 has not been found on the update center.
2024.04.23 00:28:23 INFO  web[AY8IzVtqegiS31z1AAQ1][o.s.u.c.UpdateCenter] The plugin 'flex' version : 2.7.0.2865 has not been found on the update center.
2024.04.23 00:28:23 INFO  web[AY8IzVtqegiS31z1AAQ1][o.s.u.c.UpdateCenter] The plugin 'go' version : 1.11.0.3905 has not been found on the update center.
2024.04.23 00:28:23 INFO  web[AY8IzVtqegiS31z1AAQ1][o.s.u.c.UpdateCenter] The plugin 'iac' version : 1.9.2.2279 has not been found on the update center.
2024.04.23 00:28:23 INFO  web[AY8IzVtqegiS31z1AAQ1][o.s.u.c.UpdateCenter] The plugin 'jacoco' version : 1.1.1.1157 has not been found on the update center.
2024.04.23 00:28:23 INFO  web[AY8IzVtqegiS31z1AAQ1][o.s.u.c.UpdateCenter] The plugin 'java' version : 7.14.0.30229 has not been found on the update center.
2024.04.23 00:28:23 INFO  web[AY8IzVtqegiS31z1AAQ1][o.s.u.c.UpdateCenter] The plugin 'javascript' version : 9.9.0.19492 has not been found on the update center.
2024.04.23 00:28:23 INFO  web[AY8IzVtqegiS31z1AAQ1][o.s.u.c.UpdateCenter] The plugin 'kotlin' version : 2.10.0.1456 has not been found on the update center.
2024.04.23 00:28:23 INFO  web[AY8IzVtqegiS31z1AAQ1][o.s.u.c.UpdateCenter] The plugin 'php' version : 3.25.0.9077 has not been found on the update center.
2024.04.23 00:28:23 INFO  web[AY8IzVtqegiS31z1AAQ1][o.s.u.c.UpdateCenter] The plugin 'python' version : 3.19.0.10254 has not been found on the update center.
2024.04.23 00:28:23 INFO  web[AY8IzVtqegiS31z1AAQ1][o.s.u.c.UpdateCenter] The plugin 'ruby' version : 1.11.0.3905 has not been found on the update center.
2024.04.23 00:28:23 INFO  web[AY8IzVtqegiS31z1AAQ1][o.s.u.c.UpdateCenter] The plugin 'sonarscala' version : 1.11.0.3905 has not been found on the update center.
2024.04.23 00:28:23 INFO  web[AY8IzVtqegiS31z1AAQ1][o.s.u.c.UpdateCenter] The plugin 'text' version : 1.1.0.282 has not been found on the update center.
2024.04.23 00:28:23 INFO  web[AY8IzVtqegiS31z1AAQ1][o.s.u.c.UpdateCenter] The plugin 'vbnet' version : 8.46.0.54807 has not been found on the update center.
2024.04.23 00:28:23 INFO  web[AY8IzVtqegiS31z1AAQ1][o.s.u.c.UpdateCenter] The plugin 'web' version : 3.6.0.3106 has not been found on the update center.
2024.04.23 00:28:23 INFO  web[AY8IzVtqegiS31z1AAQ1][o.s.u.c.UpdateCenter] The plugin 'xml' version : 2.6.1.3686 has not been found on the update center.
2024.04.23 00:28:23 INFO  web[AY8IzVtqegiS31z1AAQ1][o.s.u.c.UpdateCenter] The plugin 'config' version : 1.2.0.267 has not been found on the update center.
2024.04.23 00:28:23 INFO  web[AY8IzVtqegiS31z1AAQ1][o.s.u.c.UpdateCenter] The plugin 'csharp' version : 8.46.0.54807 has not been found on the update center.
2024.04.23 00:28:23 INFO  web[AY8IzVtqegiS31z1AAQ1][o.s.u.c.UpdateCenter] The plugin 'cxx' version : 2.1.1.488 has not been found on the update center.
2024.04.23 00:28:23 INFO  web[AY8IzVtqegiS31z1AAQ1][o.s.u.c.UpdateCenter] The plugin 'flex' version : 2.7.0.2865 has not been found on the update center.
2024.04.23 00:28:23 INFO  web[AY8IzVtqegiS31z1AAQ1][o.s.u.c.UpdateCenter] The plugin 'go' version : 1.11.0.3905 has not been found on the update center.
2024.04.23 00:28:23 INFO  web[AY8IzVtqegiS31z1AAQ1][o.s.u.c.UpdateCenter] The plugin 'iac' version : 1.9.2.2279 has not been found on the update center.
2024.04.23 00:28:23 INFO  web[AY8IzVtqegiS31z1AAQ1][o.s.u.c.UpdateCenter] The plugin 'jacoco' version : 1.1.1.1157 has not been found on the update center.
2024.04.23 00:28:23 INFO  web[AY8IzVtqegiS31z1AAQ1][o.s.u.c.UpdateCenter] The plugin 'java' version : 7.14.0.30229 has not been found on the update center.
2024.04.23 00:28:23 INFO  web[AY8IzVtqegiS31z1AAQ1][o.s.u.c.UpdateCenter] The plugin 'javascript' version : 9.9.0.19492 has not been found on the update center.
2024.04.23 00:28:23 INFO  web[AY8IzVtqegiS31z1AAQ1][o.s.u.c.UpdateCenter] The plugin 'kotlin' version : 2.10.0.1456 has not been found on the update center.
2024.04.23 00:28:23 INFO  web[AY8IzVtqegiS31z1AAQ1][o.s.u.c.UpdateCenter] The plugin 'php' version : 3.25.0.9077 has not been found on the update center.
2024.04.23 00:28:23 INFO  web[AY8IzVtqegiS31z1AAQ1][o.s.u.c.UpdateCenter] The plugin 'python' version : 3.19.0.10254 has not been found on the update center.
2024.04.23 00:28:23 INFO  web[AY8IzVtqegiS31z1AAQ1][o.s.u.c.UpdateCenter] The plugin 'ruby' version : 1.11.0.3905 has not been found on the update center.
2024.04.23 00:28:23 INFO  web[AY8IzVtqegiS31z1AAQ1][o.s.u.c.UpdateCenter] The plugin 'sonarscala' version : 1.11.0.3905 has not been found on the update center.
2024.04.23 00:28:23 INFO  web[AY8IzVtqegiS31z1AAQ1][o.s.u.c.UpdateCenter] The plugin 'text' version : 1.1.0.282 has not been found on the update center.
2024.04.23 00:28:23 INFO  web[AY8IzVtqegiS31z1AAQ1][o.s.u.c.UpdateCenter] The plugin 'vbnet' version : 8.46.0.54807 has not been found on the update center.
2024.04.23 00:28:23 INFO  web[AY8IzVtqegiS31z1AAQ1][o.s.u.c.UpdateCenter] The plugin 'web' version : 3.6.0.3106 has not been found on the update center.
2024.04.23 00:28:23 INFO  web[AY8IzVtqegiS31z1AAQ1][o.s.u.c.UpdateCenter] The plugin 'xml' version : 2.6.1.3686 has not been found on the update center.
2024.04.23 00:28:23 INFO  web[AY8IzVtqegiS31z1AAQ1][o.s.u.c.UpdateCenter] The plugin 'config' version : 1.2.0.267 has not been found on the update center.
2024.04.23 00:28:23 INFO  web[AY8IzVtqegiS31z1AAQ1][o.s.u.c.UpdateCenter] The plugin 'csharp' version : 8.46.0.54807 has not been found on the update center.
2024.04.23 00:28:23 INFO  web[AY8IzVtqegiS31z1AAQ1][o.s.u.c.UpdateCenter] The plugin 'cxx' version : 2.1.1.488 has not been found on the update center.
2024.04.23 00:28:23 INFO  web[AY8IzVtqegiS31z1AAQ1][o.s.u.c.UpdateCenter] The plugin 'flex' version : 2.7.0.2865 has not been found on the update center.
2024.04.23 00:28:23 INFO  web[AY8IzVtqegiS31z1AAQ1][o.s.u.c.UpdateCenter] The plugin 'go' version : 1.11.0.3905 has not been found on the update center.
2024.04.23 00:28:23 INFO  web[AY8IzVtqegiS31z1AAQ1][o.s.u.c.UpdateCenter] The plugin 'iac' version : 1.9.2.2279 has not been found on the update center.
2024.04.23 00:28:23 INFO  web[AY8IzVtqegiS31z1AAQ1][o.s.u.c.UpdateCenter] The plugin 'jacoco' version : 1.1.1.1157 has not been found on the update center.
2024.04.23 00:28:23 INFO  web[AY8IzVtqegiS31z1AAQ1][o.s.u.c.UpdateCenter] The plugin 'java' version : 7.14.0.30229 has not been found on the update center.
2024.04.23 00:28:23 INFO  web[AY8IzVtqegiS31z1AAQ1][o.s.u.c.UpdateCenter] The plugin 'javascript' version : 9.9.0.19492 has not been found on the update center.
2024.04.23 00:28:23 INFO  web[AY8IzVtqegiS31z1AAQ1][o.s.u.c.UpdateCenter] The plugin 'kotlin' version : 2.10.0.1456 has not been found on the update center.
2024.04.23 00:28:23 INFO  web[AY8IzVtqegiS31z1AAQ1][o.s.u.c.UpdateCenter] The plugin 'php' version : 3.25.0.9077 has not been found on the update center.
2024.04.23 00:28:23 INFO  web[AY8IzVtqegiS31z1AAQ1][o.s.u.c.UpdateCenter] The plugin 'python' version : 3.19.0.10254 has not been found on the update center.
2024.04.23 00:28:23 INFO  web[AY8IzVtqegiS31z1AAQ1][o.s.u.c.UpdateCenter] The plugin 'ruby' version : 1.11.0.3905 has not been found on the update center.
2024.04.23 00:28:23 INFO  web[AY8IzVtqegiS31z1AAQ1][o.s.u.c.UpdateCenter] The plugin 'sonarscala' version : 1.11.0.3905 has not been found on the update center.
2024.04.23 00:28:23 INFO  web[AY8IzVtqegiS31z1AAQ1][o.s.u.c.UpdateCenter] The plugin 'text' version : 1.1.0.282 has not been found on the update center.
2024.04.23 00:28:23 INFO  web[AY8IzVtqegiS31z1AAQ1][o.s.u.c.UpdateCenter] The plugin 'vbnet' version : 8.46.0.54807 has not been found on the update center.
2024.04.23 00:28:23 INFO  web[AY8IzVtqegiS31z1AAQ1][o.s.u.c.UpdateCenter] The plugin 'web' version : 3.6.0.3106 has not been found on the update center.
2024.04.23 00:28:23 INFO  web[AY8IzVtqegiS31z1AAQ1][o.s.u.c.UpdateCenter] The plugin 'xml' version : 2.6.1.3686 has not been found on the update center.
2024.04.23 00:29:17 INFO  web[AY8IzVtqegiS31z1AASH][o.s.u.c.UpdateCenter] The plugin 'config' version : 1.2.0.267 has not been found on the update center.
2024.04.23 00:29:17 INFO  web[AY8IzVtqegiS31z1AASH][o.s.u.c.UpdateCenter] The plugin 'csharp' version : 8.46.0.54807 has not been found on the update center.
2024.04.23 00:29:17 INFO  web[AY8IzVtqegiS31z1AASH][o.s.u.c.UpdateCenter] The plugin 'cxx' version : 2.1.1.488 has not been found on the update center.
2024.04.23 00:29:17 INFO  web[AY8IzVtqegiS31z1AASH][o.s.u.c.UpdateCenter] The plugin 'flex' version : 2.7.0.2865 has not been found on the update center.
2024.04.23 00:29:17 INFO  web[AY8IzVtqegiS31z1AASH][o.s.u.c.UpdateCenter] The plugin 'go' version : 1.11.0.3905 has not been found on the update center.
2024.04.23 00:29:17 INFO  web[AY8IzVtqegiS31z1AASH][o.s.u.c.UpdateCenter] The plugin 'iac' version : 1.9.2.2279 has not been found on the update center.
2024.04.23 00:29:17 INFO  web[AY8IzVtqegiS31z1AASH][o.s.u.c.UpdateCenter] The plugin 'jacoco' version : 1.1.1.1157 has not been found on the update center.
2024.04.23 00:29:17 INFO  web[AY8IzVtqegiS31z1AASH][o.s.u.c.UpdateCenter] The plugin 'java' version : 7.14.0.30229 has not been found on the update center.
2024.04.23 00:29:17 INFO  web[AY8IzVtqegiS31z1AASH][o.s.u.c.UpdateCenter] The plugin 'javascript' version : 9.9.0.19492 has not been found on the update center.
2024.04.23 00:29:17 INFO  web[AY8IzVtqegiS31z1AASH][o.s.u.c.UpdateCenter] The plugin 'kotlin' version : 2.10.0.1456 has not been found on the update center.
2024.04.23 00:29:17 INFO  web[AY8IzVtqegiS31z1AASH][o.s.u.c.UpdateCenter] The plugin 'php' version : 3.25.0.9077 has not been found on the update center.
2024.04.23 00:29:17 INFO  web[AY8IzVtqegiS31z1AASH][o.s.u.c.UpdateCenter] The plugin 'python' version : 3.19.0.10254 has not been found on the update center.
2024.04.23 00:29:17 INFO  web[AY8IzVtqegiS31z1AASH][o.s.u.c.UpdateCenter] The plugin 'ruby' version : 1.11.0.3905 has not been found on the update center.
2024.04.23 00:29:17 INFO  web[AY8IzVtqegiS31z1AASH][o.s.u.c.UpdateCenter] The plugin 'sonarscala' version : 1.11.0.3905 has not been found on the update center.
2024.04.23 00:29:17 INFO  web[AY8IzVtqegiS31z1AASH][o.s.u.c.UpdateCenter] The plugin 'text' version : 1.1.0.282 has not been found on the update center.
2024.04.23 00:29:17 INFO  web[AY8IzVtqegiS31z1AASH][o.s.u.c.UpdateCenter] The plugin 'vbnet' version : 8.46.0.54807 has not been found on the update center.
2024.04.23 00:29:17 INFO  web[AY8IzVtqegiS31z1AASH][o.s.u.c.UpdateCenter] The plugin 'web' version : 3.6.0.3106 has not been found on the update center.
2024.04.23 00:29:17 INFO  web[AY8IzVtqegiS31z1AASH][o.s.u.c.UpdateCenter] The plugin 'xml' version : 2.6.1.3686 has not been found on the update center.
2024.04.23 00:29:17 INFO  web[AY8IzVtqegiS31z1AASH][o.s.u.c.UpdateCenter] The plugin 'config' version : 1.2.0.267 has not been found on the update center.
2024.04.23 00:29:17 INFO  web[AY8IzVtqegiS31z1AASH][o.s.u.c.UpdateCenter] The plugin 'csharp' version : 8.46.0.54807 has not been found on the update center.
2024.04.23 00:29:17 INFO  web[AY8IzVtqegiS31z1AASH][o.s.u.c.UpdateCenter] The plugin 'cxx' version : 2.1.1.488 has not been found on the update center.
2024.04.23 00:29:17 INFO  web[AY8IzVtqegiS31z1AASH][o.s.u.c.UpdateCenter] The plugin 'flex' version : 2.7.0.2865 has not been found on the update center.
2024.04.23 00:29:17 INFO  web[AY8IzVtqegiS31z1AASH][o.s.u.c.UpdateCenter] The plugin 'go' version : 1.11.0.3905 has not been found on the update center.
2024.04.23 00:29:17 INFO  web[AY8IzVtqegiS31z1AASH][o.s.u.c.UpdateCenter] The plugin 'iac' version : 1.9.2.2279 has not been found on the update center.
2024.04.23 00:29:17 INFO  web[AY8IzVtqegiS31z1AASH][o.s.u.c.UpdateCenter] The plugin 'jacoco' version : 1.1.1.1157 has not been found on the update center.
2024.04.23 00:29:17 INFO  web[AY8IzVtqegiS31z1AASH][o.s.u.c.UpdateCenter] The plugin 'java' version : 7.14.0.30229 has not been found on the update center.
2024.04.23 00:29:17 INFO  web[AY8IzVtqegiS31z1AASH][o.s.u.c.UpdateCenter] The plugin 'javascript' version : 9.9.0.19492 has not been found on the update center.
2024.04.23 00:29:17 INFO  web[AY8IzVtqegiS31z1AASH][o.s.u.c.UpdateCenter] The plugin 'kotlin' version : 2.10.0.1456 has not been found on the update center.
2024.04.23 00:29:17 INFO  web[AY8IzVtqegiS31z1AASH][o.s.u.c.UpdateCenter] The plugin 'php' version : 3.25.0.9077 has not been found on the update center.
2024.04.23 00:29:17 INFO  web[AY8IzVtqegiS31z1AASH][o.s.u.c.UpdateCenter] The plugin 'python' version : 3.19.0.10254 has not been found on the update center.
2024.04.23 00:29:17 INFO  web[AY8IzVtqegiS31z1AASH][o.s.u.c.UpdateCenter] The plugin 'ruby' version : 1.11.0.3905 has not been found on the update center.
2024.04.23 00:29:17 INFO  web[AY8IzVtqegiS31z1AASH][o.s.u.c.UpdateCenter] The plugin 'sonarscala' version : 1.11.0.3905 has not been found on the update center.
2024.04.23 00:29:17 INFO  web[AY8IzVtqegiS31z1AASH][o.s.u.c.UpdateCenter] The plugin 'text' version : 1.1.0.282 has not been found on the update center.
2024.04.23 00:29:17 INFO  web[AY8IzVtqegiS31z1AASH][o.s.u.c.UpdateCenter] The plugin 'vbnet' version : 8.46.0.54807 has not been found on the update center.
2024.04.23 00:29:17 INFO  web[AY8IzVtqegiS31z1AASH][o.s.u.c.UpdateCenter] The plugin 'web' version : 3.6.0.3106 has not been found on the update center.
2024.04.23 00:29:17 INFO  web[AY8IzVtqegiS31z1AASH][o.s.u.c.UpdateCenter] The plugin 'xml' version : 2.6.1.3686 has not been found on the update center.
2024.04.23 00:29:17 INFO  web[AY8IzVtqegiS31z1AASH][o.s.u.c.UpdateCenter] The plugin 'config' version : 1.2.0.267 has not been found on the update center.
2024.04.23 00:29:17 INFO  web[AY8IzVtqegiS31z1AASH][o.s.u.c.UpdateCenter] The plugin 'csharp' version : 8.46.0.54807 has not been found on the update center.
2024.04.23 00:29:17 INFO  web[AY8IzVtqegiS31z1AASH][o.s.u.c.UpdateCenter] The plugin 'cxx' version : 2.1.1.488 has not been found on the update center.
2024.04.23 00:29:17 INFO  web[AY8IzVtqegiS31z1AASH][o.s.u.c.UpdateCenter] The plugin 'flex' version : 2.7.0.2865 has not been found on the update center.
2024.04.23 00:29:17 INFO  web[AY8IzVtqegiS31z1AASH][o.s.u.c.UpdateCenter] The plugin 'go' version : 1.11.0.3905 has not been found on the update center.
2024.04.23 00:29:17 INFO  web[AY8IzVtqegiS31z1AASH][o.s.u.c.UpdateCenter] The plugin 'iac' version : 1.9.2.2279 has not been found on the update center.
2024.04.23 00:29:17 INFO  web[AY8IzVtqegiS31z1AASH][o.s.u.c.UpdateCenter] The plugin 'jacoco' version : 1.1.1.1157 has not been found on the update center.
2024.04.23 00:29:17 INFO  web[AY8IzVtqegiS31z1AASH][o.s.u.c.UpdateCenter] The plugin 'java' version : 7.14.0.30229 has not been found on the update center.
2024.04.23 00:29:17 INFO  web[AY8IzVtqegiS31z1AASH][o.s.u.c.UpdateCenter] The plugin 'javascript' version : 9.9.0.19492 has not been found on the update center.
2024.04.23 00:29:17 INFO  web[AY8IzVtqegiS31z1AASH][o.s.u.c.UpdateCenter] The plugin 'kotlin' version : 2.10.0.1456 has not been found on the update center.
2024.04.23 00:29:17 INFO  web[AY8IzVtqegiS31z1AASH][o.s.u.c.UpdateCenter] The plugin 'php' version : 3.25.0.9077 has not been found on the update center.
2024.04.23 00:29:17 INFO  web[AY8IzVtqegiS31z1AASH][o.s.u.c.UpdateCenter] The plugin 'python' version : 3.19.0.10254 has not been found on the update center.
2024.04.23 00:29:17 INFO  web[AY8IzVtqegiS31z1AASH][o.s.u.c.UpdateCenter] The plugin 'ruby' version : 1.11.0.3905 has not been found on the update center.
2024.04.23 00:29:17 INFO  web[AY8IzVtqegiS31z1AASH][o.s.u.c.UpdateCenter] The plugin 'sonarscala' version : 1.11.0.3905 has not been found on the update center.
2024.04.23 00:29:17 INFO  web[AY8IzVtqegiS31z1AASH][o.s.u.c.UpdateCenter] The plugin 'text' version : 1.1.0.282 has not been found on the update center.
2024.04.23 00:29:17 INFO  web[AY8IzVtqegiS31z1AASH][o.s.u.c.UpdateCenter] The plugin 'vbnet' version : 8.46.0.54807 has not been found on the update center.
2024.04.23 00:29:17 INFO  web[AY8IzVtqegiS31z1AASH][o.s.u.c.UpdateCenter] The plugin 'web' version : 3.6.0.3106 has not been found on the update center.
2024.04.23 00:29:17 INFO  web[AY8IzVtqegiS31z1AASH][o.s.u.c.UpdateCenter] The plugin 'xml' version : 2.6.1.3686 has not been found on the update center.
2024.04.23 00:29:17 INFO  web[AY8IzVtqegiS31z1AASH][o.s.u.c.UpdateCenter] The plugin 'config' version : 1.2.0.267 has not been found on the update center.
2024.04.23 00:29:17 INFO  web[AY8IzVtqegiS31z1AASH][o.s.u.c.UpdateCenter] The plugin 'csharp' version : 8.46.0.54807 has not been found on the update center.
2024.04.23 00:29:17 INFO  web[AY8IzVtqegiS31z1AASH][o.s.u.c.UpdateCenter] The plugin 'cxx' version : 2.1.1.488 has not been found on the update center.
2024.04.23 00:29:17 INFO  web[AY8IzVtqegiS31z1AASH][o.s.u.c.UpdateCenter] The plugin 'flex' version : 2.7.0.2865 has not been found on the update center.
2024.04.23 00:29:17 INFO  web[AY8IzVtqegiS31z1AASH][o.s.u.c.UpdateCenter] The plugin 'go' version : 1.11.0.3905 has not been found on the update center.
2024.04.23 00:29:17 INFO  web[AY8IzVtqegiS31z1AASH][o.s.u.c.UpdateCenter] The plugin 'iac' version : 1.9.2.2279 has not been found on the update center.
2024.04.23 00:29:17 INFO  web[AY8IzVtqegiS31z1AASH][o.s.u.c.UpdateCenter] The plugin 'jacoco' version : 1.1.1.1157 has not been found on the update center.
2024.04.23 00:29:17 INFO  web[AY8IzVtqegiS31z1AASH][o.s.u.c.UpdateCenter] The plugin 'java' version : 7.14.0.30229 has not been found on the update center.
2024.04.23 00:29:17 INFO  web[AY8IzVtqegiS31z1AASH][o.s.u.c.UpdateCenter] The plugin 'javascript' version : 9.9.0.19492 has not been found on the update center.
2024.04.23 00:29:17 INFO  web[AY8IzVtqegiS31z1AASH][o.s.u.c.UpdateCenter] The plugin 'kotlin' version : 2.10.0.1456 has not been found on the update center.
2024.04.23 00:29:17 INFO  web[AY8IzVtqegiS31z1AASH][o.s.u.c.UpdateCenter] The plugin 'php' version : 3.25.0.9077 has not been found on the update center.
2024.04.23 00:29:17 INFO  web[AY8IzVtqegiS31z1AASH][o.s.u.c.UpdateCenter] The plugin 'python' version : 3.19.0.10254 has not been found on the update center.
2024.04.23 00:29:17 INFO  web[AY8IzVtqegiS31z1AASH][o.s.u.c.UpdateCenter] The plugin 'ruby' version : 1.11.0.3905 has not been found on the update center.
2024.04.23 00:29:17 INFO  web[AY8IzVtqegiS31z1AASH][o.s.u.c.UpdateCenter] The plugin 'sonarscala' version : 1.11.0.3905 has not been found on the update center.
2024.04.23 00:29:17 INFO  web[AY8IzVtqegiS31z1AASH][o.s.u.c.UpdateCenter] The plugin 'text' version : 1.1.0.282 has not been found on the update center.
2024.04.23 00:29:17 INFO  web[AY8IzVtqegiS31z1AASH][o.s.u.c.UpdateCenter] The plugin 'vbnet' version : 8.46.0.54807 has not been found on the update center.
2024.04.23 00:29:17 INFO  web[AY8IzVtqegiS31z1AASH][o.s.u.c.UpdateCenter] The plugin 'web' version : 3.6.0.3106 has not been found on the update center.
2024.04.23 00:29:17 INFO  web[AY8IzVtqegiS31z1AASH][o.s.u.c.UpdateCenter] The plugin 'xml' version : 2.6.1.3686 has not been found on the update center.
2024.04.23 00:29:17 INFO  web[AY8IzVtqegiS31z1AASH][o.s.u.c.UpdateCenter] The plugin 'config' version : 1.2.0.267 has not been found on the update center.
2024.04.23 00:29:17 INFO  web[AY8IzVtqegiS31z1AASH][o.s.u.c.UpdateCenter] The plugin 'csharp' version : 8.46.0.54807 has not been found on the update center.
2024.04.23 00:29:17 INFO  web[AY8IzVtqegiS31z1AASH][o.s.u.c.UpdateCenter] The plugin 'cxx' version : 2.1.1.488 has not been found on the update center.
2024.04.23 00:29:17 INFO  web[AY8IzVtqegiS31z1AASH][o.s.u.c.UpdateCenter] The plugin 'flex' version : 2.7.0.2865 has not been found on the update center.
2024.04.23 00:29:17 INFO  web[AY8IzVtqegiS31z1AASH][o.s.u.c.UpdateCenter] The plugin 'go' version : 1.11.0.3905 has not been found on the update center.
2024.04.23 00:29:17 INFO  web[AY8IzVtqegiS31z1AASH][o.s.u.c.UpdateCenter] The plugin 'iac' version : 1.9.2.2279 has not been found on the update center.
2024.04.23 00:29:17 INFO  web[AY8IzVtqegiS31z1AASH][o.s.u.c.UpdateCenter] The plugin 'jacoco' version : 1.1.1.1157 has not been found on the update center.
2024.04.23 00:29:17 INFO  web[AY8IzVtqegiS31z1AASH][o.s.u.c.UpdateCenter] The plugin 'java' version : 7.14.0.30229 has not been found on the update center.
2024.04.23 00:29:17 INFO  web[AY8IzVtqegiS31z1AASH][o.s.u.c.UpdateCenter] The plugin 'javascript' version : 9.9.0.19492 has not been found on the update center.
2024.04.23 00:29:17 INFO  web[AY8IzVtqegiS31z1AASH][o.s.u.c.UpdateCenter] The plugin 'kotlin' version : 2.10.0.1456 has not been found on the update center.
2024.04.23 00:29:17 INFO  web[AY8IzVtqegiS31z1AASH][o.s.u.c.UpdateCenter] The plugin 'php' version : 3.25.0.9077 has not been found on the update center.
2024.04.23 00:29:17 INFO  web[AY8IzVtqegiS31z1AASH][o.s.u.c.UpdateCenter] The plugin 'python' version : 3.19.0.10254 has not been found on the update center.
2024.04.23 00:29:17 INFO  web[AY8IzVtqegiS31z1AASH][o.s.u.c.UpdateCenter] The plugin 'ruby' version : 1.11.0.3905 has not been found on the update center.
2024.04.23 00:29:17 INFO  web[AY8IzVtqegiS31z1AASH][o.s.u.c.UpdateCenter] The plugin 'sonarscala' version : 1.11.0.3905 has not been found on the update center.
2024.04.23 00:29:17 INFO  web[AY8IzVtqegiS31z1AASH][o.s.u.c.UpdateCenter] The plugin 'text' version : 1.1.0.282 has not been found on the update center.
2024.04.23 00:29:17 INFO  web[AY8IzVtqegiS31z1AASH][o.s.u.c.UpdateCenter] The plugin 'vbnet' version : 8.46.0.54807 has not been found on the update center.
2024.04.23 00:29:17 INFO  web[AY8IzVtqegiS31z1AASH][o.s.u.c.UpdateCenter] The plugin 'web' version : 3.6.0.3106 has not been found on the update center.
2024.04.23 00:29:17 INFO  web[AY8IzVtqegiS31z1AASH][o.s.u.c.UpdateCenter] The plugin 'xml' version : 2.6.1.3686 has not been found on the update center.
2024.04.23 00:29:17 INFO  web[AY8IzVtqegiS31z1AASH][o.s.u.c.UpdateCenter] The plugin 'config' version : 1.2.0.267 has not been found on the update center.
2024.04.23 00:29:17 INFO  web[AY8IzVtqegiS31z1AASH][o.s.u.c.UpdateCenter] The plugin 'csharp' version : 8.46.0.54807 has not been found on the update center.
2024.04.23 00:29:17 INFO  web[AY8IzVtqegiS31z1AASH][o.s.u.c.UpdateCenter] The plugin 'cxx' version : 2.1.1.488 has not been found on the update center.
2024.04.23 00:29:17 INFO  web[AY8IzVtqegiS31z1AASH][o.s.u.c.UpdateCenter] The plugin 'flex' version : 2.7.0.2865 has not been found on the update center.
2024.04.23 00:29:17 INFO  web[AY8IzVtqegiS31z1AASH][o.s.u.c.UpdateCenter] The plugin 'go' version : 1.11.0.3905 has not been found on the update center.
2024.04.23 00:29:17 INFO  web[AY8IzVtqegiS31z1AASH][o.s.u.c.UpdateCenter] The plugin 'iac' version : 1.9.2.2279 has not been found on the update center.
2024.04.23 00:29:17 INFO  web[AY8IzVtqegiS31z1AASH][o.s.u.c.UpdateCenter] The plugin 'jacoco' version : 1.1.1.1157 has not been found on the update center.
2024.04.23 00:29:17 INFO  web[AY8IzVtqegiS31z1AASH][o.s.u.c.UpdateCenter] The plugin 'java' version : 7.14.0.30229 has not been found on the update center.
2024.04.23 00:29:17 INFO  web[AY8IzVtqegiS31z1AASH][o.s.u.c.UpdateCenter] The plugin 'javascript' version : 9.9.0.19492 has not been found on the update center.
2024.04.23 00:29:17 INFO  web[AY8IzVtqegiS31z1AASH][o.s.u.c.UpdateCenter] The plugin 'kotlin' version : 2.10.0.1456 has not been found on the update center.
2024.04.23 00:29:17 INFO  web[AY8IzVtqegiS31z1AASH][o.s.u.c.UpdateCenter] The plugin 'php' version : 3.25.0.9077 has not been found on the update center.
2024.04.23 00:29:17 INFO  web[AY8IzVtqegiS31z1AASH][o.s.u.c.UpdateCenter] The plugin 'python' version : 3.19.0.10254 has not been found on the update center.
2024.04.23 00:29:17 INFO  web[AY8IzVtqegiS31z1AASH][o.s.u.c.UpdateCenter] The plugin 'ruby' version : 1.11.0.3905 has not been found on the update center.
2024.04.23 00:29:17 INFO  web[AY8IzVtqegiS31z1AASH][o.s.u.c.UpdateCenter] The plugin 'sonarscala' version : 1.11.0.3905 has not been found on the update center.
2024.04.23 00:29:17 INFO  web[AY8IzVtqegiS31z1AASH][o.s.u.c.UpdateCenter] The plugin 'text' version : 1.1.0.282 has not been found on the update center.
2024.04.23 00:29:17 INFO  web[AY8IzVtqegiS31z1AASH][o.s.u.c.UpdateCenter] The plugin 'vbnet' version : 8.46.0.54807 has not been found on the update center.
2024.04.23 00:29:17 INFO  web[AY8IzVtqegiS31z1AASH][o.s.u.c.UpdateCenter] The plugin 'web' version : 3.6.0.3106 has not been found on the update center.
2024.04.23 00:29:17 INFO  web[AY8IzVtqegiS31z1AASH][o.s.u.c.UpdateCenter] The plugin 'xml' version : 2.6.1.3686 has not been found on the update center.
2024.04.23 00:29:17 INFO  web[AY8IzVtqegiS31z1AASH][o.s.u.c.UpdateCenter] The plugin 'config' version : 1.2.0.267 has not been found on the update center.
2024.04.23 00:29:17 INFO  web[AY8IzVtqegiS31z1AASH][o.s.u.c.UpdateCenter] The plugin 'csharp' version : 8.46.0.54807 has not been found on the update center.
2024.04.23 00:29:17 INFO  web[AY8IzVtqegiS31z1AASH][o.s.u.c.UpdateCenter] The plugin 'cxx' version : 2.1.1.488 has not been found on the update center.
2024.04.23 00:29:17 INFO  web[AY8IzVtqegiS31z1AASH][o.s.u.c.UpdateCenter] The plugin 'flex' version : 2.7.0.2865 has not been found on the update center.
2024.04.23 00:29:17 INFO  web[AY8IzVtqegiS31z1AASH][o.s.u.c.UpdateCenter] The plugin 'go' version : 1.11.0.3905 has not been found on the update center.
2024.04.23 00:29:17 INFO  web[AY8IzVtqegiS31z1AASH][o.s.u.c.UpdateCenter] The plugin 'iac' version : 1.9.2.2279 has not been found on the update center.
2024.04.23 00:29:17 INFO  web[AY8IzVtqegiS31z1AASH][o.s.u.c.UpdateCenter] The plugin 'jacoco' version : 1.1.1.1157 has not been found on the update center.
2024.04.23 00:29:17 INFO  web[AY8IzVtqegiS31z1AASH][o.s.u.c.UpdateCenter] The plugin 'java' version : 7.14.0.30229 has not been found on the update center.
2024.04.23 00:29:17 INFO  web[AY8IzVtqegiS31z1AASH][o.s.u.c.UpdateCenter] The plugin 'javascript' version : 9.9.0.19492 has not been found on the update center.
2024.04.23 00:29:17 INFO  web[AY8IzVtqegiS31z1AASH][o.s.u.c.UpdateCenter] The plugin 'kotlin' version : 2.10.0.1456 has not been found on the update center.
2024.04.23 00:29:17 INFO  web[AY8IzVtqegiS31z1AASH][o.s.u.c.UpdateCenter] The plugin 'php' version : 3.25.0.9077 has not been found on the update center.
2024.04.23 00:29:17 INFO  web[AY8IzVtqegiS31z1AASH][o.s.u.c.UpdateCenter] The plugin 'python' version : 3.19.0.10254 has not been found on the update center.
2024.04.23 00:29:17 INFO  web[AY8IzVtqegiS31z1AASH][o.s.u.c.UpdateCenter] The plugin 'ruby' version : 1.11.0.3905 has not been found on the update center.
2024.04.23 00:29:17 INFO  web[AY8IzVtqegiS31z1AASH][o.s.u.c.UpdateCenter] The plugin 'sonarscala' version : 1.11.0.3905 has not been found on the update center.
2024.04.23 00:29:17 INFO  web[AY8IzVtqegiS31z1AASH][o.s.u.c.UpdateCenter] The plugin 'text' version : 1.1.0.282 has not been found on the update center.
2024.04.23 00:29:17 INFO  web[AY8IzVtqegiS31z1AASH][o.s.u.c.UpdateCenter] The plugin 'vbnet' version : 8.46.0.54807 has not been found on the update center.
2024.04.23 00:29:17 INFO  web[AY8IzVtqegiS31z1AASH][o.s.u.c.UpdateCenter] The plugin 'web' version : 3.6.0.3106 has not been found on the update center.
2024.04.23 00:29:17 INFO  web[AY8IzVtqegiS31z1AASH][o.s.u.c.UpdateCenter] The plugin 'xml' version : 2.6.1.3686 has not been found on the update center.
2024.04.23 00:29:17 INFO  web[AY8IzVtqegiS31z1AASH][o.s.u.c.UpdateCenter] The plugin 'config' version : 1.2.0.267 has not been found on the update center.
2024.04.23 00:29:17 INFO  web[AY8IzVtqegiS31z1AASH][o.s.u.c.UpdateCenter] The plugin 'csharp' version : 8.46.0.54807 has not been found on the update center.
2024.04.23 00:29:17 INFO  web[AY8IzVtqegiS31z1AASH][o.s.u.c.UpdateCenter] The plugin 'cxx' version : 2.1.1.488 has not been found on the update center.
2024.04.23 00:29:17 INFO  web[AY8IzVtqegiS31z1AASH][o.s.u.c.UpdateCenter] The plugin 'flex' version : 2.7.0.2865 has not been found on the update center.
2024.04.23 00:29:17 INFO  web[AY8IzVtqegiS31z1AASH][o.s.u.c.UpdateCenter] The plugin 'go' version : 1.11.0.3905 has not been found on the update center.
2024.04.23 00:29:17 INFO  web[AY8IzVtqegiS31z1AASH][o.s.u.c.UpdateCenter] The plugin 'iac' version : 1.9.2.2279 has not been found on the update center.
2024.04.23 00:29:17 INFO  web[AY8IzVtqegiS31z1AASH][o.s.u.c.UpdateCenter] The plugin 'jacoco' version : 1.1.1.1157 has not been found on the update center.
2024.04.23 00:29:17 INFO  web[AY8IzVtqegiS31z1AASH][o.s.u.c.UpdateCenter] The plugin 'java' version : 7.14.0.30229 has not been found on the update center.
2024.04.23 00:29:17 INFO  web[AY8IzVtqegiS31z1AASH][o.s.u.c.UpdateCenter] The plugin 'javascript' version : 9.9.0.19492 has not been found on the update center.
2024.04.23 00:29:17 INFO  web[AY8IzVtqegiS31z1AASH][o.s.u.c.UpdateCenter] The plugin 'kotlin' version : 2.10.0.1456 has not been found on the update center.
2024.04.23 00:29:17 INFO  web[AY8IzVtqegiS31z1AASH][o.s.u.c.UpdateCenter] The plugin 'php' version : 3.25.0.9077 has not been found on the update center.
2024.04.23 00:29:17 INFO  web[AY8IzVtqegiS31z1AASH][o.s.u.c.UpdateCenter] The plugin 'python' version : 3.19.0.10254 has not been found on the update center.
2024.04.23 00:29:17 INFO  web[AY8IzVtqegiS31z1AASH][o.s.u.c.UpdateCenter] The plugin 'ruby' version : 1.11.0.3905 has not been found on the update center.
2024.04.23 00:29:17 INFO  web[AY8IzVtqegiS31z1AASH][o.s.u.c.UpdateCenter] The plugin 'sonarscala' version : 1.11.0.3905 has not been found on the update center.
2024.04.23 00:29:17 INFO  web[AY8IzVtqegiS31z1AASH][o.s.u.c.UpdateCenter] The plugin 'text' version : 1.1.0.282 has not been found on the update center.
2024.04.23 00:29:17 INFO  web[AY8IzVtqegiS31z1AASH][o.s.u.c.UpdateCenter] The plugin 'vbnet' version : 8.46.0.54807 has not been found on the update center.
2024.04.23 00:29:17 INFO  web[AY8IzVtqegiS31z1AASH][o.s.u.c.UpdateCenter] The plugin 'web' version : 3.6.0.3106 has not been found on the update center.
2024.04.23 00:29:17 INFO  web[AY8IzVtqegiS31z1AASH][o.s.u.c.UpdateCenter] The plugin 'xml' version : 2.6.1.3686 has not been found on the update center.
2024.04.23 00:29:17 INFO  web[AY8IzVtqegiS31z1AASH][o.s.u.c.UpdateCenter] The plugin 'config' version : 1.2.0.267 has not been found on the update center.
2024.04.23 00:29:17 INFO  web[AY8IzVtqegiS31z1AASH][o.s.u.c.UpdateCenter] The plugin 'csharp' version : 8.46.0.54807 has not been found on the update center.
2024.04.23 00:29:17 INFO  web[AY8IzVtqegiS31z1AASH][o.s.u.c.UpdateCenter] The plugin 'cxx' version : 2.1.1.488 has not been found on the update center.
2024.04.23 00:29:17 INFO  web[AY8IzVtqegiS31z1AASH][o.s.u.c.UpdateCenter] The plugin 'flex' version : 2.7.0.2865 has not been found on the update center.
2024.04.23 00:29:17 INFO  web[AY8IzVtqegiS31z1AASH][o.s.u.c.UpdateCenter] The plugin 'go' version : 1.11.0.3905 has not been found on the update center.
2024.04.23 00:29:17 INFO  web[AY8IzVtqegiS31z1AASH][o.s.u.c.UpdateCenter] The plugin 'iac' version : 1.9.2.2279 has not been found on the update center.
2024.04.23 00:29:17 INFO  web[AY8IzVtqegiS31z1AASH][o.s.u.c.UpdateCenter] The plugin 'jacoco' version : 1.1.1.1157 has not been found on the update center.
2024.04.23 00:29:17 INFO  web[AY8IzVtqegiS31z1AASH][o.s.u.c.UpdateCenter] The plugin 'java' version : 7.14.0.30229 has not been found on the update center.
2024.04.23 00:29:17 INFO  web[AY8IzVtqegiS31z1AASH][o.s.u.c.UpdateCenter] The plugin 'javascript' version : 9.9.0.19492 has not been found on the update center.
2024.04.23 00:29:17 INFO  web[AY8IzVtqegiS31z1AASH][o.s.u.c.UpdateCenter] The plugin 'kotlin' version : 2.10.0.1456 has not been found on the update center.
2024.04.23 00:29:17 INFO  web[AY8IzVtqegiS31z1AASH][o.s.u.c.UpdateCenter] The plugin 'php' version : 3.25.0.9077 has not been found on the update center.
2024.04.23 00:29:17 INFO  web[AY8IzVtqegiS31z1AASH][o.s.u.c.UpdateCenter] The plugin 'python' version : 3.19.0.10254 has not been found on the update center.
2024.04.23 00:29:17 INFO  web[AY8IzVtqegiS31z1AASH][o.s.u.c.UpdateCenter] The plugin 'ruby' version : 1.11.0.3905 has not been found on the update center.
2024.04.23 00:29:17 INFO  web[AY8IzVtqegiS31z1AASH][o.s.u.c.UpdateCenter] The plugin 'sonarscala' version : 1.11.0.3905 has not been found on the update center.
2024.04.23 00:29:17 INFO  web[AY8IzVtqegiS31z1AASH][o.s.u.c.UpdateCenter] The plugin 'text' version : 1.1.0.282 has not been found on the update center.
2024.04.23 00:29:17 INFO  web[AY8IzVtqegiS31z1AASH][o.s.u.c.UpdateCenter] The plugin 'vbnet' version : 8.46.0.54807 has not been found on the update center.
2024.04.23 00:29:17 INFO  web[AY8IzVtqegiS31z1AASH][o.s.u.c.UpdateCenter] The plugin 'web' version : 3.6.0.3106 has not been found on the update center.
2024.04.23 00:29:17 INFO  web[AY8IzVtqegiS31z1AASH][o.s.u.c.UpdateCenter] The plugin 'xml' version : 2.6.1.3686 has not been found on the update center.
2024.04.23 00:29:17 INFO  web[AY8IzVtqegiS31z1AASH][o.s.u.c.UpdateCenter] The plugin 'config' version : 1.2.0.267 has not been found on the update center.
2024.04.23 00:29:17 INFO  web[AY8IzVtqegiS31z1AASH][o.s.u.c.UpdateCenter] The plugin 'csharp' version : 8.46.0.54807 has not been found on the update center.
2024.04.23 00:29:17 INFO  web[AY8IzVtqegiS31z1AASH][o.s.u.c.UpdateCenter] The plugin 'cxx' version : 2.1.1.488 has not been found on the update center.
2024.04.23 00:29:17 INFO  web[AY8IzVtqegiS31z1AASH][o.s.u.c.UpdateCenter] The plugin 'flex' version : 2.7.0.2865 has not been found on the update center.
2024.04.23 00:29:17 INFO  web[AY8IzVtqegiS31z1AASH][o.s.u.c.UpdateCenter] The plugin 'go' version : 1.11.0.3905 has not been found on the update center.
2024.04.23 00:29:17 INFO  web[AY8IzVtqegiS31z1AASH][o.s.u.c.UpdateCenter] The plugin 'iac' version : 1.9.2.2279 has not been found on the update center.
2024.04.23 00:29:17 INFO  web[AY8IzVtqegiS31z1AASH][o.s.u.c.UpdateCenter] The plugin 'jacoco' version : 1.1.1.1157 has not been found on the update center.
2024.04.23 00:29:17 INFO  web[AY8IzVtqegiS31z1AASH][o.s.u.c.UpdateCenter] The plugin 'java' version : 7.14.0.30229 has not been found on the update center.
2024.04.23 00:29:17 INFO  web[AY8IzVtqegiS31z1AASH][o.s.u.c.UpdateCenter] The plugin 'javascript' version : 9.9.0.19492 has not been found on the update center.
2024.04.23 00:29:17 INFO  web[AY8IzVtqegiS31z1AASH][o.s.u.c.UpdateCenter] The plugin 'kotlin' version : 2.10.0.1456 has not been found on the update center.
2024.04.23 00:29:17 INFO  web[AY8IzVtqegiS31z1AASH][o.s.u.c.UpdateCenter] The plugin 'php' version : 3.25.0.9077 has not been found on the update center.
2024.04.23 00:29:17 INFO  web[AY8IzVtqegiS31z1AASH][o.s.u.c.UpdateCenter] The plugin 'python' version : 3.19.0.10254 has not been found on the update center.
2024.04.23 00:29:17 INFO  web[AY8IzVtqegiS31z1AASH][o.s.u.c.UpdateCenter] The plugin 'ruby' version : 1.11.0.3905 has not been found on the update center.
2024.04.23 00:29:17 INFO  web[AY8IzVtqegiS31z1AASH][o.s.u.c.UpdateCenter] The plugin 'sonarscala' version : 1.11.0.3905 has not been found on the update center.
2024.04.23 00:29:17 INFO  web[AY8IzVtqegiS31z1AASH][o.s.u.c.UpdateCenter] The plugin 'text' version : 1.1.0.282 has not been found on the update center.
2024.04.23 00:29:17 INFO  web[AY8IzVtqegiS31z1AASH][o.s.u.c.UpdateCenter] The plugin 'vbnet' version : 8.46.0.54807 has not been found on the update center.
2024.04.23 00:29:17 INFO  web[AY8IzVtqegiS31z1AASH][o.s.u.c.UpdateCenter] The plugin 'web' version : 3.6.0.3106 has not been found on the update center.
2024.04.23 00:29:17 INFO  web[AY8IzVtqegiS31z1AASH][o.s.u.c.UpdateCenter] The plugin 'xml' version : 2.6.1.3686 has not been found on the update center.
2024.04.23 00:29:17 INFO  web[AY8IzVtqegiS31z1AASH][o.s.u.c.UpdateCenter] The plugin 'config' version : 1.2.0.267 has not been found on the update center.
2024.04.23 00:29:17 INFO  web[AY8IzVtqegiS31z1AASH][o.s.u.c.UpdateCenter] The plugin 'csharp' version : 8.46.0.54807 has not been found on the update center.
2024.04.23 00:29:17 INFO  web[AY8IzVtqegiS31z1AASH][o.s.u.c.UpdateCenter] The plugin 'cxx' version : 2.1.1.488 has not been found on the update center.
2024.04.23 00:29:17 INFO  web[AY8IzVtqegiS31z1AASH][o.s.u.c.UpdateCenter] The plugin 'flex' version : 2.7.0.2865 has not been found on the update center.
2024.04.23 00:29:17 INFO  web[AY8IzVtqegiS31z1AASH][o.s.u.c.UpdateCenter] The plugin 'go' version : 1.11.0.3905 has not been found on the update center.
2024.04.23 00:29:17 INFO  web[AY8IzVtqegiS31z1AASH][o.s.u.c.UpdateCenter] The plugin 'iac' version : 1.9.2.2279 has not been found on the update center.
2024.04.23 00:29:17 INFO  web[AY8IzVtqegiS31z1AASH][o.s.u.c.UpdateCenter] The plugin 'jacoco' version : 1.1.1.1157 has not been found on the update center.
2024.04.23 00:29:17 INFO  web[AY8IzVtqegiS31z1AASH][o.s.u.c.UpdateCenter] The plugin 'java' version : 7.14.0.30229 has not been found on the update center.
2024.04.23 00:29:17 INFO  web[AY8IzVtqegiS31z1AASH][o.s.u.c.UpdateCenter] The plugin 'javascript' version : 9.9.0.19492 has not been found on the update center.
2024.04.23 00:29:17 INFO  web[AY8IzVtqegiS31z1AASH][o.s.u.c.UpdateCenter] The plugin 'kotlin' version : 2.10.0.1456 has not been found on the update center.
2024.04.23 00:29:17 INFO  web[AY8IzVtqegiS31z1AASH][o.s.u.c.UpdateCenter] The plugin 'php' version : 3.25.0.9077 has not been found on the update center.
2024.04.23 00:29:17 INFO  web[AY8IzVtqegiS31z1AASH][o.s.u.c.UpdateCenter] The plugin 'python' version : 3.19.0.10254 has not been found on the update center.
2024.04.23 00:29:17 INFO  web[AY8IzVtqegiS31z1AASH][o.s.u.c.UpdateCenter] The plugin 'ruby' version : 1.11.0.3905 has not been found on the update center.
2024.04.23 00:29:17 INFO  web[AY8IzVtqegiS31z1AASH][o.s.u.c.UpdateCenter] The plugin 'sonarscala' version : 1.11.0.3905 has not been found on the update center.
2024.04.23 00:29:17 INFO  web[AY8IzVtqegiS31z1AASH][o.s.u.c.UpdateCenter] The plugin 'text' version : 1.1.0.282 has not been found on the update center.
2024.04.23 00:29:17 INFO  web[AY8IzVtqegiS31z1AASH][o.s.u.c.UpdateCenter] The plugin 'vbnet' version : 8.46.0.54807 has not been found on the update center.
2024.04.23 00:29:17 INFO  web[AY8IzVtqegiS31z1AASH][o.s.u.c.UpdateCenter] The plugin 'web' version : 3.6.0.3106 has not been found on the update center.
2024.04.23 00:29:17 INFO  web[AY8IzVtqegiS31z1AASH][o.s.u.c.UpdateCenter] The plugin 'xml' version : 2.6.1.3686 has not been found on the update center.
2024.04.23 00:29:17 INFO  web[AY8IzVtqegiS31z1AASH][o.s.u.c.UpdateCenter] The plugin 'config' version : 1.2.0.267 has not been found on the update center.
2024.04.23 00:29:17 INFO  web[AY8IzVtqegiS31z1AASH][o.s.u.c.UpdateCenter] The plugin 'csharp' version : 8.46.0.54807 has not been found on the update center.
2024.04.23 00:29:17 INFO  web[AY8IzVtqegiS31z1AASH][o.s.u.c.UpdateCenter] The plugin 'cxx' version : 2.1.1.488 has not been found on the update center.
2024.04.23 00:29:17 INFO  web[AY8IzVtqegiS31z1AASH][o.s.u.c.UpdateCenter] The plugin 'flex' version : 2.7.0.2865 has not been found on the update center.
2024.04.23 00:29:17 INFO  web[AY8IzVtqegiS31z1AASH][o.s.u.c.UpdateCenter] The plugin 'go' version : 1.11.0.3905 has not been found on the update center.
2024.04.23 00:29:17 INFO  web[AY8IzVtqegiS31z1AASH][o.s.u.c.UpdateCenter] The plugin 'iac' version : 1.9.2.2279 has not been found on the update center.
2024.04.23 00:29:17 INFO  web[AY8IzVtqegiS31z1AASH][o.s.u.c.UpdateCenter] The plugin 'jacoco' version : 1.1.1.1157 has not been found on the update center.
2024.04.23 00:29:17 INFO  web[AY8IzVtqegiS31z1AASH][o.s.u.c.UpdateCenter] The plugin 'java' version : 7.14.0.30229 has not been found on the update center.
2024.04.23 00:29:17 INFO  web[AY8IzVtqegiS31z1AASH][o.s.u.c.UpdateCenter] The plugin 'javascript' version : 9.9.0.19492 has not been found on the update center.
2024.04.23 00:29:17 INFO  web[AY8IzVtqegiS31z1AASH][o.s.u.c.UpdateCenter] The plugin 'kotlin' version : 2.10.0.1456 has not been found on the update center.
2024.04.23 00:29:17 INFO  web[AY8IzVtqegiS31z1AASH][o.s.u.c.UpdateCenter] The plugin 'php' version : 3.25.0.9077 has not been found on the update center.
2024.04.23 00:29:17 INFO  web[AY8IzVtqegiS31z1AASH][o.s.u.c.UpdateCenter] The plugin 'python' version : 3.19.0.10254 has not been found on the update center.
2024.04.23 00:29:17 INFO  web[AY8IzVtqegiS31z1AASH][o.s.u.c.UpdateCenter] The plugin 'ruby' version : 1.11.0.3905 has not been found on the update center.
2024.04.23 00:29:17 INFO  web[AY8IzVtqegiS31z1AASH][o.s.u.c.UpdateCenter] The plugin 'sonarscala' version : 1.11.0.3905 has not been found on the update center.
2024.04.23 00:29:17 INFO  web[AY8IzVtqegiS31z1AASH][o.s.u.c.UpdateCenter] The plugin 'text' version : 1.1.0.282 has not been found on the update center.
2024.04.23 00:29:17 INFO  web[AY8IzVtqegiS31z1AASH][o.s.u.c.UpdateCenter] The plugin 'vbnet' version : 8.46.0.54807 has not been found on the update center.
2024.04.23 00:29:17 INFO  web[AY8IzVtqegiS31z1AASH][o.s.u.c.UpdateCenter] The plugin 'web' version : 3.6.0.3106 has not been found on the update center.
2024.04.23 00:29:17 INFO  web[AY8IzVtqegiS31z1AASH][o.s.u.c.UpdateCenter] The plugin 'xml' version : 2.6.1.3686 has not been found on the update center.
2024.04.23 00:29:17 INFO  web[AY8IzVtqegiS31z1AASH][o.s.u.c.UpdateCenter] The plugin 'config' version : 1.2.0.267 has not been found on the update center.
2024.04.23 00:29:17 INFO  web[AY8IzVtqegiS31z1AASH][o.s.u.c.UpdateCenter] The plugin 'csharp' version : 8.46.0.54807 has not been found on the update center.
2024.04.23 00:29:17 INFO  web[AY8IzVtqegiS31z1AASH][o.s.u.c.UpdateCenter] The plugin 'cxx' version : 2.1.1.488 has not been found on the update center.
2024.04.23 00:29:17 INFO  web[AY8IzVtqegiS31z1AASH][o.s.u.c.UpdateCenter] The plugin 'flex' version : 2.7.0.2865 has not been found on the update center.
2024.04.23 00:29:17 INFO  web[AY8IzVtqegiS31z1AASH][o.s.u.c.UpdateCenter] The plugin 'go' version : 1.11.0.3905 has not been found on the update center.
2024.04.23 00:29:17 INFO  web[AY8IzVtqegiS31z1AASH][o.s.u.c.UpdateCenter] The plugin 'iac' version : 1.9.2.2279 has not been found on the update center.
2024.04.23 00:29:17 INFO  web[AY8IzVtqegiS31z1AASH][o.s.u.c.UpdateCenter] The plugin 'jacoco' version : 1.1.1.1157 has not been found on the update center.
2024.04.23 00:29:17 INFO  web[AY8IzVtqegiS31z1AASH][o.s.u.c.UpdateCenter] The plugin 'java' version : 7.14.0.30229 has not been found on the update center.
2024.04.23 00:29:17 INFO  web[AY8IzVtqegiS31z1AASH][o.s.u.c.UpdateCenter] The plugin 'javascript' version : 9.9.0.19492 has not been found on the update center.
2024.04.23 00:29:17 INFO  web[AY8IzVtqegiS31z1AASH][o.s.u.c.UpdateCenter] The plugin 'kotlin' version : 2.10.0.1456 has not been found on the update center.
2024.04.23 00:29:17 INFO  web[AY8IzVtqegiS31z1AASH][o.s.u.c.UpdateCenter] The plugin 'php' version : 3.25.0.9077 has not been found on the update center.
2024.04.23 00:29:17 INFO  web[AY8IzVtqegiS31z1AASH][o.s.u.c.UpdateCenter] The plugin 'python' version : 3.19.0.10254 has not been found on the update center.
2024.04.23 00:29:17 INFO  web[AY8IzVtqegiS31z1AASH][o.s.u.c.UpdateCenter] The plugin 'ruby' version : 1.11.0.3905 has not been found on the update center.
2024.04.23 00:29:17 INFO  web[AY8IzVtqegiS31z1AASH][o.s.u.c.UpdateCenter] The plugin 'sonarscala' version : 1.11.0.3905 has not been found on the update center.
2024.04.23 00:29:17 INFO  web[AY8IzVtqegiS31z1AASH][o.s.u.c.UpdateCenter] The plugin 'text' version : 1.1.0.282 has not been found on the update center.
2024.04.23 00:29:17 INFO  web[AY8IzVtqegiS31z1AASH][o.s.u.c.UpdateCenter] The plugin 'vbnet' version : 8.46.0.54807 has not been found on the update center.
2024.04.23 00:29:17 INFO  web[AY8IzVtqegiS31z1AASH][o.s.u.c.UpdateCenter] The plugin 'web' version : 3.6.0.3106 has not been found on the update center.
2024.04.23 00:29:17 INFO  web[AY8IzVtqegiS31z1AASH][o.s.u.c.UpdateCenter] The plugin 'xml' version : 2.6.1.3686 has not been found on the update center.
2024.04.23 00:30:47 INFO  web[][o.s.p.ProcessEntryPoint] Gracefully stopping process
2024.04.23 00:30:47 INFO  web[][o.s.s.n.NotificationDaemon] Notification service stopped
2024.04.23 00:30:47 INFO  web[][c.z.h.HikariDataSource] HikariPool-1 - Shutdown initiated...
2024.04.23 00:30:47 INFO  web[][c.z.h.HikariDataSource] HikariPool-1 - Shutdown completed.
2024.04.23 00:30:47 WARN  web[][o.a.c.l.WebappClassLoaderBase] The web application [ROOT] appears to have started a thread named [logback-4] but has failed to stop it. This is very likely to create a memory leak. Stack trace of thread:\n java.base@11.0.15/jdk.internal.misc.Unsafe.park(Native Method)\n java.base@11.0.15/java.util.concurrent.locks.LockSupport.park(LockSupport.java:194)\n java.base@11.0.15/java.util.concurrent.locks.AbstractQueuedSynchronizer$ConditionObject.await(AbstractQueuedSynchronizer.java:2081)\n java.base@11.0.15/java.util.concurrent.ScheduledThreadPoolExecutor$DelayedWorkQueue.take(ScheduledThreadPoolExecutor.java:1170)\n java.base@11.0.15/java.util.concurrent.ScheduledThreadPoolExecutor$DelayedWorkQueue.take(ScheduledThreadPoolExecutor.java:899)\n java.base@11.0.15/java.util.concurrent.ThreadPoolExecutor.getTask(ThreadPoolExecutor.java:1054)\n java.base@11.0.15/java.util.concurrent.ThreadPoolExecutor.runWorker(ThreadPoolExecutor.java:1114)\n java.base@11.0.15/java.util.concurrent.ThreadPoolExecutor$Worker.run(ThreadPoolExecutor.java:628)\n java.base@11.0.15/java.lang.Thread.run(Thread.java:829)
2024.04.23 00:30:47 INFO  web[][o.s.s.app.WebServer] Web Server stopped
